#
# There is insufficient memory for the Java Runtime Environment to continue.
# Native memory allocation (mmap) failed to map 120061952 bytes for committing reserved memory.
# Possible reasons:
#   The system is out of physical RAM or swap space
#   In 32 bit mode, the process size limit was hit
# Possible solutions:
#   Reduce memory load on the system
#   Increase physical memory or swap space
#   Check if swap backing store is full
#   Use 64 bit Java on a 64 bit OS
#   Decrease Java heap size (-Xmx/-Xms)
#   Decrease number of Java threads
#   Decrease Java thread stack sizes (-Xss)
#   Set larger code cache with -XX:ReservedCodeCacheSize=
# This output file may be truncated or incomplete.
#
#  Out of Memory Error (os_linux.cpp:2640), pid=15838, tid=0x00007f5aa4461700
#
# JRE version: Java(TM) SE Runtime Environment (8.0_171-b11) (build 1.8.0_171-b11)
# Java VM: Java HotSpot(TM) 64-Bit Server VM (25.171-b11 mixed mode linux-amd64 compressed oops)
# Failed to write core dump. Core dumps have been disabled. To enable core dumping, try "ulimit -c unlimited" before starting Java again
#

---------------  T H R E A D  ---------------

Current thread (0x00007f5ab8076000):  VMThread [stack: 0x00007f5aa4361000,0x00007f5aa4462000] [id=15849]

Stack: [0x00007f5aa4361000,0x00007f5aa4462000],  sp=0x00007f5aa4460220,  free space=1020k
Native frames: (J=compiled Java code, j=interpreted, Vv=VM code, C=native code)
V  [libjvm.so+0xacfffa]  VMError::report_and_die()+0x2ba
V  [libjvm.so+0x5005cb]  report_vm_out_of_memory(char const*, int, unsigned long, VMErrorType, char const*)+0x8b
V  [libjvm.so+0x92dd93]  os::Linux::commit_memory_impl(char*, unsigned long, bool)+0x123
V  [libjvm.so+0x92dfb9]  os::pd_commit_memory(char*, unsigned long, unsigned long, bool)+0x29
V  [libjvm.so+0x92527a]  os::commit_memory(char*, unsigned long, unsigned long, bool)+0x2a
V  [libjvm.so+0x99b223]  PSVirtualSpace::expand_by(unsigned long)+0x53
V  [libjvm.so+0x99c628]  PSYoungGen::resize_generation(unsigned long, unsigned long)+0xf8
V  [libjvm.so+0x99b782]  PSYoungGen::resize(unsigned long, unsigned long)+0x22
V  [libjvm.so+0x998a5b]  PSScavenge::invoke_no_policy()+0xf3b
V  [libjvm.so+0x9991e1]  PSScavenge::invoke()+0x41
V  [libjvm.so+0x94fcb0]  ParallelScavengeHeap::failed_mem_allocate(unsigned long)+0x70
V  [libjvm.so+0xad1a77]  VM_ParallelGCFailedAllocation::doit()+0x97
V  [libjvm.so+0xad9595]  VM_Operation::evaluate()+0x55
V  [libjvm.so+0xad795a]  VMThread::evaluate_operation(VM_Operation*)+0xba
V  [libjvm.so+0xad7cde]  VMThread::loop()+0x1ce
V  [libjvm.so+0xad8150]  VMThread::run()+0x70
V  [libjvm.so+0x92e0f8]  java_start(Thread*)+0x108

VM_Operation (0x00007f5ac0650df0): ParallelGCFailedAllocation, mode: safepoint, requested by thread 0x00007f5ab8008000


---------------  P R O C E S S  ---------------

Java Threads: ( => current thread )
  0x00007f5a4c005800 JavaThread "J3D-Renderer-1" [_thread_blocked, id=15864, stack(0x00007f5a6298f000,0x00007f5a62a90000)]
  0x00007f5ab8257000 JavaThread "J3D-MasterControl-1" [_thread_blocked, id=15863, stack(0x00007f5a62a90000,0x00007f5a62b91000)]
  0x00007f5ab8256000 JavaThread "J3D-NotificationThread" [_thread_blocked, id=15862, stack(0x00007f5a62b91000,0x00007f5a62c92000)]
  0x00007f5ab828c000 JavaThread "J3D-TimerThread" [_thread_blocked, id=15861, stack(0x00007f5a62c92000,0x00007f5a62d93000)]
  0x00007f5ab828b000 JavaThread "J3D-RenderingAttributesStructureUpdateThread" [_thread_blocked, id=15860, stack(0x00007f5a8c0b1000,0x00007f5a8c1b2000)]
  0x00007f5ab820e000 JavaThread "AWT-XAWT" daemon [_thread_blocked, id=15859, stack(0x00007f5a8d6bf000,0x00007f5a8d7c0000)]
  0x00007f5ab81e6800 JavaThread "Java2D Disposer" daemon [_thread_blocked, id=15858, stack(0x00007f5a8dbd0000,0x00007f5a8dcd1000)]
  0x00007f5ab80bf000 JavaThread "Service Thread" daemon [_thread_blocked, id=15856, stack(0x00007f5a8f924000,0x00007f5a8fa25000)]
  0x00007f5ab80bc000 JavaThread "C1 CompilerThread2" daemon [_thread_blocked, id=15855, stack(0x00007f5a8fa25000,0x00007f5a8fb26000)]
  0x00007f5ab80ba800 JavaThread "C2 CompilerThread1" daemon [_thread_blocked, id=15854, stack(0x00007f5a8fb26000,0x00007f5a8fc27000)]
  0x00007f5ab80b7800 JavaThread "C2 CompilerThread0" daemon [_thread_blocked, id=15853, stack(0x00007f5a8fc27000,0x00007f5a8fd28000)]
  0x00007f5ab80b6000 JavaThread "Signal Dispatcher" daemon [_thread_blocked, id=15852, stack(0x00007f5aa405e000,0x00007f5aa415f000)]
  0x00007f5ab8082800 JavaThread "Finalizer" daemon [_thread_blocked, id=15851, stack(0x00007f5aa415f000,0x00007f5aa4260000)]
  0x00007f5ab807e000 JavaThread "Reference Handler" daemon [_thread_blocked, id=15850, stack(0x00007f5aa4260000,0x00007f5aa4361000)]
  0x00007f5ab8008000 JavaThread "main" [_thread_blocked, id=15840, stack(0x00007f5ac0552000,0x00007f5ac0653000)]

Other Threads:
=>0x00007f5ab8076000 VMThread [stack: 0x00007f5aa4361000,0x00007f5aa4462000] [id=15849]
  0x00007f5ab80c4000 WatcherThread [stack: 0x00007f5a8f823000,0x00007f5a8f924000] [id=15857]

VM state:at safepoint (normal execution)

VM Mutex/Monitor currently owned by a thread:  ([mutex/lock_event])
[0x00007f5ab8006a60] Threads_lock - owner thread: 0x00007f5ab8076000
[0x00007f5ab8006f60] Heap_lock - owner thread: 0x00007f5ab8008000

Heap:
 PSYoungGen      total 331776K, used 160756K [0x00000000d6f80000, 0x00000000f8d80000, 0x0000000100000000)
  eden space 171008K, 0% used [0x00000000d6f80000,0x00000000d6f80000,0x00000000e1680000)
  from space 160768K, 99% used [0x00000000ef080000,0x00000000f8d7d348,0x00000000f8d80000)
  to   space 105984K, 0% used [0x00000000e1680000,0x00000000e1680000,0x00000000e7e00000)
 ParOldGen       total 302592K, used 254202K [0x0000000084e00000, 0x0000000097580000, 0x00000000d6f80000)
  object space 302592K, 84% used [0x0000000084e00000,0x000000009463ea40,0x0000000097580000)
 Metaspace       used 12241K, capacity 12460K, committed 12672K, reserved 1060864K
  class space    used 1296K, capacity 1384K, committed 1408K, reserved 1048576K

Card table byte_map: [0x00007f5abd75f000,0x00007f5abdb39000] byte_map_base: 0x00007f5abd338000

Marking Bits: (ParMarkBitMap*) 0x00007f5abfa31280
 Begin Bits: [0x00007f5aa5270000, 0x00007f5aa7138000)
 End Bits:   [0x00007f5aa7138000, 0x00007f5aa9000000)

Polling page: 0x00007f5ac0683000

CodeCache: size=245760Kb used=6354Kb max_used=6374Kb free=239405Kb
 bounds [0x00007f5aa9000000, 0x00007f5aa9640000, 0x00007f5ab8000000]
 total_blobs=1594 nmethods=966 adapters=542
 compilation: enabled

Compilation events (10 events):
Event: 3.353 Thread 0x00007f5ab80bc000  968       3       javax.media.j3d.GeometryArrayRetained::setLive (118 bytes)
Event: 3.354 Thread 0x00007f5ab80bc000 nmethod 968 0x00007f5aa9616b50 code [0x00007f5aa9616de0, 0x00007f5aa9618468]
Event: 3.354 Thread 0x00007f5ab80bc000  971   !   3       javax.media.j3d.GeometryArrayRetained::computeBoundingBox (288 bytes)
Event: 3.356 Thread 0x00007f5ab80bc000 nmethod 971 0x00007f5aa962cd90 code [0x00007f5aa962cf60, 0x00007f5aa962d978]
Event: 3.356 Thread 0x00007f5ab80bc000  970   !   3       javax.media.j3d.GeometryRetained::addUser (137 bytes)
Event: 3.358 Thread 0x00007f5ab80bc000 nmethod 970 0x00007f5aa962e210 code [0x00007f5aa962e5c0, 0x00007f5aa9630678]
Event: 3.358 Thread 0x00007f5ab80bc000  969       3       javax.media.j3d.GeometryArrayRetained::computeBoundingBox (287 bytes)
Event: 3.359 Thread 0x00007f5ab80bc000 nmethod 969 0x00007f5aa962ac50 code [0x00007f5aa962af40, 0x00007f5aa962c648]
Event: 3.359 Thread 0x00007f5ab80b7800 nmethod 942 0x00007f5aa9632290 code [0x00007f5aa9632800, 0x00007f5aa9637df0]
Event: 3.362 Thread 0x00007f5ab80ba800 nmethod 967 0x00007f5aa9627b10 code [0x00007f5aa9627ca0, 0x00007f5aa96286d8]

GC Heap History (10 events):
Event: 1.587 GC heap after
Heap after GC invocations=5 (full 1):
 PSYoungGen      total 132096K, used 0K [0x00000000d6f80000, 0x00000000df580000, 0x0000000100000000)
  eden space 126976K, 0% used [0x00000000d6f80000,0x00000000d6f80000,0x00000000deb80000)
  from space 5120K, 0% used [0x00000000df080000,0x00000000df080000,0x00000000df580000)
  to   space 5120K, 0% used [0x00000000deb80000,0x00000000deb80000,0x00000000df080000)
 ParOldGen       total 159744K, used 67729K [0x0000000084e00000, 0x000000008ea00000, 0x00000000d6f80000)
  object space 159744K, 42% used [0x0000000084e00000,0x00000000890244c0,0x000000008ea00000)
 Metaspace       used 11276K, capacity 11564K, committed 11904K, reserved 1060864K
  class space    used 1199K, capacity 1320K, committed 1408K, reserved 1048576K
}
Event: 1.701 GC heap before
{Heap before GC invocations=6 (full 1):
 PSYoungGen      total 132096K, used 126976K [0x00000000d6f80000, 0x00000000df580000, 0x0000000100000000)
  eden space 126976K, 100% used [0x00000000d6f80000,0x00000000deb80000,0x00000000deb80000)
  from space 5120K, 0% used [0x00000000df080000,0x00000000df080000,0x00000000df580000)
  to   space 5120K, 0% used [0x00000000deb80000,0x00000000deb80000,0x00000000df080000)
 ParOldGen       total 159744K, used 67729K [0x0000000084e00000, 0x000000008ea00000, 0x00000000d6f80000)
  object space 159744K, 42% used [0x0000000084e00000,0x00000000890244c0,0x000000008ea00000)
 Metaspace       used 11337K, capacity 11564K, committed 11904K, reserved 1060864K
  class space    used 1200K, capacity 1320K, committed 1408K, reserved 1048576K
Event: 1.806 GC heap after
Heap after GC invocations=6 (full 1):
 PSYoungGen      total 132096K, used 5109K [0x00000000d6f80000, 0x00000000ee380000, 0x0000000100000000)
  eden space 126976K, 0% used [0x00000000d6f80000,0x00000000d6f80000,0x00000000deb80000)
  from space 5120K, 99% used [0x00000000deb80000,0x00000000df07d460,0x00000000df080000)
  to   space 87040K, 0% used [0x00000000e8e80000,0x00000000e8e80000,0x00000000ee380000)
 ParOldGen       total 159744K, used 147388K [0x0000000084e00000, 0x000000008ea00000, 0x00000000d6f80000)
  object space 159744K, 92% used [0x0000000084e00000,0x000000008ddef360,0x000000008ea00000)
 Metaspace       used 11337K, capacity 11564K, committed 11904K, reserved 1060864K
  class space    used 1200K, capacity 1320K, committed 1408K, reserved 1048576K
}
Event: 1.806 GC heap before
{Heap before GC invocations=7 (full 2):
 PSYoungGen      total 132096K, used 5109K [0x00000000d6f80000, 0x00000000ee380000, 0x0000000100000000)
  eden space 126976K, 0% used [0x00000000d6f80000,0x00000000d6f80000,0x00000000deb80000)
  from space 5120K, 99% used [0x00000000deb80000,0x00000000df07d460,0x00000000df080000)
  to   space 87040K, 0% used [0x00000000e8e80000,0x00000000e8e80000,0x00000000ee380000)
 ParOldGen       total 159744K, used 147388K [0x0000000084e00000, 0x000000008ea00000, 0x00000000d6f80000)
  object space 159744K, 92% used [0x0000000084e00000,0x000000008ddef360,0x000000008ea00000)
 Metaspace       used 11337K, capacity 11564K, committed 11904K, reserved 1060864K
  class space    used 1200K, capacity 1320K, committed 1408K, reserved 1048576K
Event: 2.053 GC heap after
Heap after GC invocations=7 (full 2):
 PSYoungGen      total 132096K, used 0K [0x00000000d6f80000, 0x00000000ee380000, 0x0000000100000000)
  eden space 126976K, 0% used [0x00000000d6f80000,0x00000000d6f80000,0x00000000deb80000)
  from space 5120K, 0% used [0x00000000deb80000,0x00000000deb80000,0x00000000df080000)
  to   space 87040K, 0% used [0x00000000e8e80000,0x00000000e8e80000,0x00000000ee380000)
 ParOldGen       total 302592K, used 144193K [0x0000000084e00000, 0x0000000097580000, 0x00000000d6f80000)
  object space 302592K, 47% used [0x0000000084e00000,0x000000008dad0588,0x0000000097580000)
 Metaspace       used 11337K, capacity 11564K, committed 11904K, reserved 1060864K
  class space    used 1200K, capacity 1320K, committed 1408K, reserved 1048576K
}
Event: 2.210 GC heap before
{Heap before GC invocations=8 (full 2):
 PSYoungGen      total 132096K, used 126976K [0x00000000d6f80000, 0x00000000ee380000, 0x0000000100000000)
  eden space 126976K, 100% used [0x00000000d6f80000,0x00000000deb80000,0x00000000deb80000)
  from space 5120K, 0% used [0x00000000deb80000,0x00000000deb80000,0x00000000df080000)
  to   space 87040K, 0% used [0x00000000e8e80000,0x00000000e8e80000,0x00000000ee380000)
 ParOldGen       total 302592K, used 144193K [0x0000000084e00000, 0x0000000097580000, 0x00000000d6f80000)
  object space 302592K, 47% used [0x0000000084e00000,0x000000008dad0588,0x0000000097580000)
 Metaspace       used 11369K, capacity 11628K, committed 11904K, reserved 1060864K
  class space    used 1204K, capacity 1320K, committed 1408K, reserved 1048576K
Event: 2.296 GC heap after
Heap after GC invocations=8 (full 2):
 PSYoungGen      total 258048K, used 80969K [0x00000000d6f80000, 0x00000000ee580000, 0x0000000100000000)
  eden space 171008K, 0% used [0x00000000d6f80000,0x00000000d6f80000,0x00000000e1680000)
  from space 87040K, 93% used [0x00000000e8e80000,0x00000000edd927a0,0x00000000ee380000)
  to   space 105984K, 0% used [0x00000000e1680000,0x00000000e1680000,0x00000000e7e00000)
 ParOldGen       total 302592K, used 144193K [0x0000000084e00000, 0x0000000097580000, 0x00000000d6f80000)
  object space 302592K, 47% used [0x0000000084e00000,0x000000008dad0588,0x0000000097580000)
 Metaspace       used 11369K, capacity 11628K, committed 11904K, reserved 1060864K
  class space    used 1204K, capacity 1320K, committed 1408K, reserved 1048576K
}
Event: 3.018 GC heap before
{Heap before GC invocations=9 (full 2):
 PSYoungGen      total 258048K, used 251977K [0x00000000d6f80000, 0x00000000ee580000, 0x0000000100000000)
  eden space 171008K, 100% used [0x00000000d6f80000,0x00000000e1680000,0x00000000e1680000)
  from space 87040K, 93% used [0x00000000e8e80000,0x00000000edd927a0,0x00000000ee380000)
  to   space 105984K, 0% used [0x00000000e1680000,0x00000000e1680000,0x00000000e7e00000)
 ParOldGen       total 302592K, used 144193K [0x0000000084e00000, 0x0000000097580000, 0x00000000d6f80000)
  object space 302592K, 47% used [0x0000000084e00000,0x000000008dad0588,0x0000000097580000)
 Metaspace       used 12240K, capacity 12460K, committed 12672K, reserved 1060864K
  class space    used 1296K, capacity 1384K, committed 1408K, reserved 1048576K
Event: 3.216 GC heap after
Heap after GC invocations=9 (full 2):
 PSYoungGen      total 276992K, used 105954K [0x00000000d6f80000, 0x00000000f8d80000, 0x0000000100000000)
  eden space 171008K, 0% used [0x00000000d6f80000,0x00000000d6f80000,0x00000000e1680000)
  from space 105984K, 99% used [0x00000000e1680000,0x00000000e7df8ae0,0x00000000e7e00000)
  to   space 160768K, 0% used [0x00000000ef080000,0x00000000ef080000,0x00000000f8d80000)
 ParOldGen       total 302592K, used 205297K [0x0000000084e00000, 0x0000000097580000, 0x00000000d6f80000)
  object space 302592K, 67% used [0x0000000084e00000,0x000000009167c7c8,0x0000000097580000)
 Metaspace       used 12240K, capacity 12460K, committed 12672K, reserved 1060864K
  class space    used 1296K, capacity 1384K, committed 1408K, reserved 1048576K
}
Event: 3.435 GC heap before
{Heap before GC invocations=10 (full 2):
 PSYoungGen      total 276992K, used 276962K [0x00000000d6f80000, 0x00000000f8d80000, 0x0000000100000000)
  eden space 171008K, 100% used [0x00000000d6f80000,0x00000000e1680000,0x00000000e1680000)
  from space 105984K, 99% used [0x00000000e1680000,0x00000000e7df8ae0,0x00000000e7e00000)
  to   space 160768K, 0% used [0x00000000ef080000,0x00000000ef080000,0x00000000f8d80000)
 ParOldGen       total 302592K, used 205297K [0x0000000084e00000, 0x0000000097580000, 0x00000000d6f80000)
  object space 302592K, 67% used [0x0000000084e00000,0x000000009167c7c8,0x0000000097580000)
 Metaspace       used 12241K, capacity 12460K, committed 12672K, reserved 1060864K
  class space    used 1296K, capacity 1384K, committed 1408K, reserved 1048576K

Deoptimization events (10 events):
Event: 2.692 Thread 0x00007f5ab8008000 Uncommon trap: reason=unstable_if action=reinterpret pc=0x00007f5aa92ca778 method=javax.media.j3d.TransformGroupRetained.setTransform(Ljavax/media/j3d/Transform3D;)V @ 82
Event: 2.695 Thread 0x00007f5ab8008000 Uncommon trap: reason=unstable_if action=reinterpret pc=0x00007f5aa92c0740 method=javax.media.j3d.BoundingBox.<init>(Ljavax/media/j3d/Bounds;)V @ 35
Event: 2.695 Thread 0x00007f5ab8008000 Uncommon trap: reason=unstable_if action=reinterpret pc=0x00007f5aa9269044 method=javax.media.j3d.BoundingBox.updateBoundsStates()V @ 151
Event: 2.844 Thread 0x00007f5ab8008000 Uncommon trap: reason=unstable_if action=reinterpret pc=0x00007f5aa9595d48 method=javax.media.j3d.NodeRetained.doSetLive(Ljavax/media/j3d/SetLiveState;)V @ 88
Event: 3.305 Thread 0x00007f5ab8008000 Uncommon trap: reason=unstable_if action=reinterpret pc=0x00007f5aa9601664 method=java.lang.Long.getChars(JI[C)V @ 94
Event: 3.305 Thread 0x00007f5ab8008000 Uncommon trap: reason=unstable_if action=reinterpret pc=0x00007f5aa95f0b58 method=java.lang.Long.getChars(JI[C)V @ 94
Event: 3.352 Thread 0x00007f5ab8008000 Uncommon trap: reason=unstable_if action=reinterpret pc=0x00007f5aa96126f0 method=javax.media.j3d.GeometryArrayRetained.computeBoundingBox()V @ 4
Event: 3.352 Thread 0x00007f5ab8008000 Uncommon trap: reason=unstable_if action=reinterpret pc=0x00007f5aa95ef8f0 method=javax.media.j3d.GeometryArrayRetained.computeBoundingBox(I[F)V @ 12
Event: 3.352 Thread 0x00007f5ab8008000 Uncommon trap: reason=unstable_if action=reinterpret pc=0x00007f5aa9607220 method=javax.media.j3d.GeometryRetained.incrComputeGeoBounds()V @ 22
Event: 3.352 Thread 0x00007f5ab8008000 Uncommon trap: reason=unstable_if action=reinterpret pc=0x00007f5aa96003b0 method=javax.media.j3d.GeometryArrayRetained.computeBoundingBox()V @ 4

Classes redefined (0 events):
No events

Internal exceptions (10 events):
Event: 0.027 Thread 0x00007f5ab8008000 Exception <a 'java/lang/NoSuchMethodError': Method sun.misc.Unsafe.defineClass(Ljava/lang/String;[BII)Ljava/lang/Class; name or signature does not match> (0x00000000d6f87cb0) thrown at [/HUDSON/workspace/8-2-build-linux-amd64/jdk8u171/10807/hotspot/src/sh
Event: 0.027 Thread 0x00007f5ab8008000 Exception <a 'java/lang/NoSuchMethodError': Method sun.misc.Unsafe.prefetchRead(Ljava/lang/Object;J)V name or signature does not match> (0x00000000d6f87f98) thrown at [/HUDSON/workspace/8-2-build-linux-amd64/jdk8u171/10807/hotspot/src/share/vm/prims/jni.c
Event: 0.156 Thread 0x00007f5ab8008000 Exception <a 'java/security/PrivilegedActionException'> (0x00000000d71abc18) thrown at [/HUDSON/workspace/8-2-build-linux-amd64/jdk8u171/10807/hotspot/src/share/vm/prims/jvm.cpp, line 1435]
Event: 0.156 Thread 0x00007f5ab8008000 Exception <a 'java/security/PrivilegedActionException'> (0x00000000d71abe28) thrown at [/HUDSON/workspace/8-2-build-linux-amd64/jdk8u171/10807/hotspot/src/share/vm/prims/jvm.cpp, line 1435]
Event: 0.157 Thread 0x00007f5ab8008000 Exception <a 'java/security/PrivilegedActionException'> (0x00000000d71ae290) thrown at [/HUDSON/workspace/8-2-build-linux-amd64/jdk8u171/10807/hotspot/src/share/vm/prims/jvm.cpp, line 1435]
Event: 0.157 Thread 0x00007f5ab8008000 Exception <a 'java/security/PrivilegedActionException'> (0x00000000d71ae4a0) thrown at [/HUDSON/workspace/8-2-build-linux-amd64/jdk8u171/10807/hotspot/src/share/vm/prims/jvm.cpp, line 1435]
Event: 0.242 Thread 0x00007f5ab8008000 Exception <a 'java/lang/NoSuchFieldError': method resolution failed> (0x00000000d7282780) thrown at [/HUDSON/workspace/8-2-build-linux-amd64/jdk8u171/10807/hotspot/src/share/vm/prims/methodHandles.cpp, line 1167]
Event: 0.243 Thread 0x00007f5ab8008000 Exception <a 'java/lang/NoSuchFieldError': method resolution failed> (0x00000000d728ff20) thrown at [/HUDSON/workspace/8-2-build-linux-amd64/jdk8u171/10807/hotspot/src/share/vm/prims/methodHandles.cpp, line 1167]
Event: 0.266 Thread 0x00007f5ab8008000 Exception <a 'java/io/FileNotFoundException'> (0x00000000d730f4a8) thrown at [/HUDSON/workspace/8-2-build-linux-amd64/jdk8u171/10807/hotspot/src/share/vm/prims/jni.cpp, line 709]
Event: 0.266 Thread 0x00007f5ab8008000 Exception <a 'java/io/FileNotFoundException'> (0x00000000d730fe60) thrown at [/HUDSON/workspace/8-2-build-linux-amd64/jdk8u171/10807/hotspot/src/share/vm/prims/jni.cpp, line 709]

Events (10 events):
Event: 3.352 Thread 0x00007f5ab8008000 Uncommon trap: trap_request=0xffffff65 fr.pc=0x00007f5aa95ef8f0
Event: 3.352 Thread 0x00007f5ab8008000 DEOPT PACKING pc=0x00007f5aa95ef8f0 sp=0x00007f5ac0650970
Event: 3.352 Thread 0x00007f5ab8008000 DEOPT UNPACKING pc=0x00007f5aa904573a sp=0x00007f5ac06508d8 mode 2
Event: 3.352 Thread 0x00007f5ab8008000 Uncommon trap: trap_request=0xffffff65 fr.pc=0x00007f5aa9607220
Event: 3.352 Thread 0x00007f5ab8008000 DEOPT PACKING pc=0x00007f5aa9607220 sp=0x00007f5ac0650ae0
Event: 3.352 Thread 0x00007f5ab8008000 DEOPT UNPACKING pc=0x00007f5aa904573a sp=0x00007f5ac0650a28 mode 2
Event: 3.352 Thread 0x00007f5ab8008000 Uncommon trap: trap_request=0xffffff65 fr.pc=0x00007f5aa96003b0
Event: 3.352 Thread 0x00007f5ab8008000 DEOPT PACKING pc=0x00007f5aa96003b0 sp=0x00007f5ac06509f0
Event: 3.352 Thread 0x00007f5ab8008000 DEOPT UNPACKING pc=0x00007f5aa904573a sp=0x00007f5ac06509a8 mode 2
Event: 3.435 Executing VM operation: ParallelGCFailedAllocation


Dynamic libraries:
00400000-00401000 r-xp 00000000 08:11 394946                             /usr/lib/jvm/java-8-oracle/bin/java
00600000-00601000 rw-p 00000000 08:11 394946                             /usr/lib/jvm/java-8-oracle/bin/java
02033000-02054000 rw-p 00000000 00:00 0                                  [heap]
84e00000-97580000 rw-p 00000000 00:00 0 
97580000-d6f80000 ---p 00000000 00:00 0 
d6f80000-f8d80000 rw-p 00000000 00:00 0 
100000000-100160000 rw-p 00000000 00:00 0 
100160000-140000000 ---p 00000000 00:00 0 
7f5a4c000000-7f5a4c239000 rw-p 00000000 00:00 0 
7f5a4c239000-7f5a50000000 ---p 00000000 00:00 0 
7f5a50000000-7f5a5015e000 rw-p 00000000 00:00 0 
7f5a5015e000-7f5a54000000 ---p 00000000 00:00 0 
7f5a54000000-7f5a54021000 rw-p 00000000 00:00 0 
7f5a54021000-7f5a58000000 ---p 00000000 00:00 0 
7f5a58000000-7f5a58021000 rw-p 00000000 00:00 0 
7f5a58021000-7f5a5c000000 ---p 00000000 00:00 0 
7f5a5c000000-7f5a5c021000 rw-p 00000000 00:00 0 
7f5a5c021000-7f5a60000000 ---p 00000000 00:00 0 
7f5a60c8f000-7f5a60d8f000 rw-p 00000000 00:00 0 
7f5a60d8f000-7f5a60e8f000 ---p 00000000 00:00 0 
7f5a60e8f000-7f5a60eca000 r-xp 00000000 08:11 450392                     /usr/lib/jvm/java-8-oracle/jre/lib/amd64/libjpeg.so
7f5a60eca000-7f5a610c9000 ---p 0003b000 08:11 450392                     /usr/lib/jvm/java-8-oracle/jre/lib/amd64/libjpeg.so
7f5a610c9000-7f5a610ca000 rw-p 0003a000 08:11 450392                     /usr/lib/jvm/java-8-oracle/jre/lib/amd64/libjpeg.so
7f5a610ca000-7f5a610d2000 r-xp 00000000 08:11 269235                     /usr/lib/x86_64-linux-gnu/libpciaccess.so.0.11.1
7f5a610d2000-7f5a612d2000 ---p 00008000 08:11 269235                     /usr/lib/x86_64-linux-gnu/libpciaccess.so.0.11.1
7f5a612d2000-7f5a612d3000 r--p 00008000 08:11 269235                     /usr/lib/x86_64-linux-gnu/libpciaccess.so.0.11.1
7f5a612d3000-7f5a612d4000 rw-p 00009000 08:11 269235                     /usr/lib/x86_64-linux-gnu/libpciaccess.so.0.11.1
7f5a612d4000-7f5a61446000 r-xp 00000000 08:11 262907                     /usr/lib/x86_64-linux-gnu/libstdc++.so.6.0.21
7f5a61446000-7f5a61646000 ---p 00172000 08:11 262907                     /usr/lib/x86_64-linux-gnu/libstdc++.so.6.0.21
7f5a61646000-7f5a61650000 r--p 00172000 08:11 262907                     /usr/lib/x86_64-linux-gnu/libstdc++.so.6.0.21
7f5a61650000-7f5a61652000 rw-p 0017c000 08:11 262907                     /usr/lib/x86_64-linux-gnu/libstdc++.so.6.0.21
7f5a61652000-7f5a61656000 rw-p 00000000 00:00 0 
7f5a61656000-7f5a61661000 r-xp 00000000 08:11 263888                     /usr/lib/x86_64-linux-gnu/libdrm_radeon.so.1.0.1
7f5a61661000-7f5a61860000 ---p 0000b000 08:11 263888                     /usr/lib/x86_64-linux-gnu/libdrm_radeon.so.1.0.1
7f5a61860000-7f5a61861000 r--p 0000a000 08:11 263888                     /usr/lib/x86_64-linux-gnu/libdrm_radeon.so.1.0.1
7f5a61861000-7f5a61862000 rw-p 0000b000 08:11 263888                     /usr/lib/x86_64-linux-gnu/libdrm_radeon.so.1.0.1
7f5a61862000-7f5a61869000 r-xp 00000000 08:11 266757                     /usr/lib/x86_64-linux-gnu/libdrm_nouveau.so.2.0.0
7f5a61869000-7f5a61a68000 ---p 00007000 08:11 266757                     /usr/lib/x86_64-linux-gnu/libdrm_nouveau.so.2.0.0
7f5a61a68000-7f5a61a69000 r--p 00006000 08:11 266757                     /usr/lib/x86_64-linux-gnu/libdrm_nouveau.so.2.0.0
7f5a61a69000-7f5a61a6a000 rw-p 00007000 08:11 266757                     /usr/lib/x86_64-linux-gnu/libdrm_nouveau.so.2.0.0
7f5a61a6a000-7f5a61a8c000 r-xp 00000000 08:11 263884                     /usr/lib/x86_64-linux-gnu/libdrm_intel.so.1.0.0
7f5a61a8c000-7f5a61c8c000 ---p 00022000 08:11 263884                     /usr/lib/x86_64-linux-gnu/libdrm_intel.so.1.0.0
7f5a61c8c000-7f5a61c8d000 r--p 00022000 08:11 263884                     /usr/lib/x86_64-linux-gnu/libdrm_intel.so.1.0.0
7f5a61c8d000-7f5a61c8e000 rw-p 00023000 08:11 263884                     /usr/lib/x86_64-linux-gnu/libdrm_intel.so.1.0.0
7f5a61c8e000-7f5a61ca7000 r-xp 00000000 08:11 1179739                    /lib/x86_64-linux-gnu/libz.so.1.2.8
7f5a61ca7000-7f5a61ea6000 ---p 00019000 08:11 1179739                    /lib/x86_64-linux-gnu/libz.so.1.2.8
7f5a61ea6000-7f5a61ea7000 r--p 00018000 08:11 1179739                    /lib/x86_64-linux-gnu/libz.so.1.2.8
7f5a61ea7000-7f5a61ea8000 rw-p 00019000 08:11 1179739                    /lib/x86_64-linux-gnu/libz.so.1.2.8
7f5a61ea8000-7f5a626cf000 r-xp 00000000 08:11 266291                     /usr/lib/x86_64-linux-gnu/dri/i965_dri.so
7f5a626cf000-7f5a628cf000 ---p 00827000 08:11 266291                     /usr/lib/x86_64-linux-gnu/dri/i965_dri.so
7f5a628cf000-7f5a6291f000 r--p 00827000 08:11 266291                     /usr/lib/x86_64-linux-gnu/dri/i965_dri.so
7f5a6291f000-7f5a62928000 rw-p 00877000 08:11 266291                     /usr/lib/x86_64-linux-gnu/dri/i965_dri.so
7f5a62928000-7f5a6298f000 rw-p 00000000 00:00 0 
7f5a6298f000-7f5a62992000 ---p 00000000 00:00 0 
7f5a62992000-7f5a62a90000 rw-p 00000000 00:00 0 
7f5a62a90000-7f5a62a93000 ---p 00000000 00:00 0 
7f5a62a93000-7f5a62b91000 rw-p 00000000 00:00 0 
7f5a62b91000-7f5a62b94000 ---p 00000000 00:00 0 
7f5a62b94000-7f5a62c92000 rw-p 00000000 00:00 0 
7f5a62c92000-7f5a62c95000 ---p 00000000 00:00 0 
7f5a62c95000-7f5a62f93000 rw-p 00000000 00:00 0 
7f5a62f93000-7f5a62fa3000 r-xp 00000000 08:11 266800                     /usr/lib/x86_64-linux-gnu/libdrm.so.2.4.0
7f5a62fa3000-7f5a631a2000 ---p 00010000 08:11 266800                     /usr/lib/x86_64-linux-gnu/libdrm.so.2.4.0
7f5a631a2000-7f5a631a3000 r--p 0000f000 08:11 266800                     /usr/lib/x86_64-linux-gnu/libdrm.so.2.4.0
7f5a631a3000-7f5a631a4000 rw-p 00010000 08:11 266800                     /usr/lib/x86_64-linux-gnu/libdrm.so.2.4.0
7f5a631a4000-7f5a631a9000 r-xp 00000000 08:11 269950                     /usr/lib/x86_64-linux-gnu/libXxf86vm.so.1.0.0
7f5a631a9000-7f5a633a8000 ---p 00005000 08:11 269950                     /usr/lib/x86_64-linux-gnu/libXxf86vm.so.1.0.0
7f5a633a8000-7f5a633a9000 r--p 00004000 08:11 269950                     /usr/lib/x86_64-linux-gnu/libXxf86vm.so.1.0.0
7f5a633a9000-7f5a633aa000 rw-p 00005000 08:11 269950                     /usr/lib/x86_64-linux-gnu/libXxf86vm.so.1.0.0
7f5a633aa000-7f5a633ae000 r-xp 00000000 08:11 269221                     /usr/lib/x86_64-linux-gnu/libxcb-dri2.so.0.0.0
7f5a633ae000-7f5a635ad000 ---p 00004000 08:11 269221                     /usr/lib/x86_64-linux-gnu/libxcb-dri2.so.0.0.0
7f5a635ad000-7f5a635ae000 r--p 00003000 08:11 269221                     /usr/lib/x86_64-linux-gnu/libxcb-dri2.so.0.0.0
7f5a635ae000-7f5a635af000 rw-p 00004000 08:11 269221                     /usr/lib/x86_64-linux-gnu/libxcb-dri2.so.0.0.0
7f5a635af000-7f5a635c6000 r-xp 00000000 08:11 269948                     /usr/lib/x86_64-linux-gnu/libxcb-glx.so.0.0.0
7f5a635c6000-7f5a637c5000 ---p 00017000 08:11 269948                     /usr/lib/x86_64-linux-gnu/libxcb-glx.so.0.0.0
7f5a637c5000-7f5a637c7000 r--p 00016000 08:11 269948                     /usr/lib/x86_64-linux-gnu/libxcb-glx.so.0.0.0
7f5a637c7000-7f5a637c8000 rw-p 00018000 08:11 269948                     /usr/lib/x86_64-linux-gnu/libxcb-glx.so.0.0.0
7f5a637c8000-7f5a637c9000 r-xp 00000000 08:11 269219                     /usr/lib/x86_64-linux-gnu/libX11-xcb.so.1.0.0
7f5a637c9000-7f5a639c8000 ---p 00001000 08:11 269219                     /usr/lib/x86_64-linux-gnu/libX11-xcb.so.1.0.0
7f5a639c8000-7f5a639c9000 r--p 00000000 08:11 269219                     /usr/lib/x86_64-linux-gnu/libX11-xcb.so.1.0.0
7f5a639c9000-7f5a639ca000 rw-p 00001000 08:11 269219                     /usr/lib/x86_64-linux-gnu/libX11-xcb.so.1.0.0
7f5a639ca000-7f5a639cc000 r-xp 00000000 08:11 269271                     /usr/lib/x86_64-linux-gnu/libXdamage.so.1.1.0
7f5a639cc000-7f5a63bcb000 ---p 00002000 08:11 269271                     /usr/lib/x86_64-linux-gnu/libXdamage.so.1.1.0
7f5a63bcb000-7f5a63bcc000 r--p 00001000 08:11 269271                     /usr/lib/x86_64-linux-gnu/libXdamage.so.1.1.0
7f5a63bcc000-7f5a63bcd000 rw-p 00002000 08:11 269271                     /usr/lib/x86_64-linux-gnu/libXdamage.so.1.1.0
7f5a63bcd000-7f5a63bf8000 r-xp 00000000 08:11 263466                     /usr/lib/x86_64-linux-gnu/libglapi.so.0.0.0
7f5a63bf8000-7f5a63df7000 ---p 0002b000 08:11 263466                     /usr/lib/x86_64-linux-gnu/libglapi.so.0.0.0
7f5a63df7000-7f5a63dfb000 r--p 0002a000 08:11 263466                     /usr/lib/x86_64-linux-gnu/libglapi.so.0.0.0
7f5a63dfb000-7f5a63dfc000 rw-p 0002e000 08:11 263466                     /usr/lib/x86_64-linux-gnu/libglapi.so.0.0.0
7f5a63dfc000-7f5a63dfd000 rw-p 00000000 00:00 0 
7f5a63dfd000-7f5a63dfe000 r-xp 00000000 08:11 269231                     /usr/lib/x86_64-linux-gnu/libxshmfence.so.1.0.0
7f5a63dfe000-7f5a63ffe000 ---p 00001000 08:11 269231                     /usr/lib/x86_64-linux-gnu/libxshmfence.so.1.0.0
7f5a63ffe000-7f5a63fff000 r--p 00001000 08:11 269231                     /usr/lib/x86_64-linux-gnu/libxshmfence.so.1.0.0
7f5a63fff000-7f5a64000000 rw-p 00002000 08:11 269231                     /usr/lib/x86_64-linux-gnu/libxshmfence.so.1.0.0
7f5a64000000-7f5a64021000 rw-p 00000000 00:00 0 
7f5a64021000-7f5a68000000 ---p 00000000 00:00 0 
7f5a68000000-7f5a68021000 rw-p 00000000 00:00 0 
7f5a68021000-7f5a6c000000 ---p 00000000 00:00 0 
7f5a6c000000-7f5a6c021000 rw-p 00000000 00:00 0 
7f5a6c021000-7f5a70000000 ---p 00000000 00:00 0 
7f5a70000000-7f5a70021000 rw-p 00000000 00:00 0 
7f5a70021000-7f5a74000000 ---p 00000000 00:00 0 
7f5a74000000-7f5a74954000 rw-p 00000000 00:00 0 
7f5a74954000-7f5a78000000 ---p 00000000 00:00 0 
7f5a78000000-7f5a790b5000 rw-p 00000000 00:00 0 
7f5a790b5000-7f5a7c000000 ---p 00000000 00:00 0 
7f5a7c000000-7f5a7c021000 rw-p 00000000 00:00 0 
7f5a7c021000-7f5a80000000 ---p 00000000 00:00 0 
7f5a80000000-7f5a80afc000 rw-p 00000000 00:00 0 
7f5a80afc000-7f5a84000000 ---p 00000000 00:00 0 
7f5a84000000-7f5a84021000 rw-p 00000000 00:00 0 
7f5a84021000-7f5a88000000 ---p 00000000 00:00 0 
7f5a88000000-7f5a88021000 rw-p 00000000 00:00 0 
7f5a88021000-7f5a8c000000 ---p 00000000 00:00 0 
7f5a8c0b1000-7f5a8c0b4000 ---p 00000000 00:00 0 
7f5a8c0b4000-7f5a8c1b2000 rw-p 00000000 00:00 0 
7f5a8c1b2000-7f5a8c1b7000 r-xp 00000000 08:11 269227                     /usr/lib/x86_64-linux-gnu/libxcb-sync.so.1.0.0
7f5a8c1b7000-7f5a8c3b7000 ---p 00005000 08:11 269227                     /usr/lib/x86_64-linux-gnu/libxcb-sync.so.1.0.0
7f5a8c3b7000-7f5a8c3b8000 r--p 00005000 08:11 269227                     /usr/lib/x86_64-linux-gnu/libxcb-sync.so.1.0.0
7f5a8c3b8000-7f5a8c3b9000 rw-p 00006000 08:11 269227                     /usr/lib/x86_64-linux-gnu/libxcb-sync.so.1.0.0
7f5a8c3b9000-7f5a8c3bb000 r-xp 00000000 08:11 269225                     /usr/lib/x86_64-linux-gnu/libxcb-present.so.0.0.0
7f5a8c3bb000-7f5a8c5ba000 ---p 00002000 08:11 269225                     /usr/lib/x86_64-linux-gnu/libxcb-present.so.0.0.0
7f5a8c5ba000-7f5a8c5bb000 r--p 00001000 08:11 269225                     /usr/lib/x86_64-linux-gnu/libxcb-present.so.0.0.0
7f5a8c5bb000-7f5a8c5bc000 rw-p 00002000 08:11 269225                     /usr/lib/x86_64-linux-gnu/libxcb-present.so.0.0.0
7f5a8c5bc000-7f5a8c5be000 r-xp 00000000 08:11 269223                     /usr/lib/x86_64-linux-gnu/libxcb-dri3.so.0.0.0
7f5a8c5be000-7f5a8c7bd000 ---p 00002000 08:11 269223                     /usr/lib/x86_64-linux-gnu/libxcb-dri3.so.0.0.0
7f5a8c7bd000-7f5a8c7be000 r--p 00001000 08:11 269223                     /usr/lib/x86_64-linux-gnu/libxcb-dri3.so.0.0.0
7f5a8c7be000-7f5a8c7bf000 rw-p 00002000 08:11 269223                     /usr/lib/x86_64-linux-gnu/libxcb-dri3.so.0.0.0
7f5a8c7bf000-7f5a8c7e5000 r-xp 00000000 08:11 1179928                    /lib/x86_64-linux-gnu/libexpat.so.1.6.0
7f5a8c7e5000-7f5a8c9e5000 ---p 00026000 08:11 1179928                    /lib/x86_64-linux-gnu/libexpat.so.1.6.0
7f5a8c9e5000-7f5a8c9e7000 r--p 00026000 08:11 1179928                    /lib/x86_64-linux-gnu/libexpat.so.1.6.0
7f5a8c9e7000-7f5a8c9e8000 rw-p 00028000 08:11 1179928                    /lib/x86_64-linux-gnu/libexpat.so.1.6.0
7f5a8c9e8000-7f5a8c9fe000 r-xp 00000000 08:11 1179766                    /lib/x86_64-linux-gnu/libnsl-2.23.so
7f5a8c9fe000-7f5a8cbfd000 ---p 00016000 08:11 1179766                    /lib/x86_64-linux-gnu/libnsl-2.23.so
7f5a8cbfd000-7f5a8cbfe000 r--p 00015000 08:11 1179766                    /lib/x86_64-linux-gnu/libnsl-2.23.so
7f5a8cbfe000-7f5a8cbff000 rw-p 00016000 08:11 1179766                    /lib/x86_64-linux-gnu/libnsl-2.23.so
7f5a8cbff000-7f5a8cc01000 rw-p 00000000 00:00 0 
7f5a8cc01000-7f5a8cc6f000 r-xp 00000000 08:11 393906                     /usr/lib/x86_64-linux-gnu/mesa/libGL.so.1.2.0
7f5a8cc6f000-7f5a8ce6f000 ---p 0006e000 08:11 393906                     /usr/lib/x86_64-linux-gnu/mesa/libGL.so.1.2.0
7f5a8ce6f000-7f5a8ce72000 r--p 0006e000 08:11 393906                     /usr/lib/x86_64-linux-gnu/mesa/libGL.so.1.2.0
7f5a8ce72000-7f5a8ce73000 rw-p 00071000 08:11 393906                     /usr/lib/x86_64-linux-gnu/mesa/libGL.so.1.2.0
7f5a8ce73000-7f5a8ce74000 rw-p 00000000 00:00 0 
7f5a8ce74000-7f5a8ce95000 r-xp 00000000 08:11 819648                     /usr/lib/jni/libj3dcore-ogl.so
7f5a8ce95000-7f5a8d095000 ---p 00021000 08:11 819648                     /usr/lib/jni/libj3dcore-ogl.so
7f5a8d095000-7f5a8d096000 rw-p 00021000 08:11 819648                     /usr/lib/jni/libj3dcore-ogl.so
7f5a8d096000-7f5a8d097000 r-xp 00000000 08:11 450436                     /usr/lib/jvm/java-8-oracle/jre/lib/amd64/libjawt.so
7f5a8d097000-7f5a8d296000 ---p 00001000 08:11 450436                     /usr/lib/jvm/java-8-oracle/jre/lib/amd64/libjawt.so
7f5a8d296000-7f5a8d297000 rw-p 00000000 08:11 450436                     /usr/lib/jvm/java-8-oracle/jre/lib/amd64/libjawt.so
7f5a8d297000-7f5a8d2ad000 r-xp 00000000 08:11 450442                     /usr/lib/jvm/java-8-oracle/jre/lib/amd64/libnet.so
7f5a8d2ad000-7f5a8d4ad000 ---p 00016000 08:11 450442                     /usr/lib/jvm/java-8-oracle/jre/lib/amd64/libnet.so
7f5a8d4ad000-7f5a8d4ae000 rw-p 00016000 08:11 450442                     /usr/lib/jvm/java-8-oracle/jre/lib/amd64/libnet.so
7f5a8d4ae000-7f5a8d4bf000 r-xp 00000000 08:11 450445                     /usr/lib/jvm/java-8-oracle/jre/lib/amd64/libnio.so
7f5a8d4bf000-7f5a8d6be000 ---p 00011000 08:11 450445                     /usr/lib/jvm/java-8-oracle/jre/lib/amd64/libnio.so
7f5a8d6be000-7f5a8d6bf000 rw-p 00010000 08:11 450445                     /usr/lib/jvm/java-8-oracle/jre/lib/amd64/libnio.so
7f5a8d6bf000-7f5a8d6c2000 ---p 00000000 00:00 0 
7f5a8d6c2000-7f5a8d7c0000 rw-p 00000000 00:00 0 
7f5a8d7c0000-7f5a8d7c5000 r-xp 00000000 08:11 269267                     /usr/lib/x86_64-linux-gnu/libXfixes.so.3.1.0
7f5a8d7c5000-7f5a8d9c4000 ---p 00005000 08:11 269267                     /usr/lib/x86_64-linux-gnu/libXfixes.so.3.1.0
7f5a8d9c4000-7f5a8d9c5000 r--p 00004000 08:11 269267                     /usr/lib/x86_64-linux-gnu/libXfixes.so.3.1.0
7f5a8d9c5000-7f5a8d9c6000 rw-p 00005000 08:11 269267                     /usr/lib/x86_64-linux-gnu/libXfixes.so.3.1.0
7f5a8d9c6000-7f5a8d9cf000 r-xp 00000000 08:11 268836                     /usr/lib/x86_64-linux-gnu/libXcursor.so.1.0.2
7f5a8d9cf000-7f5a8dbce000 ---p 00009000 08:11 268836                     /usr/lib/x86_64-linux-gnu/libXcursor.so.1.0.2
7f5a8dbce000-7f5a8dbcf000 r--p 00008000 08:11 268836                     /usr/lib/x86_64-linux-gnu/libXcursor.so.1.0.2
7f5a8dbcf000-7f5a8dbd0000 rw-p 00009000 08:11 268836                     /usr/lib/x86_64-linux-gnu/libXcursor.so.1.0.2
7f5a8dbd0000-7f5a8dbd3000 ---p 00000000 00:00 0 
7f5a8dbd3000-7f5a8dcd1000 rw-p 00000000 00:00 0 
7f5a8dcd1000-7f5a8dce7000 r-xp 00000000 08:11 1179734                    /lib/x86_64-linux-gnu/libgcc_s.so.1
7f5a8dce7000-7f5a8dee6000 ---p 00016000 08:11 1179734                    /lib/x86_64-linux-gnu/libgcc_s.so.1
7f5a8dee6000-7f5a8dee7000 rw-p 00015000 08:11 1179734                    /lib/x86_64-linux-gnu/libgcc_s.so.1
7f5a8dee7000-7f5a8df4c000 r-xp 00000000 08:11 450421                     /usr/lib/jvm/java-8-oracle/jre/lib/amd64/libfontmanager.so
7f5a8df4c000-7f5a8e14b000 ---p 00065000 08:11 450421                     /usr/lib/jvm/java-8-oracle/jre/lib/amd64/libfontmanager.so
7f5a8e14b000-7f5a8e150000 rw-p 00064000 08:11 450421                     /usr/lib/jvm/java-8-oracle/jre/lib/amd64/libfontmanager.so
7f5a8e150000-7f5a8e160000 rw-p 00000000 00:00 0 
7f5a8e160000-7f5a8e165000 r-xp 00000000 08:11 268964                     /usr/lib/x86_64-linux-gnu/libXdmcp.so.6.0.0
7f5a8e165000-7f5a8e364000 ---p 00005000 08:11 268964                     /usr/lib/x86_64-linux-gnu/libXdmcp.so.6.0.0
7f5a8e364000-7f5a8e365000 r--p 00004000 08:11 268964                     /usr/lib/x86_64-linux-gnu/libXdmcp.so.6.0.0
7f5a8e365000-7f5a8e366000 rw-p 00005000 08:11 268964                     /usr/lib/x86_64-linux-gnu/libXdmcp.so.6.0.0
7f5a8e366000-7f5a8e368000 r-xp 00000000 08:11 268962                     /usr/lib/x86_64-linux-gnu/libXau.so.6.0.0
7f5a8e368000-7f5a8e568000 ---p 00002000 08:11 268962                     /usr/lib/x86_64-linux-gnu/libXau.so.6.0.0
7f5a8e568000-7f5a8e569000 r--p 00002000 08:11 268962                     /usr/lib/x86_64-linux-gnu/libXau.so.6.0.0
7f5a8e569000-7f5a8e56a000 rw-p 00003000 08:11 268962                     /usr/lib/x86_64-linux-gnu/libXau.so.6.0.0
7f5a8e56a000-7f5a8e58b000 r-xp 00000000 08:11 268966                     /usr/lib/x86_64-linux-gnu/libxcb.so.1.1.0
7f5a8e58b000-7f5a8e78a000 ---p 00021000 08:11 268966                     /usr/lib/x86_64-linux-gnu/libxcb.so.1.1.0
7f5a8e78a000-7f5a8e78b000 r--p 00020000 08:11 268966                     /usr/lib/x86_64-linux-gnu/libxcb.so.1.1.0
7f5a8e78b000-7f5a8e78c000 rw-p 00021000 08:11 268966                     /usr/lib/x86_64-linux-gnu/libxcb.so.1.1.0
7f5a8e78c000-7f5a8e79b000 r-xp 00000000 08:11 269273                     /usr/lib/x86_64-linux-gnu/libXi.so.6.1.0
7f5a8e79b000-7f5a8e99a000 ---p 0000f000 08:11 269273                     /usr/lib/x86_64-linux-gnu/libXi.so.6.1.0
7f5a8e99a000-7f5a8e99b000 r--p 0000e000 08:11 269273                     /usr/lib/x86_64-linux-gnu/libXi.so.6.1.0
7f5a8e99b000-7f5a8e99c000 rw-p 0000f000 08:11 269273                     /usr/lib/x86_64-linux-gnu/libXi.so.6.1.0
7f5a8e99c000-7f5a8e9a1000 r-xp 00000000 08:11 270164                     /usr/lib/x86_64-linux-gnu/libXtst.so.6.1.0
7f5a8e9a1000-7f5a8eba0000 ---p 00005000 08:11 270164                     /usr/lib/x86_64-linux-gnu/libXtst.so.6.1.0
7f5a8eba0000-7f5a8eba1000 r--p 00004000 08:11 270164                     /usr/lib/x86_64-linux-gnu/libXtst.so.6.1.0
7f5a8eba1000-7f5a8eba2000 rw-p 00005000 08:11 270164                     /usr/lib/x86_64-linux-gnu/libXtst.so.6.1.0
7f5a8eba2000-7f5a8ebab000 r-xp 00000000 08:11 269086                     /usr/lib/x86_64-linux-gnu/libXrender.so.1.3.0
7f5a8ebab000-7f5a8edaa000 ---p 00009000 08:11 269086                     /usr/lib/x86_64-linux-gnu/libXrender.so.1.3.0
7f5a8edaa000-7f5a8edab000 r--p 00008000 08:11 269086                     /usr/lib/x86_64-linux-gnu/libXrender.so.1.3.0
7f5a8edab000-7f5a8edac000 rw-p 00009000 08:11 269086                     /usr/lib/x86_64-linux-gnu/libXrender.so.1.3.0
7f5a8edac000-7f5a8eee1000 r-xp 00000000 08:11 268969                     /usr/lib/x86_64-linux-gnu/libX11.so.6.3.0
7f5a8eee1000-7f5a8f0e1000 ---p 00135000 08:11 268969                     /usr/lib/x86_64-linux-gnu/libX11.so.6.3.0
7f5a8f0e1000-7f5a8f0e2000 r--p 00135000 08:11 268969                     /usr/lib/x86_64-linux-gnu/libX11.so.6.3.0
7f5a8f0e2000-7f5a8f0e6000 rw-p 00136000 08:11 268969                     /usr/lib/x86_64-linux-gnu/libX11.so.6.3.0
7f5a8f0e6000-7f5a8f0f7000 r-xp 00000000 08:11 268971                     /usr/lib/x86_64-linux-gnu/libXext.so.6.4.0
7f5a8f0f7000-7f5a8f2f6000 ---p 00011000 08:11 268971                     /usr/lib/x86_64-linux-gnu/libXext.so.6.4.0
7f5a8f2f6000-7f5a8f2f7000 r--p 00010000 08:11 268971                     /usr/lib/x86_64-linux-gnu/libXext.so.6.4.0
7f5a8f2f7000-7f5a8f2f8000 rw-p 00011000 08:11 268971                     /usr/lib/x86_64-linux-gnu/libXext.so.6.4.0
7f5a8f2f8000-7f5a8f34c000 r-xp 00000000 08:11 450449                     /usr/lib/jvm/java-8-oracle/jre/lib/amd64/libawt_xawt.so
7f5a8f34c000-7f5a8f54c000 ---p 00054000 08:11 450449                     /usr/lib/jvm/java-8-oracle/jre/lib/amd64/libawt_xawt.so
7f5a8f54c000-7f5a8f550000 rw-p 00054000 08:11 450449                     /usr/lib/jvm/java-8-oracle/jre/lib/amd64/libawt_xawt.so
7f5a8f550000-7f5a8f551000 rw-p 00000000 00:00 0 
7f5a8f551000-7f5a8f5f3000 r-xp 00000000 08:11 450434                     /usr/lib/jvm/java-8-oracle/jre/lib/amd64/libawt.so
7f5a8f5f3000-7f5a8f7f3000 ---p 000a2000 08:11 450434                     /usr/lib/jvm/java-8-oracle/jre/lib/amd64/libawt.so
7f5a8f7f3000-7f5a8f7ff000 rw-p 000a2000 08:11 450434                     /usr/lib/jvm/java-8-oracle/jre/lib/amd64/libawt.so
7f5a8f7ff000-7f5a8f823000 rw-p 00000000 00:00 0 
7f5a8f823000-7f5a8f824000 ---p 00000000 00:00 0 
7f5a8f824000-7f5a8f924000 rw-p 00000000 00:00 0 
7f5a8f924000-7f5a8f927000 ---p 00000000 00:00 0 
7f5a8f927000-7f5a8fa25000 rw-p 00000000 00:00 0 
7f5a8fa25000-7f5a8fa28000 ---p 00000000 00:00 0 
7f5a8fa28000-7f5a8fb26000 rw-p 00000000 00:00 0 
7f5a8fb26000-7f5a8fb29000 ---p 00000000 00:00 0 
7f5a8fb29000-7f5a8fc27000 rw-p 00000000 00:00 0 
7f5a8fc27000-7f5a8fc2a000 ---p 00000000 00:00 0 
7f5a8fc2a000-7f5a8fd28000 rw-p 00000000 00:00 0 
7f5a8fd28000-7f5a90000000 r--p 00000000 08:11 262845                     /usr/lib/locale/locale-archive
7f5a90000000-7f5a90021000 rw-p 00000000 00:00 0 
7f5a90021000-7f5a94000000 ---p 00000000 00:00 0 
7f5a94000000-7f5a94290000 rw-p 00000000 00:00 0 
7f5a94290000-7f5a98000000 ---p 00000000 00:00 0 
7f5a98000000-7f5a98021000 rw-p 00000000 00:00 0 
7f5a98021000-7f5a9c000000 ---p 00000000 00:00 0 
7f5a9c000000-7f5a9c021000 rw-p 00000000 00:00 0 
7f5a9c021000-7f5aa0000000 ---p 00000000 00:00 0 
7f5aa0000000-7f5aa0021000 rw-p 00000000 00:00 0 
7f5aa0021000-7f5aa4000000 ---p 00000000 00:00 0 
7f5aa405e000-7f5aa4061000 ---p 00000000 00:00 0 
7f5aa4061000-7f5aa415f000 rw-p 00000000 00:00 0 
7f5aa415f000-7f5aa4162000 ---p 00000000 00:00 0 
7f5aa4162000-7f5aa4260000 rw-p 00000000 00:00 0 
7f5aa4260000-7f5aa4263000 ---p 00000000 00:00 0 
7f5aa4263000-7f5aa4361000 rw-p 00000000 00:00 0 
7f5aa4361000-7f5aa4362000 ---p 00000000 00:00 0 
7f5aa4362000-7f5aa9000000 rw-p 00000000 00:00 0 
7f5aa9000000-7f5aa9640000 rwxp 00000000 00:00 0 
7f5aa9640000-7f5ab8000000 ---p 00000000 00:00 0 
7f5ab8000000-7f5ab85e7000 rw-p 00000000 00:00 0 
7f5ab85e7000-7f5abc000000 ---p 00000000 00:00 0 
7f5abc053000-7f5abc05d000 r--s 00116000 08:11 450335                     /usr/lib/jvm/java-8-oracle/jre/lib/ext/localedata.jar
7f5abc05d000-7f5abc079000 r--s 00393000 08:11 450328                     /usr/lib/jvm/java-8-oracle/jre/lib/ext/cldrdata.jar
7f5abc079000-7f5abc07a000 r--p 00000000 08:11 43937                      /usr/share/locale-langpack/en_GB/LC_MESSAGES/libc.mo
7f5abc07a000-7f5abc07f000 r--s 002f9000 08:11 450224                     /usr/lib/jvm/java-8-oracle/jre/lib/charsets.jar
7f5abc07f000-7f5abc08a000 r--s 0029e000 08:11 428352                     /usr/share/java/j3dcore-1.5.2+dfsg.jar
7f5abc08a000-7f5abc08f000 r--s 00019000 08:11 416765                     /usr/share/java/aspectjrt-1.8.8.jar
7f5abc08f000-7f5abc095000 r--s 0004f000 08:11 409625                     /usr/local/share/java/mail.jar
7f5abc095000-7f5abc097000 r--s 0000c000 08:11 409627                     /usr/local/share/java/activation.jar
7f5abc097000-7f5abc0a1000 r--s 000e8000 08:11 417416                     /usr/share/java/mysql-connector-java-5.1.38.jar
7f5abc0a1000-7f5abc0af000 r--s 0018b000 08:11 428353                     /usr/share/java/j3dutils-1.5.2+dfsg.jar
7f5abc0af000-7f5abc0b2000 r--s 00150000 08:11 409645                     /usr/local/share/java/j3daudio.jar
7f5abc0b2000-7f5abc0b4000 r--s 0004b000 08:11 428344                     /usr/share/java/vecmath-1.5.2.jar
7f5abc0b4000-7f5abc246000 rw-p 00000000 00:00 0 
7f5abc246000-7f5abc420000 r--s 03d68000 08:11 450226                     /usr/lib/jvm/java-8-oracle/jre/lib/rt.jar
7f5abc420000-7f5abd0ca000 rw-p 00000000 00:00 0 
7f5abd0ca000-7f5abd0cb000 ---p 00000000 00:00 0 
7f5abd0cb000-7f5abd1cb000 rw-p 00000000 00:00 0 
7f5abd1cb000-7f5abd1cc000 ---p 00000000 00:00 0 
7f5abd1cc000-7f5abd2cc000 rw-p 00000000 00:00 0 
7f5abd2cc000-7f5abd2cd000 ---p 00000000 00:00 0 
7f5abd2cd000-7f5abd3cd000 rw-p 00000000 00:00 0 
7f5abd3cd000-7f5abd3ce000 ---p 00000000 00:00 0 
7f5abd3ce000-7f5abd562000 rw-p 00000000 00:00 0 
7f5abd562000-7f5abd75f000 ---p 00000000 00:00 0 
7f5abd75f000-7f5abd7f3000 rw-p 00000000 00:00 0 
7f5abd7f3000-7f5abd9ef000 ---p 00000000 00:00 0 
7f5abd9ef000-7f5abdaff000 rw-p 00000000 00:00 0 
7f5abdaff000-7f5abdb38000 ---p 00000000 00:00 0 
7f5abdb38000-7f5abdb52000 rw-p 00000000 00:00 0 
7f5abdb52000-7f5abdef9000 ---p 00000000 00:00 0 
7f5abdef9000-7f5abdf14000 r-xp 00000000 08:11 450438                     /usr/lib/jvm/java-8-oracle/jre/lib/amd64/libzip.so
7f5abdf14000-7f5abe114000 ---p 0001b000 08:11 450438                     /usr/lib/jvm/java-8-oracle/jre/lib/amd64/libzip.so
7f5abe114000-7f5abe115000 rw-p 0001b000 08:11 450438                     /usr/lib/jvm/java-8-oracle/jre/lib/amd64/libzip.so
7f5abe115000-7f5abe140000 r-xp 00000000 08:11 450431                     /usr/lib/jvm/java-8-oracle/jre/lib/amd64/libjava.so
7f5abe140000-7f5abe33f000 ---p 0002b000 08:11 450431                     /usr/lib/jvm/java-8-oracle/jre/lib/amd64/libjava.so
7f5abe33f000-7f5abe341000 rw-p 0002a000 08:11 450431                     /usr/lib/jvm/java-8-oracle/jre/lib/amd64/libjava.so
7f5abe341000-7f5abe34e000 r-xp 00000000 08:11 450437                     /usr/lib/jvm/java-8-oracle/jre/lib/amd64/libverify.so
7f5abe34e000-7f5abe54e000 ---p 0000d000 08:11 450437                     /usr/lib/jvm/java-8-oracle/jre/lib/amd64/libverify.so
7f5abe54e000-7f5abe550000 rw-p 0000d000 08:11 450437                     /usr/lib/jvm/java-8-oracle/jre/lib/amd64/libverify.so
7f5abe550000-7f5abe557000 r-xp 00000000 08:11 1179805                    /lib/x86_64-linux-gnu/librt-2.23.so
7f5abe557000-7f5abe756000 ---p 00007000 08:11 1179805                    /lib/x86_64-linux-gnu/librt-2.23.so
7f5abe756000-7f5abe757000 r--p 00006000 08:11 1179805                    /lib/x86_64-linux-gnu/librt-2.23.so
7f5abe757000-7f5abe758000 rw-p 00007000 08:11 1179805                    /lib/x86_64-linux-gnu/librt-2.23.so
7f5abe758000-7f5abe860000 r-xp 00000000 08:11 1179763                    /lib/x86_64-linux-gnu/libm-2.23.so
7f5abe860000-7f5abea5f000 ---p 00108000 08:11 1179763                    /lib/x86_64-linux-gnu/libm-2.23.so
7f5abea5f000-7f5abea60000 r--p 00107000 08:11 1179763                    /lib/x86_64-linux-gnu/libm-2.23.so
7f5abea60000-7f5abea61000 rw-p 00108000 08:11 1179763                    /lib/x86_64-linux-gnu/libm-2.23.so
7f5abea61000-7f5abf73a000 r-xp 00000000 08:11 450458                     /usr/lib/jvm/java-8-oracle/jre/lib/amd64/server/libjvm.so
7f5abf73a000-7f5abf939000 ---p 00cd9000 08:11 450458                     /usr/lib/jvm/java-8-oracle/jre/lib/amd64/server/libjvm.so
7f5abf939000-7f5abfa13000 rw-p 00cd8000 08:11 450458                     /usr/lib/jvm/java-8-oracle/jre/lib/amd64/server/libjvm.so
7f5abfa13000-7f5abfa5e000 rw-p 00000000 00:00 0 
7f5abfa5e000-7f5abfc1e000 r-xp 00000000 08:11 1179771                    /lib/x86_64-linux-gnu/libc-2.23.so
7f5abfc1e000-7f5abfe1e000 ---p 001c0000 08:11 1179771                    /lib/x86_64-linux-gnu/libc-2.23.so
7f5abfe1e000-7f5abfe22000 r--p 001c0000 08:11 1179771                    /lib/x86_64-linux-gnu/libc-2.23.so
7f5abfe22000-7f5abfe24000 rw-p 001c4000 08:11 1179771                    /lib/x86_64-linux-gnu/libc-2.23.so
7f5abfe24000-7f5abfe28000 rw-p 00000000 00:00 0 
7f5abfe28000-7f5abfe2b000 r-xp 00000000 08:11 1179773                    /lib/x86_64-linux-gnu/libdl-2.23.so
7f5abfe2b000-7f5ac002a000 ---p 00003000 08:11 1179773                    /lib/x86_64-linux-gnu/libdl-2.23.so
7f5ac002a000-7f5ac002b000 r--p 00002000 08:11 1179773                    /lib/x86_64-linux-gnu/libdl-2.23.so
7f5ac002b000-7f5ac002c000 rw-p 00003000 08:11 1179773                    /lib/x86_64-linux-gnu/libdl-2.23.so
7f5ac002c000-7f5ac0042000 r-xp 00000000 08:11 450138                     /usr/lib/jvm/java-8-oracle/lib/amd64/jli/libjli.so
7f5ac0042000-7f5ac0241000 ---p 00016000 08:11 450138                     /usr/lib/jvm/java-8-oracle/lib/amd64/jli/libjli.so
7f5ac0241000-7f5ac0242000 rw-p 00015000 08:11 450138                     /usr/lib/jvm/java-8-oracle/lib/amd64/jli/libjli.so
7f5ac0242000-7f5ac025a000 r-xp 00000000 08:11 1179770                    /lib/x86_64-linux-gnu/libpthread-2.23.so
7f5ac025a000-7f5ac0459000 ---p 00018000 08:11 1179770                    /lib/x86_64-linux-gnu/libpthread-2.23.so
7f5ac0459000-7f5ac045a000 r--p 00017000 08:11 1179770                    /lib/x86_64-linux-gnu/libpthread-2.23.so
7f5ac045a000-7f5ac045b000 rw-p 00018000 08:11 1179770                    /lib/x86_64-linux-gnu/libpthread-2.23.so
7f5ac045b000-7f5ac045f000 rw-p 00000000 00:00 0 
7f5ac045f000-7f5ac0485000 r-xp 00000000 08:11 1179767                    /lib/x86_64-linux-gnu/ld-2.23.so
7f5ac0485000-7f5ac0516000 rw-p 00000000 00:00 0 
7f5ac0516000-7f5ac0552000 r--s 00000000 08:11 1337281                    /var/cache/nscd/passwd
7f5ac0552000-7f5ac0555000 ---p 00000000 00:00 0 
7f5ac0555000-7f5ac0658000 rw-p 00000000 00:00 0 
7f5ac0658000-7f5ac0659000 r--s 00003000 08:11 409632                     /usr/local/share/java/galapagos.jar
7f5ac0659000-7f5ac067a000 rw-p 00000000 00:00 0 
7f5ac067a000-7f5ac0682000 rw-s 00000000 00:28 6759                       /tmp/hsperfdata_oo115/15838
7f5ac0682000-7f5ac0683000 rw-p 00000000 00:00 0 
7f5ac0683000-7f5ac0684000 ---p 00000000 00:00 0 
7f5ac0684000-7f5ac0685000 r--p 00025000 08:11 1179767                    /lib/x86_64-linux-gnu/ld-2.23.so
7f5ac0685000-7f5ac0686000 rw-p 00026000 08:11 1179767                    /lib/x86_64-linux-gnu/ld-2.23.so
7f5ac0686000-7f5ac0687000 rw-p 00000000 00:00 0 
7ffc471c4000-7ffc471e5000 rw-p 00000000 00:00 0                          [stack]
7ffc471ef000-7ffc471f2000 r--p 00000000 00:00 0                          [vvar]
7ffc471f2000-7ffc471f4000 r-xp 00000000 00:00 0                          [vdso]
ffffffffff600000-ffffffffff601000 r-xp 00000000 00:00 0                  [vsyscall]

VM Arguments:
jvm_args: -Dfile.encoding=UTF-8 
java_command: ChristmassTree
java_class_path (initial): /var/autofs/home/s_home/oo115/workspace/Java3D/bin
Launcher Type: SUN_STANDARD

Environment Variables:
PATH=/usr/local/sbin:/usr/local/bin:/usr/sbin:/usr/bin:/sbin:/bin:/usr/games:/usr/local/games:/snap/bin
SHELL=/bin/bash
DISPLAY=:0

Signal Handlers:
SIGSEGV: [libjvm.so+0xad0890], sa_mask[0]=11111111011111111101111111111110, sa_flags=SA_RESTART|SA_SIGINFO
SIGBUS: [libjvm.so+0xad0890], sa_mask[0]=11111111011111111101111111111110, sa_flags=SA_RESTART|SA_SIGINFO
SIGFPE: [libjvm.so+0x928640], sa_mask[0]=11111111011111111101111111111110, sa_flags=SA_RESTART|SA_SIGINFO
SIGPIPE: [libjvm.so+0x928640], sa_mask[0]=11111111011111111101111111111110, sa_flags=SA_RESTART|SA_SIGINFO
SIGXFSZ: [libjvm.so+0x928640], sa_mask[0]=11111111011111111101111111111110, sa_flags=SA_RESTART|SA_SIGINFO
SIGILL: [libjvm.so+0x928640], sa_mask[0]=11111111011111111101111111111110, sa_flags=SA_RESTART|SA_SIGINFO
SIGUSR1: SIG_DFL, sa_mask[0]=00000000000000000000000000000000, sa_flags=none
SIGUSR2: [libjvm.so+0x929ea0], sa_mask[0]=00100000000000000000000000000000, sa_flags=SA_RESTART|SA_SIGINFO
SIGHUP: [libjvm.so+0x92b2a0], sa_mask[0]=11111111011111111101111111111110, sa_flags=SA_RESTART|SA_SIGINFO
SIGINT: [libjvm.so+0x92b2a0], sa_mask[0]=11111111011111111101111111111110, sa_flags=SA_RESTART|SA_SIGINFO
SIGTERM: [libjvm.so+0x92b2a0], sa_mask[0]=11111111011111111101111111111110, sa_flags=SA_RESTART|SA_SIGINFO
SIGQUIT: [libjvm.so+0x92b2a0], sa_mask[0]=11111111011111111101111111111110, sa_flags=SA_RESTART|SA_SIGINFO


---------------  S Y S T E M  ---------------

OS:DISTRIB_ID=Ubuntu
DISTRIB_RELEASE=16.04
DISTRIB_CODENAME=xenial
DISTRIB_DESCRIPTION="Ubuntu 16.04.4 LTS"

uname:Linux 4.4.0-119-generic #143-Ubuntu SMP Mon Apr 2 16:08:24 UTC 2018 x86_64
libc:glibc 2.23 NPTL 2.23 
rlimit: STACK 8192k, CORE 0k, NPROC 31328, NOFILE 4096, AS infinity
load average:4.01 4.88 3.94

/proc/meminfo:
MemTotal:        8063012 kB
MemFree:          133212 kB
MemAvailable:      37252 kB
Buffers:             724 kB
Cached:           246200 kB
SwapCached:        27096 kB
Active:          6452224 kB
Inactive:        1247992 kB
Active(anon):    6431316 kB
Inactive(anon):  1232704 kB
Active(file):      20908 kB
Inactive(file):    15288 kB
Unevictable:         120 kB
Mlocked:             120 kB
SwapTotal:       8703996 kB
SwapFree:              0 kB
Dirty:                 0 kB
Writeback:             0 kB
AnonPages:       7429820 kB
Mapped:            89748 kB
Shmem:            209224 kB
Slab:              87036 kB
SReclaimable:      41812 kB
SUnreclaim:        45224 kB
KernelStack:       16336 kB
PageTables:        68656 kB
NFS_Unstable:          0 kB
Bounce:                0 kB
WritebackTmp:          0 kB
CommitLimit:    12735500 kB
Committed_AS:   21535004 kB
VmallocTotal:   34359738367 kB
VmallocUsed:           0 kB
VmallocChunk:          0 kB
HardwareCorrupted:     0 kB
AnonHugePages:         0 kB
CmaTotal:              0 kB
CmaFree:               0 kB
HugePages_Total:       0
HugePages_Free:        0
HugePages_Rsvd:        0
HugePages_Surp:        0
Hugepagesize:       2048 kB
DirectMap4k:      240312 kB
DirectMap2M:     8036352 kB
DirectMap1G:     1048576 kB


CPU:total 4 (initial active 4) (4 cores per cpu, 1 threads per core) family 6 model 60 stepping 3, cmov, cx8, fxsr, mmx, sse, sse2, sse3, ssse3, sse4.1, sse4.2, popcnt, avx, avx2, aes, clmul, erms, lzcnt, tsc, tscinvbit, bmi1, bmi2

/proc/cpuinfo:
processor	: 0
vendor_id	: GenuineIntel
cpu family	: 6
model		: 60
model name	: Intel(R) Core(TM) i5-4690S CPU @ 3.20GHz
stepping	: 3
microcode	: 0x24
cpu MHz		: 3510.875
cache size	: 6144 KB
physical id	: 0
siblings	: 4
core id		: 0
cpu cores	: 4
apicid		: 0
initial apicid	: 0
fpu		: yes
fpu_exception	: yes
cpuid level	: 13
wp		: yes
flags		: fpu vme de pse tsc msr pae mce cx8 apic sep mtrr pge mca cmov pat pse36 clflush dts acpi mmx fxsr sse sse2 ss ht tm pbe syscall nx pdpe1gb rdtscp lm constant_tsc arch_perfmon pebs bts rep_good nopl xtopology nonstop_tsc aperfmperf eagerfpu pni pclmulqdq dtes64 monitor ds_cpl vmx smx est tm2 ssse3 sdbg fma cx16 xtpr pdcm pcid sse4_1 sse4_2 x2apic movbe popcnt tsc_deadline_timer aes xsave avx f16c rdrand lahf_lm abm epb invpcid_single spec_ctrl retpoline kaiser tpr_shadow vnmi flexpriority ept vpid fsgsbase tsc_adjust bmi1 avx2 smep bmi2 erms invpcid xsaveopt dtherm ida arat pln pts
bugs		: cpu_meltdown spectre_v1 spectre_v2
bogomips	: 6385.57
clflush size	: 64
cache_alignment	: 64
address sizes	: 39 bits physical, 48 bits virtual
power management:

processor	: 1
vendor_id	: GenuineIntel
cpu family	: 6
model		: 60
model name	: Intel(R) Core(TM) i5-4690S CPU @ 3.20GHz
stepping	: 3
microcode	: 0x24
cpu MHz		: 3507.000
cache size	: 6144 KB
physical id	: 0
siblings	: 4
core id		: 1
cpu cores	: 4
apicid		: 2
initial apicid	: 2
fpu		: yes
fpu_exception	: yes
cpuid level	: 13
wp		: yes
flags		: fpu vme de pse tsc msr pae mce cx8 apic sep mtrr pge mca cmov pat pse36 clflush dts acpi mmx fxsr sse sse2 ss ht tm pbe syscall nx pdpe1gb rdtscp lm constant_tsc arch_perfmon pebs bts rep_good nopl xtopology nonstop_tsc aperfmperf eagerfpu pni pclmulqdq dtes64 monitor ds_cpl vmx smx est tm2 ssse3 sdbg fma cx16 xtpr pdcm pcid sse4_1 sse4_2 x2apic movbe popcnt tsc_deadline_timer aes xsave avx f16c rdrand lahf_lm abm epb invpcid_single spec_ctrl retpoline kaiser tpr_shadow vnmi flexpriority ept vpid fsgsbase tsc_adjust bmi1 avx2 smep bmi2 erms invpcid xsaveopt dtherm ida arat pln pts
bugs		: cpu_meltdown spectre_v1 spectre_v2
bogomips	: 6385.57
clflush size	: 64
cache_alignment	: 64
address sizes	: 39 bits physical, 48 bits virtual
power management:

processor	: 2
vendor_id	: GenuineIntel
cpu family	: 6
model		: 60
model name	: Intel(R) Core(TM) i5-4690S CPU @ 3.20GHz
stepping	: 3
microcode	: 0x24
cpu MHz		: 3504.750
cache size	: 6144 KB
physical id	: 0
siblings	: 4
core id		: 2
cpu cores	: 4
apicid		: 4
initial apicid	: 4
fpu		: yes
fpu_exception	: yes
cpuid level	: 13
wp		: yes
flags		: fpu vme de pse tsc msr pae mce cx8 apic sep mtrr pge mca cmov pat pse36 clflush dts acpi mmx fxsr sse sse2 ss ht tm pbe syscall nx pdpe1gb rdtscp lm constant_tsc arch_perfmon pebs bts rep_good nopl xtopology nonstop_tsc aperfmperf eagerfpu pni pclmulqdq dtes64 monitor ds_cpl vmx smx est tm2 ssse3 sdbg fma cx16 xtpr pdcm pcid sse4_1 sse4_2 x2apic movbe popcnt tsc_deadline_timer aes xsave avx f16c rdrand lahf_lm abm epb invpcid_single spec_ctrl retpoline kaiser tpr_shadow vnmi flexpriority ept vpid fsgsbase tsc_adjust bmi1 avx2 smep bmi2 erms invpcid xsaveopt dtherm ida arat pln pts
bugs		: cpu_meltdown spectre_v1 spectre_v2
bogomips	: 6385.57
clflush size	: 64
cache_alignment	: 64
address sizes	: 39 bits physical, 48 bits virtual
power management:

processor	: 3
vendor_id	: GenuineIntel
cpu family	: 6
model		: 60
model name	: Intel(R) Core(TM) i5-4690S CPU @ 3.20GHz
stepping	: 3
microcode	: 0x24
cpu MHz		: 3499.875
cache size	: 6144 KB
physical id	: 0
siblings	: 4
core id		: 3
cpu cores	: 4
apicid		: 6
initial apicid	: 6
fpu		: yes
fpu_exception	: yes
cpuid level	: 13
wp		: yes
flags		: fpu vme de pse tsc msr pae mce cx8 apic sep mtrr pge mca cmov pat pse36 clflush dts acpi mmx fxsr sse sse2 ss ht tm pbe syscall nx pdpe1gb rdtscp lm constant_tsc arch_perfmon pebs bts rep_good nopl xtopology nonstop_tsc aperfmperf eagerfpu pni pclmulqdq dtes64 monitor ds_cpl vmx smx est tm2 ssse3 sdbg fma cx16 xtpr pdcm pcid sse4_1 sse4_2 x2apic movbe popcnt tsc_deadline_timer aes xsave avx f16c rdrand lahf_lm abm epb invpcid_single spec_ctrl retpoline kaiser tpr_shadow vnmi flexpriority ept vpid fsgsbase tsc_adjust bmi1 avx2 smep bmi2 erms invpcid xsaveopt dtherm ida arat pln pts
bugs		: cpu_meltdown spectre_v1 spectre_v2
bogomips	: 6385.57
clflush size	: 64
cache_alignment	: 64
address sizes	: 39 bits physical, 48 bits virtual
power management:



Memory: 4k page, physical 8063012k(133736k free), swap 8703996k(0k free)

vm_info: Java HotSpot(TM) 64-Bit Server VM (25.171-b11) for linux-amd64 JRE (1.8.0_171-b11), built on Mar 28 2018 17:07:08 by "java_re" with gcc 4.3.0 20080428 (Red Hat 4.3.0-8)

time: Tue Apr 24 13:20:23 2018
elapsed time: 5 seconds (0d 0h 0m 5s)

