#
# There is insufficient memory for the Java Runtime Environment to continue.
# Native memory allocation (mmap) failed to map 311951360 bytes for committing reserved memory.
# Possible reasons:
#   The system is out of physical RAM or swap space
#   In 32 bit mode, the process size limit was hit
# Possible solutions:
#   Reduce memory load on the system
#   Increase physical memory or swap space
#   Check if swap backing store is full
#   Use 64 bit Java on a 64 bit OS
#   Decrease Java heap size (-Xmx/-Xms)
#   Decrease number of Java threads
#   Decrease Java thread stack sizes (-Xss)
#   Set larger code cache with -XX:ReservedCodeCacheSize=
# This output file may be truncated or incomplete.
#
#  Out of Memory Error (os_linux.cpp:2640), pid=8504, tid=0x00007f9e1aaf2700
#
# JRE version: Java(TM) SE Runtime Environment (8.0_171-b11) (build 1.8.0_171-b11)
# Java VM: Java HotSpot(TM) 64-Bit Server VM (25.171-b11 mixed mode linux-amd64 compressed oops)
# Failed to write core dump. Core dumps have been disabled. To enable core dumping, try "ulimit -c unlimited" before starting Java again
#

---------------  T H R E A D  ---------------

Current thread (0x00007f9e40076000):  VMThread [stack: 0x00007f9e1a9f2000,0x00007f9e1aaf3000] [id=8516]

Stack: [0x00007f9e1a9f2000,0x00007f9e1aaf3000],  sp=0x00007f9e1aaf11a0,  free space=1020k
Native frames: (J=compiled Java code, j=interpreted, Vv=VM code, C=native code)
V  [libjvm.so+0xacfffa]  VMError::report_and_die()+0x2ba
V  [libjvm.so+0x5005cb]  report_vm_out_of_memory(char const*, int, unsigned long, VMErrorType, char const*)+0x8b
V  [libjvm.so+0x92dd93]  os::Linux::commit_memory_impl(char*, unsigned long, bool)+0x123
V  [libjvm.so+0x92dfb9]  os::pd_commit_memory(char*, unsigned long, unsigned long, bool)+0x29
V  [libjvm.so+0x92527a]  os::commit_memory(char*, unsigned long, unsigned long, bool)+0x2a
V  [libjvm.so+0x99b223]  PSVirtualSpace::expand_by(unsigned long)+0x53
V  [libjvm.so+0x98bae0]  PSOldGen::expand(unsigned long)+0x170
V  [libjvm.so+0x98bceb]  PSOldGen::resize(unsigned long)+0x1cb
V  [libjvm.so+0x9939f1]  PSParallelCompact::invoke_no_policy(bool)+0x991
V  [libjvm.so+0x99934d]  PSScavenge::invoke()+0x1ad
V  [libjvm.so+0x94fcb0]  ParallelScavengeHeap::failed_mem_allocate(unsigned long)+0x70
V  [libjvm.so+0xad1a77]  VM_ParallelGCFailedAllocation::doit()+0x97
V  [libjvm.so+0xad9595]  VM_Operation::evaluate()+0x55
V  [libjvm.so+0xad795a]  VMThread::evaluate_operation(VM_Operation*)+0xba
V  [libjvm.so+0xad7cde]  VMThread::loop()+0x1ce
V  [libjvm.so+0xad8150]  VMThread::run()+0x70
V  [libjvm.so+0x92e0f8]  java_start(Thread*)+0x108

VM_Operation (0x00007f9e46c69e30): ParallelGCFailedAllocation, mode: safepoint, requested by thread 0x00007f9e40008000


---------------  P R O C E S S  ---------------

Java Threads: ( => current thread )
  0x00007f9dd8005800 JavaThread "J3D-Renderer-1" [_thread_blocked, id=8531, stack(0x00007f9df107a000,0x00007f9df117b000)]
  0x00007f9e40246800 JavaThread "J3D-MasterControl-1" [_thread_blocked, id=8530, stack(0x00007f9df117b000,0x00007f9df127c000)]
  0x00007f9e40246000 JavaThread "J3D-NotificationThread" [_thread_blocked, id=8529, stack(0x00007f9df127c000,0x00007f9df137d000)]
  0x00007f9e40282800 JavaThread "J3D-TimerThread" [_thread_blocked, id=8528, stack(0x00007f9df137d000,0x00007f9df147e000)]
  0x00007f9e4023d800 JavaThread "J3D-RenderingAttributesStructureUpdateThread" [_thread_blocked, id=8527, stack(0x00007f9df147e000,0x00007f9df157f000)]
  0x00007f9e401fc000 JavaThread "AWT-XAWT" daemon [_thread_blocked, id=8526, stack(0x00007f9df3cf9000,0x00007f9df3dfa000)]
  0x00007f9e401d6000 JavaThread "Java2D Disposer" daemon [_thread_blocked, id=8525, stack(0x00007f9e18293000,0x00007f9e18394000)]
  0x00007f9e400bf000 JavaThread "Service Thread" daemon [_thread_blocked, id=8523, stack(0x00007f9e1a013000,0x00007f9e1a114000)]
  0x00007f9e400bc000 JavaThread "C1 CompilerThread2" daemon [_thread_blocked, id=8522, stack(0x00007f9e1a114000,0x00007f9e1a215000)]
  0x00007f9e400ba800 JavaThread "C2 CompilerThread1" daemon [_thread_blocked, id=8521, stack(0x00007f9e1a215000,0x00007f9e1a316000)]
  0x00007f9e400b7800 JavaThread "C2 CompilerThread0" daemon [_thread_blocked, id=8520, stack(0x00007f9e1a316000,0x00007f9e1a417000)]
  0x00007f9e400b6000 JavaThread "Signal Dispatcher" daemon [_thread_blocked, id=8519, stack(0x00007f9e1a417000,0x00007f9e1a518000)]
  0x00007f9e40082800 JavaThread "Finalizer" daemon [_thread_blocked, id=8518, stack(0x00007f9e1a7f0000,0x00007f9e1a8f1000)]
  0x00007f9e4007e000 JavaThread "Reference Handler" daemon [_thread_blocked, id=8517, stack(0x00007f9e1a8f1000,0x00007f9e1a9f2000)]
  0x00007f9e40008000 JavaThread "main" [_thread_blocked, id=8506, stack(0x00007f9e46b6b000,0x00007f9e46c6c000)]

Other Threads:
=>0x00007f9e40076000 VMThread [stack: 0x00007f9e1a9f2000,0x00007f9e1aaf3000] [id=8516]
  0x00007f9e400c4000 WatcherThread [stack: 0x00007f9e19f12000,0x00007f9e1a013000] [id=8524]

VM state:at safepoint (normal execution)

VM Mutex/Monitor currently owned by a thread:  ([mutex/lock_event])
[0x00007f9e400063e0] ExpandHeap_lock - owner thread: 0x00007f9e40076000
[0x00007f9e40006a60] Threads_lock - owner thread: 0x00007f9e40076000
[0x00007f9e40006f60] Heap_lock - owner thread: 0x00007f9e40008000

Heap:
 PSYoungGen      total 448512K, used 35788K [0x00000000d6f80000, 0x0000000100000000, 0x0000000100000000)
  eden space 224768K, 0% used [0x00000000d6f80000,0x00000000d6f80000,0x00000000e4b00000)
  from space 223744K, 15% used [0x00000000f2580000,0x00000000f48731f8,0x0000000100000000)
  to   space 223744K, 0% used [0x00000000e4b00000,0x00000000e4b00000,0x00000000f2580000)
 ParOldGen       total 872960K, used 872933K [0x0000000084e00000, 0x00000000ba280000, 0x00000000d6f80000)
  object space 872960K, 99% used [0x0000000084e00000,0x00000000ba2794f8,0x00000000ba280000)
 Metaspace       used 12422K, capacity 12602K, committed 12800K, reserved 1060864K
  class space    used 1304K, capacity 1410K, committed 1536K, reserved 1048576K

Card table byte_map: [0x00007f9e30c26000,0x00007f9e31000000] byte_map_base: 0x00007f9e307ff000

Marking Bits: (ParMarkBitMap*) 0x00007f9e4604a280
 Begin Bits: [0x00007f9e28270000, 0x00007f9e2a138000)
 End Bits:   [0x00007f9e2a138000, 0x00007f9e2c000000)

Polling page: 0x00007f9e46c9c000

CodeCache: size=245760Kb used=6906Kb max_used=6933Kb free=238853Kb
 bounds [0x00007f9e31000000, 0x00007f9e316d0000, 0x00007f9e40000000]
 total_blobs=1661 nmethods=1030 adapters=545
 compilation: enabled

Compilation events (10 events):
Event: 9.360 Thread 0x00007f9e400ba800 nmethod 1031 0x00007f9e3168d210 code [0x00007f9e3168d380, 0x00007f9e3168d838]
Event: 9.360 Thread 0x00007f9e400ba800 1032       4       java.util.ArrayList::<init> (12 bytes)
Event: 9.360 Thread 0x00007f9e400ba800 nmethod 1032 0x00007f9e3164b090 code [0x00007f9e3164b1e0, 0x00007f9e3164b258]
Event: 9.360 Thread 0x00007f9e400ba800 1033       4       javax.media.j3d.AppearanceRetained::setLive (11 bytes)
Event: 9.363 Thread 0x00007f9e400b7800 1034       4       javax.media.j3d.Targets::addNode (35 bytes)
Event: 9.363 Thread 0x00007f9e400ba800 nmethod 1033 0x00007f9e3168ee10 code [0x00007f9e3168ef80, 0x00007f9e3168f208]
Event: 9.368 Thread 0x00007f9e400b7800 nmethod 1034 0x00007f9e3168e3d0 code [0x00007f9e3168e560, 0x00007f9e3168ea78]
Event: 9.376 Thread 0x00007f9e400bc000 nmethod 1030 0x00007f9e316acf10 code [0x00007f9e316adfc0, 0x00007f9e316ba048]
Event: 9.392 Thread 0x00007f9e400ba800 1035   !   4       javax.media.j3d.Shape3DRetained::doSetLive (1378 bytes)
Event: 9.516 Thread 0x00007f9e400ba800 nmethod 1035 0x00007f9e316c6550 code [0x00007f9e316c6980, 0x00007f9e316ca710]

GC Heap History (10 events):
Event: 6.292 GC heap after
Heap after GC invocations=15 (full 4):
 PSYoungGen      total 397312K, used 176038K [0x00000000d6f80000, 0x0000000100000000, 0x0000000100000000)
  eden space 200192K, 0% used [0x00000000d6f80000,0x00000000d6f80000,0x00000000e3300000)
  from space 197120K, 89% used [0x00000000e3300000,0x00000000edee98b8,0x00000000ef380000)
  to   space 223744K, 0% used [0x00000000f2580000,0x00000000f2580000,0x0000000100000000)
 ParOldGen       total 615936K, used 412057K [0x0000000084e00000, 0x00000000aa780000, 0x00000000d6f80000)
  object space 615936K, 66% used [0x0000000084e00000,0x000000009e066530,0x00000000aa780000)
 Metaspace       used 11678K, capacity 11866K, committed 12160K, reserved 1060864K
  class space    used 1222K, capacity 1314K, committed 1408K, reserved 1048576K
}
Event: 7.092 GC heap before
{Heap before GC invocations=16 (full 4):
 PSYoungGen      total 397312K, used 376230K [0x00000000d6f80000, 0x0000000100000000, 0x0000000100000000)
  eden space 200192K, 100% used [0x00000000d6f80000,0x00000000e3300000,0x00000000e3300000)
  from space 197120K, 89% used [0x00000000e3300000,0x00000000edee98b8,0x00000000ef380000)
  to   space 223744K, 0% used [0x00000000f2580000,0x00000000f2580000,0x0000000100000000)
 ParOldGen       total 615936K, used 412057K [0x0000000084e00000, 0x00000000aa780000, 0x00000000d6f80000)
  object space 615936K, 66% used [0x0000000084e00000,0x000000009e066530,0x00000000aa780000)
 Metaspace       used 12422K, capacity 12602K, committed 12800K, reserved 1060864K
  class space    used 1304K, capacity 1410K, committed 1536K, reserved 1048576K
Event: 7.443 GC heap after
Heap after GC invocations=16 (full 4):
 PSYoungGen      total 448512K, used 149826K [0x00000000d6f80000, 0x0000000100000000, 0x0000000100000000)
  eden space 224768K, 0% used [0x00000000d6f80000,0x00000000d6f80000,0x00000000e4b00000)
  from space 223744K, 66% used [0x00000000f2580000,0x00000000fb7d0b10,0x0000000100000000)
  to   space 223744K, 0% used [0x00000000e4b00000,0x00000000e4b00000,0x00000000f2580000)
 ParOldGen       total 615936K, used 536105K [0x0000000084e00000, 0x00000000aa780000, 0x00000000d6f80000)
  object space 615936K, 87% used [0x0000000084e00000,0x00000000a598a530,0x00000000aa780000)
 Metaspace       used 12422K, capacity 12602K, committed 12800K, reserved 1060864K
  class space    used 1304K, capacity 1410K, committed 1536K, reserved 1048576K
}
Event: 7.443 GC heap before
{Heap before GC invocations=17 (full 5):
 PSYoungGen      total 448512K, used 149826K [0x00000000d6f80000, 0x0000000100000000, 0x0000000100000000)
  eden space 224768K, 0% used [0x00000000d6f80000,0x00000000d6f80000,0x00000000e4b00000)
  from space 223744K, 66% used [0x00000000f2580000,0x00000000fb7d0b10,0x0000000100000000)
  to   space 223744K, 0% used [0x00000000e4b00000,0x00000000e4b00000,0x00000000f2580000)
 ParOldGen       total 615936K, used 536105K [0x0000000084e00000, 0x00000000aa780000, 0x00000000d6f80000)
  object space 615936K, 87% used [0x0000000084e00000,0x00000000a598a530,0x00000000aa780000)
 Metaspace       used 12422K, capacity 12602K, committed 12800K, reserved 1060864K
  class space    used 1304K, capacity 1410K, committed 1536K, reserved 1048576K
Event: 8.792 GC heap after
Heap after GC invocations=17 (full 5):
 PSYoungGen      total 448512K, used 43027K [0x00000000d6f80000, 0x0000000100000000, 0x0000000100000000)
  eden space 224768K, 0% used [0x00000000d6f80000,0x00000000d6f80000,0x00000000e4b00000)
  from space 223744K, 19% used [0x00000000f2580000,0x00000000f4f84d80,0x0000000100000000)
  to   space 223744K, 0% used [0x00000000e4b00000,0x00000000e4b00000,0x00000000f2580000)
 ParOldGen       total 872960K, used 615660K [0x0000000084e00000, 0x00000000ba280000, 0x00000000d6f80000)
  object space 872960K, 70% used [0x0000000084e00000,0x00000000aa73b1f0,0x00000000ba280000)
 Metaspace       used 12422K, capacity 12602K, committed 12800K, reserved 1060864K
  class space    used 1304K, capacity 1410K, committed 1536K, reserved 1048576K
}
Event: 9.049 GC heap before
{Heap before GC invocations=18 (full 5):
 PSYoungGen      total 448512K, used 267795K [0x00000000d6f80000, 0x0000000100000000, 0x0000000100000000)
  eden space 224768K, 100% used [0x00000000d6f80000,0x00000000e4b00000,0x00000000e4b00000)
  from space 223744K, 19% used [0x00000000f2580000,0x00000000f4f84d80,0x0000000100000000)
  to   space 223744K, 0% used [0x00000000e4b00000,0x00000000e4b00000,0x00000000f2580000)
 ParOldGen       total 872960K, used 615660K [0x0000000084e00000, 0x00000000ba280000, 0x00000000d6f80000)
  object space 872960K, 70% used [0x0000000084e00000,0x00000000aa73b1f0,0x00000000ba280000)
 Metaspace       used 12422K, capacity 12602K, committed 12800K, reserved 1060864K
  class space    used 1304K, capacity 1410K, committed 1536K, reserved 1048576K
Event: 9.355 GC heap after
Heap after GC invocations=18 (full 5):
 PSYoungGen      total 448512K, used 138064K [0x00000000d6f80000, 0x0000000100000000, 0x0000000100000000)
  eden space 224768K, 0% used [0x00000000d6f80000,0x00000000d6f80000,0x00000000e4b00000)
  from space 223744K, 61% used [0x00000000e4b00000,0x00000000ed1d42f8,0x00000000f2580000)
  to   space 223744K, 0% used [0x00000000f2580000,0x00000000f2580000,0x0000000100000000)
 ParOldGen       total 872960K, used 659070K [0x0000000084e00000, 0x00000000ba280000, 0x00000000d6f80000)
  object space 872960K, 75% used [0x0000000084e00000,0x00000000ad19f8b8,0x00000000ba280000)
 Metaspace       used 12422K, capacity 12602K, committed 12800K, reserved 1060864K
  class space    used 1304K, capacity 1410K, committed 1536K, reserved 1048576K
}
Event: 9.610 GC heap before
{Heap before GC invocations=19 (full 5):
 PSYoungGen      total 448512K, used 362832K [0x00000000d6f80000, 0x0000000100000000, 0x0000000100000000)
  eden space 224768K, 100% used [0x00000000d6f80000,0x00000000e4b00000,0x00000000e4b00000)
  from space 223744K, 61% used [0x00000000e4b00000,0x00000000ed1d42f8,0x00000000f2580000)
  to   space 223744K, 0% used [0x00000000f2580000,0x00000000f2580000,0x0000000100000000)
 ParOldGen       total 872960K, used 659070K [0x0000000084e00000, 0x00000000ba280000, 0x00000000d6f80000)
  object space 872960K, 75% used [0x0000000084e00000,0x00000000ad19f8b8,0x00000000ba280000)
 Metaspace       used 12422K, capacity 12602K, committed 12800K, reserved 1060864K
  class space    used 1304K, capacity 1410K, committed 1536K, reserved 1048576K
Event: 14.709 GC heap after
Heap after GC invocations=19 (full 5):
 PSYoungGen      total 448512K, used 139301K [0x00000000d6f80000, 0x0000000100000000, 0x0000000100000000)
  eden space 224768K, 0% used [0x00000000d6f80000,0x00000000d6f80000,0x00000000e4b00000)
  from space 223744K, 62% used [0x00000000f2580000,0x00000000fad89548,0x0000000100000000)
  to   space 223744K, 0% used [0x00000000e4b00000,0x00000000e4b00000,0x00000000f2580000)
 ParOldGen       total 872960K, used 796721K [0x0000000084e00000, 0x00000000ba280000, 0x00000000d6f80000)
  object space 872960K, 91% used [0x0000000084e00000,0x00000000b580c778,0x00000000ba280000)
 Metaspace       used 12422K, capacity 12602K, committed 12800K, reserved 1060864K
  class space    used 1304K, capacity 1410K, committed 1536K, reserved 1048576K
}
Event: 14.709 GC heap before
{Heap before GC invocations=20 (full 6):
 PSYoungGen      total 448512K, used 139301K [0x00000000d6f80000, 0x0000000100000000, 0x0000000100000000)
  eden space 224768K, 0% used [0x00000000d6f80000,0x00000000d6f80000,0x00000000e4b00000)
  from space 223744K, 62% used [0x00000000f2580000,0x00000000fad89548,0x0000000100000000)
  to   space 223744K, 0% used [0x00000000e4b00000,0x00000000e4b00000,0x00000000f2580000)
 ParOldGen       total 872960K, used 796721K [0x0000000084e00000, 0x00000000ba280000, 0x00000000d6f80000)
  object space 872960K, 91% used [0x0000000084e00000,0x00000000b580c778,0x00000000ba280000)
 Metaspace       used 12422K, capacity 12602K, committed 12800K, reserved 1060864K
  class space    used 1304K, capacity 1410K, committed 1536K, reserved 1048576K

Deoptimization events (10 events):
Event: 6.681 Thread 0x00007f9e40008000 Uncommon trap: reason=class_check action=maybe_recompile pc=0x00007f9e31590200 method=javax.media.j3d.Shape3DRetained.shapeIsMergeable(Ljavax/media/j3d/CompileState;)Z @ 68
Event: 6.706 Thread 0x00007f9e40008000 Uncommon trap: reason=bimorphic action=maybe_recompile pc=0x00007f9e312f85f4 method=javax.media.j3d.GroupRetained.doAddChild(Ljavax/media/j3d/Node;[Ljavax/media/j3d/J3dMessage;I)V @ 1
Event: 6.706 Thread 0x00007f9e40008000 Uncommon trap: reason=unstable_if action=reinterpret pc=0x00007f9e312ebbe0 method=javax.media.j3d.GroupRetained.checkValidChild(Ljavax/media/j3d/Node;Ljava/lang/String;)V @ 8
Event: 6.748 Thread 0x00007f9e40008000 Uncommon trap: reason=unstable_if action=reinterpret pc=0x00007f9e3140e478 method=javax.media.j3d.TransformGroupRetained.setTransform(Ljavax/media/j3d/Transform3D;)V @ 82
Event: 6.751 Thread 0x00007f9e40008000 Uncommon trap: reason=unstable_if action=reinterpret pc=0x00007f9e312f6640 method=javax.media.j3d.BoundingBox.<init>(Ljavax/media/j3d/Bounds;)V @ 35
Event: 6.754 Thread 0x00007f9e40008000 Uncommon trap: reason=unstable_if action=reinterpret pc=0x00007f9e312a7144 method=javax.media.j3d.BoundingBox.updateBoundsStates()V @ 151
Event: 6.889 Thread 0x00007f9e40008000 Uncommon trap: reason=unstable_if action=reinterpret pc=0x00007f9e3164d108 method=javax.media.j3d.NodeRetained.doSetLive(Ljavax/media/j3d/SetLiveState;)V @ 88
Event: 8.908 Thread 0x00007f9e40008000 Uncommon trap: reason=unstable_if action=reinterpret pc=0x00007f9e31669698 method=java.lang.Long.getChars(JI[C)V @ 94
Event: 8.912 Thread 0x00007f9e40008000 Uncommon trap: reason=unstable_if action=reinterpret pc=0x00007f9e3167c130 method=java.lang.Long.getChars(JI[C)V @ 94
Event: 9.356 Thread 0x00007f9e40008000 Uncommon trap: reason=unstable_if action=reinterpret pc=0x00007f9e316a05a4 method=java.lang.Long.getChars(JI[C)V @ 94

Classes redefined (0 events):
No events

Internal exceptions (10 events):
Event: 0.067 Thread 0x00007f9e40008000 Exception <a 'java/lang/NoSuchMethodError': Method sun.misc.Unsafe.defineClass(Ljava/lang/String;[BII)Ljava/lang/Class; name or signature does not match> (0x00000000d6f87cb0) thrown at [/HUDSON/workspace/8-2-build-linux-amd64/jdk8u171/10807/hotspot/src/sh
Event: 0.067 Thread 0x00007f9e40008000 Exception <a 'java/lang/NoSuchMethodError': Method sun.misc.Unsafe.prefetchRead(Ljava/lang/Object;J)V name or signature does not match> (0x00000000d6f87f98) thrown at [/HUDSON/workspace/8-2-build-linux-amd64/jdk8u171/10807/hotspot/src/share/vm/prims/jni.c
Event: 0.231 Thread 0x00007f9e40008000 Exception <a 'java/security/PrivilegedActionException'> (0x00000000d71aade8) thrown at [/HUDSON/workspace/8-2-build-linux-amd64/jdk8u171/10807/hotspot/src/share/vm/prims/jvm.cpp, line 1435]
Event: 0.231 Thread 0x00007f9e40008000 Exception <a 'java/security/PrivilegedActionException'> (0x00000000d71aaff8) thrown at [/HUDSON/workspace/8-2-build-linux-amd64/jdk8u171/10807/hotspot/src/share/vm/prims/jvm.cpp, line 1435]
Event: 0.232 Thread 0x00007f9e40008000 Exception <a 'java/security/PrivilegedActionException'> (0x00000000d71ad460) thrown at [/HUDSON/workspace/8-2-build-linux-amd64/jdk8u171/10807/hotspot/src/share/vm/prims/jvm.cpp, line 1435]
Event: 0.232 Thread 0x00007f9e40008000 Exception <a 'java/security/PrivilegedActionException'> (0x00000000d71ad670) thrown at [/HUDSON/workspace/8-2-build-linux-amd64/jdk8u171/10807/hotspot/src/share/vm/prims/jvm.cpp, line 1435]
Event: 0.359 Thread 0x00007f9e40008000 Exception <a 'java/lang/NoSuchFieldError': method resolution failed> (0x00000000d7281958) thrown at [/HUDSON/workspace/8-2-build-linux-amd64/jdk8u171/10807/hotspot/src/share/vm/prims/methodHandles.cpp, line 1167]
Event: 0.367 Thread 0x00007f9e40008000 Exception <a 'java/lang/NoSuchFieldError': method resolution failed> (0x00000000d728f0f8) thrown at [/HUDSON/workspace/8-2-build-linux-amd64/jdk8u171/10807/hotspot/src/share/vm/prims/methodHandles.cpp, line 1167]
Event: 0.406 Thread 0x00007f9e40008000 Exception <a 'java/io/FileNotFoundException'> (0x00000000d730e690) thrown at [/HUDSON/workspace/8-2-build-linux-amd64/jdk8u171/10807/hotspot/src/share/vm/prims/jni.cpp, line 709]
Event: 0.406 Thread 0x00007f9e40008000 Exception <a 'java/io/FileNotFoundException'> (0x00000000d730f048) thrown at [/HUDSON/workspace/8-2-build-linux-amd64/jdk8u171/10807/hotspot/src/share/vm/prims/jni.cpp, line 709]

Events (10 events):
Event: 8.908 Thread 0x00007f9e40008000 DEOPT UNPACKING pc=0x00007f9e3104573a sp=0x00007f9e46c69748 mode 2
Event: 8.912 Thread 0x00007f9e40008000 Uncommon trap: trap_request=0xffffff65 fr.pc=0x00007f9e3167c130
Event: 8.912 Thread 0x00007f9e40008000 DEOPT PACKING pc=0x00007f9e3167c130 sp=0x00007f9e46c69830
Event: 8.912 Thread 0x00007f9e40008000 DEOPT UNPACKING pc=0x00007f9e3104573a sp=0x00007f9e46c69748 mode 2
Event: 9.048 Executing VM operation: ParallelGCFailedAllocation
Event: 9.355 Executing VM operation: ParallelGCFailedAllocation done
Event: 9.355 Thread 0x00007f9e40008000 Uncommon trap: trap_request=0xffffff65 fr.pc=0x00007f9e316a05a4
Event: 9.356 Thread 0x00007f9e40008000 DEOPT PACKING pc=0x00007f9e316a05a4 sp=0x00007f9e46c69c60
Event: 9.356 Thread 0x00007f9e40008000 DEOPT UNPACKING pc=0x00007f9e3104573a sp=0x00007f9e46c69ae0 mode 2
Event: 9.610 Executing VM operation: ParallelGCFailedAllocation


Dynamic libraries:
00400000-00401000 r-xp 00000000 08:11 394946                             /usr/lib/jvm/java-8-oracle/bin/java
00600000-00601000 rw-p 00000000 08:11 394946                             /usr/lib/jvm/java-8-oracle/bin/java
00aa3000-00ac4000 rw-p 00000000 00:00 0                                  [heap]
84e00000-ba280000 rw-p 00000000 00:00 0 
ccc00000-d6f80000 ---p 00000000 00:00 0 
d6f80000-100000000 rw-p 00000000 00:00 0 
100000000-100180000 rw-p 00000000 00:00 0 
100180000-140000000 ---p 00000000 00:00 0 
7f9dd0000000-7f9dd015e000 rw-p 00000000 00:00 0 
7f9dd015e000-7f9dd4000000 ---p 00000000 00:00 0 
7f9dd7225000-7f9dd7325000 rw-p 00000000 00:00 0 
7f9dd7325000-7f9dd7425000 ---p 00000000 00:00 0 
7f9dd7425000-7f9dd7460000 r-xp 00000000 08:11 450392                     /usr/lib/jvm/java-8-oracle/jre/lib/amd64/libjpeg.so
7f9dd7460000-7f9dd765f000 ---p 0003b000 08:11 450392                     /usr/lib/jvm/java-8-oracle/jre/lib/amd64/libjpeg.so
7f9dd765f000-7f9dd7660000 rw-p 0003a000 08:11 450392                     /usr/lib/jvm/java-8-oracle/jre/lib/amd64/libjpeg.so
7f9dd7660000-7f9dd7668000 r-xp 00000000 08:11 269235                     /usr/lib/x86_64-linux-gnu/libpciaccess.so.0.11.1
7f9dd7668000-7f9dd7868000 ---p 00008000 08:11 269235                     /usr/lib/x86_64-linux-gnu/libpciaccess.so.0.11.1
7f9dd7868000-7f9dd7869000 r--p 00008000 08:11 269235                     /usr/lib/x86_64-linux-gnu/libpciaccess.so.0.11.1
7f9dd7869000-7f9dd786a000 rw-p 00009000 08:11 269235                     /usr/lib/x86_64-linux-gnu/libpciaccess.so.0.11.1
7f9dd786a000-7f9dd79dc000 r-xp 00000000 08:11 262907                     /usr/lib/x86_64-linux-gnu/libstdc++.so.6.0.21
7f9dd79dc000-7f9dd7bdc000 ---p 00172000 08:11 262907                     /usr/lib/x86_64-linux-gnu/libstdc++.so.6.0.21
7f9dd7bdc000-7f9dd7be6000 r--p 00172000 08:11 262907                     /usr/lib/x86_64-linux-gnu/libstdc++.so.6.0.21
7f9dd7be6000-7f9dd7be8000 rw-p 0017c000 08:11 262907                     /usr/lib/x86_64-linux-gnu/libstdc++.so.6.0.21
7f9dd7be8000-7f9dd7bec000 rw-p 00000000 00:00 0 
7f9dd7bec000-7f9dd7bf7000 r-xp 00000000 08:11 263888                     /usr/lib/x86_64-linux-gnu/libdrm_radeon.so.1.0.1
7f9dd7bf7000-7f9dd7df6000 ---p 0000b000 08:11 263888                     /usr/lib/x86_64-linux-gnu/libdrm_radeon.so.1.0.1
7f9dd7df6000-7f9dd7df7000 r--p 0000a000 08:11 263888                     /usr/lib/x86_64-linux-gnu/libdrm_radeon.so.1.0.1
7f9dd7df7000-7f9dd7df8000 rw-p 0000b000 08:11 263888                     /usr/lib/x86_64-linux-gnu/libdrm_radeon.so.1.0.1
7f9dd7df8000-7f9dd7dff000 r-xp 00000000 08:11 266757                     /usr/lib/x86_64-linux-gnu/libdrm_nouveau.so.2.0.0
7f9dd7dff000-7f9dd7ffe000 ---p 00007000 08:11 266757                     /usr/lib/x86_64-linux-gnu/libdrm_nouveau.so.2.0.0
7f9dd7ffe000-7f9dd7fff000 r--p 00006000 08:11 266757                     /usr/lib/x86_64-linux-gnu/libdrm_nouveau.so.2.0.0
7f9dd7fff000-7f9dd8000000 rw-p 00007000 08:11 266757                     /usr/lib/x86_64-linux-gnu/libdrm_nouveau.so.2.0.0
7f9dd8000000-7f9dd8238000 rw-p 00000000 00:00 0 
7f9dd8238000-7f9ddc000000 ---p 00000000 00:00 0 
7f9ddc000000-7f9ddc021000 rw-p 00000000 00:00 0 
7f9ddc021000-7f9de0000000 ---p 00000000 00:00 0 
7f9de0000000-7f9de0021000 rw-p 00000000 00:00 0 
7f9de0021000-7f9de4000000 ---p 00000000 00:00 0 
7f9de4000000-7f9de4021000 rw-p 00000000 00:00 0 
7f9de4021000-7f9de8000000 ---p 00000000 00:00 0 
7f9de8000000-7f9de8021000 rw-p 00000000 00:00 0 
7f9de8021000-7f9dec000000 ---p 00000000 00:00 0 
7f9dec000000-7f9dec021000 rw-p 00000000 00:00 0 
7f9dec021000-7f9df0000000 ---p 00000000 00:00 0 
7f9df0155000-7f9df0177000 r-xp 00000000 08:11 263884                     /usr/lib/x86_64-linux-gnu/libdrm_intel.so.1.0.0
7f9df0177000-7f9df0377000 ---p 00022000 08:11 263884                     /usr/lib/x86_64-linux-gnu/libdrm_intel.so.1.0.0
7f9df0377000-7f9df0378000 r--p 00022000 08:11 263884                     /usr/lib/x86_64-linux-gnu/libdrm_intel.so.1.0.0
7f9df0378000-7f9df0379000 rw-p 00023000 08:11 263884                     /usr/lib/x86_64-linux-gnu/libdrm_intel.so.1.0.0
7f9df0379000-7f9df0392000 r-xp 00000000 08:11 1179739                    /lib/x86_64-linux-gnu/libz.so.1.2.8
7f9df0392000-7f9df0591000 ---p 00019000 08:11 1179739                    /lib/x86_64-linux-gnu/libz.so.1.2.8
7f9df0591000-7f9df0592000 r--p 00018000 08:11 1179739                    /lib/x86_64-linux-gnu/libz.so.1.2.8
7f9df0592000-7f9df0593000 rw-p 00019000 08:11 1179739                    /lib/x86_64-linux-gnu/libz.so.1.2.8
7f9df0593000-7f9df0dba000 r-xp 00000000 08:11 266291                     /usr/lib/x86_64-linux-gnu/dri/i965_dri.so
7f9df0dba000-7f9df0fba000 ---p 00827000 08:11 266291                     /usr/lib/x86_64-linux-gnu/dri/i965_dri.so
7f9df0fba000-7f9df100a000 r--p 00827000 08:11 266291                     /usr/lib/x86_64-linux-gnu/dri/i965_dri.so
7f9df100a000-7f9df1013000 rw-p 00877000 08:11 266291                     /usr/lib/x86_64-linux-gnu/dri/i965_dri.so
7f9df1013000-7f9df107a000 rw-p 00000000 00:00 0 
7f9df107a000-7f9df107d000 ---p 00000000 00:00 0 
7f9df107d000-7f9df117b000 rw-p 00000000 00:00 0 
7f9df117b000-7f9df117e000 ---p 00000000 00:00 0 
7f9df117e000-7f9df127c000 rw-p 00000000 00:00 0 
7f9df127c000-7f9df127f000 ---p 00000000 00:00 0 
7f9df127f000-7f9df137d000 rw-p 00000000 00:00 0 
7f9df137d000-7f9df1380000 ---p 00000000 00:00 0 
7f9df1380000-7f9df147e000 rw-p 00000000 00:00 0 
7f9df147e000-7f9df1481000 ---p 00000000 00:00 0 
7f9df1481000-7f9df177f000 rw-p 00000000 00:00 0 
7f9df177f000-7f9df178f000 r-xp 00000000 08:11 266800                     /usr/lib/x86_64-linux-gnu/libdrm.so.2.4.0
7f9df178f000-7f9df198e000 ---p 00010000 08:11 266800                     /usr/lib/x86_64-linux-gnu/libdrm.so.2.4.0
7f9df198e000-7f9df198f000 r--p 0000f000 08:11 266800                     /usr/lib/x86_64-linux-gnu/libdrm.so.2.4.0
7f9df198f000-7f9df1990000 rw-p 00010000 08:11 266800                     /usr/lib/x86_64-linux-gnu/libdrm.so.2.4.0
7f9df1990000-7f9df1995000 r-xp 00000000 08:11 269950                     /usr/lib/x86_64-linux-gnu/libXxf86vm.so.1.0.0
7f9df1995000-7f9df1b94000 ---p 00005000 08:11 269950                     /usr/lib/x86_64-linux-gnu/libXxf86vm.so.1.0.0
7f9df1b94000-7f9df1b95000 r--p 00004000 08:11 269950                     /usr/lib/x86_64-linux-gnu/libXxf86vm.so.1.0.0
7f9df1b95000-7f9df1b96000 rw-p 00005000 08:11 269950                     /usr/lib/x86_64-linux-gnu/libXxf86vm.so.1.0.0
7f9df1b96000-7f9df1b9a000 r-xp 00000000 08:11 269221                     /usr/lib/x86_64-linux-gnu/libxcb-dri2.so.0.0.0
7f9df1b9a000-7f9df1d99000 ---p 00004000 08:11 269221                     /usr/lib/x86_64-linux-gnu/libxcb-dri2.so.0.0.0
7f9df1d99000-7f9df1d9a000 r--p 00003000 08:11 269221                     /usr/lib/x86_64-linux-gnu/libxcb-dri2.so.0.0.0
7f9df1d9a000-7f9df1d9b000 rw-p 00004000 08:11 269221                     /usr/lib/x86_64-linux-gnu/libxcb-dri2.so.0.0.0
7f9df1d9b000-7f9df1db2000 r-xp 00000000 08:11 269948                     /usr/lib/x86_64-linux-gnu/libxcb-glx.so.0.0.0
7f9df1db2000-7f9df1fb1000 ---p 00017000 08:11 269948                     /usr/lib/x86_64-linux-gnu/libxcb-glx.so.0.0.0
7f9df1fb1000-7f9df1fb3000 r--p 00016000 08:11 269948                     /usr/lib/x86_64-linux-gnu/libxcb-glx.so.0.0.0
7f9df1fb3000-7f9df1fb4000 rw-p 00018000 08:11 269948                     /usr/lib/x86_64-linux-gnu/libxcb-glx.so.0.0.0
7f9df1fb4000-7f9df1fb5000 r-xp 00000000 08:11 269219                     /usr/lib/x86_64-linux-gnu/libX11-xcb.so.1.0.0
7f9df1fb5000-7f9df21b4000 ---p 00001000 08:11 269219                     /usr/lib/x86_64-linux-gnu/libX11-xcb.so.1.0.0
7f9df21b4000-7f9df21b5000 r--p 00000000 08:11 269219                     /usr/lib/x86_64-linux-gnu/libX11-xcb.so.1.0.0
7f9df21b5000-7f9df21b6000 rw-p 00001000 08:11 269219                     /usr/lib/x86_64-linux-gnu/libX11-xcb.so.1.0.0
7f9df21b6000-7f9df21b8000 r-xp 00000000 08:11 269271                     /usr/lib/x86_64-linux-gnu/libXdamage.so.1.1.0
7f9df21b8000-7f9df23b7000 ---p 00002000 08:11 269271                     /usr/lib/x86_64-linux-gnu/libXdamage.so.1.1.0
7f9df23b7000-7f9df23b8000 r--p 00001000 08:11 269271                     /usr/lib/x86_64-linux-gnu/libXdamage.so.1.1.0
7f9df23b8000-7f9df23b9000 rw-p 00002000 08:11 269271                     /usr/lib/x86_64-linux-gnu/libXdamage.so.1.1.0
7f9df23b9000-7f9df23e4000 r-xp 00000000 08:11 263466                     /usr/lib/x86_64-linux-gnu/libglapi.so.0.0.0
7f9df23e4000-7f9df25e3000 ---p 0002b000 08:11 263466                     /usr/lib/x86_64-linux-gnu/libglapi.so.0.0.0
7f9df25e3000-7f9df25e7000 r--p 0002a000 08:11 263466                     /usr/lib/x86_64-linux-gnu/libglapi.so.0.0.0
7f9df25e7000-7f9df25e8000 rw-p 0002e000 08:11 263466                     /usr/lib/x86_64-linux-gnu/libglapi.so.0.0.0
7f9df25e8000-7f9df25e9000 rw-p 00000000 00:00 0 
7f9df25e9000-7f9df25ea000 r-xp 00000000 08:11 269231                     /usr/lib/x86_64-linux-gnu/libxshmfence.so.1.0.0
7f9df25ea000-7f9df27ea000 ---p 00001000 08:11 269231                     /usr/lib/x86_64-linux-gnu/libxshmfence.so.1.0.0
7f9df27ea000-7f9df27eb000 r--p 00001000 08:11 269231                     /usr/lib/x86_64-linux-gnu/libxshmfence.so.1.0.0
7f9df27eb000-7f9df27ec000 rw-p 00002000 08:11 269231                     /usr/lib/x86_64-linux-gnu/libxshmfence.so.1.0.0
7f9df27ec000-7f9df27f1000 r-xp 00000000 08:11 269227                     /usr/lib/x86_64-linux-gnu/libxcb-sync.so.1.0.0
7f9df27f1000-7f9df29f1000 ---p 00005000 08:11 269227                     /usr/lib/x86_64-linux-gnu/libxcb-sync.so.1.0.0
7f9df29f1000-7f9df29f2000 r--p 00005000 08:11 269227                     /usr/lib/x86_64-linux-gnu/libxcb-sync.so.1.0.0
7f9df29f2000-7f9df29f3000 rw-p 00006000 08:11 269227                     /usr/lib/x86_64-linux-gnu/libxcb-sync.so.1.0.0
7f9df29f3000-7f9df29f5000 r-xp 00000000 08:11 269225                     /usr/lib/x86_64-linux-gnu/libxcb-present.so.0.0.0
7f9df29f5000-7f9df2bf4000 ---p 00002000 08:11 269225                     /usr/lib/x86_64-linux-gnu/libxcb-present.so.0.0.0
7f9df2bf4000-7f9df2bf5000 r--p 00001000 08:11 269225                     /usr/lib/x86_64-linux-gnu/libxcb-present.so.0.0.0
7f9df2bf5000-7f9df2bf6000 rw-p 00002000 08:11 269225                     /usr/lib/x86_64-linux-gnu/libxcb-present.so.0.0.0
7f9df2bf6000-7f9df2bf8000 r-xp 00000000 08:11 269223                     /usr/lib/x86_64-linux-gnu/libxcb-dri3.so.0.0.0
7f9df2bf8000-7f9df2df7000 ---p 00002000 08:11 269223                     /usr/lib/x86_64-linux-gnu/libxcb-dri3.so.0.0.0
7f9df2df7000-7f9df2df8000 r--p 00001000 08:11 269223                     /usr/lib/x86_64-linux-gnu/libxcb-dri3.so.0.0.0
7f9df2df8000-7f9df2df9000 rw-p 00002000 08:11 269223                     /usr/lib/x86_64-linux-gnu/libxcb-dri3.so.0.0.0
7f9df2df9000-7f9df2e1f000 r-xp 00000000 08:11 1179928                    /lib/x86_64-linux-gnu/libexpat.so.1.6.0
7f9df2e1f000-7f9df301f000 ---p 00026000 08:11 1179928                    /lib/x86_64-linux-gnu/libexpat.so.1.6.0
7f9df301f000-7f9df3021000 r--p 00026000 08:11 1179928                    /lib/x86_64-linux-gnu/libexpat.so.1.6.0
7f9df3021000-7f9df3022000 rw-p 00028000 08:11 1179928                    /lib/x86_64-linux-gnu/libexpat.so.1.6.0
7f9df3022000-7f9df3038000 r-xp 00000000 08:11 1179766                    /lib/x86_64-linux-gnu/libnsl-2.23.so
7f9df3038000-7f9df3237000 ---p 00016000 08:11 1179766                    /lib/x86_64-linux-gnu/libnsl-2.23.so
7f9df3237000-7f9df3238000 r--p 00015000 08:11 1179766                    /lib/x86_64-linux-gnu/libnsl-2.23.so
7f9df3238000-7f9df3239000 rw-p 00016000 08:11 1179766                    /lib/x86_64-linux-gnu/libnsl-2.23.so
7f9df3239000-7f9df323b000 rw-p 00000000 00:00 0 
7f9df323b000-7f9df32a9000 r-xp 00000000 08:11 393906                     /usr/lib/x86_64-linux-gnu/mesa/libGL.so.1.2.0
7f9df32a9000-7f9df34a9000 ---p 0006e000 08:11 393906                     /usr/lib/x86_64-linux-gnu/mesa/libGL.so.1.2.0
7f9df34a9000-7f9df34ac000 r--p 0006e000 08:11 393906                     /usr/lib/x86_64-linux-gnu/mesa/libGL.so.1.2.0
7f9df34ac000-7f9df34ad000 rw-p 00071000 08:11 393906                     /usr/lib/x86_64-linux-gnu/mesa/libGL.so.1.2.0
7f9df34ad000-7f9df34ae000 rw-p 00000000 00:00 0 
7f9df34ae000-7f9df34cf000 r-xp 00000000 08:11 819648                     /usr/lib/jni/libj3dcore-ogl.so
7f9df34cf000-7f9df36cf000 ---p 00021000 08:11 819648                     /usr/lib/jni/libj3dcore-ogl.so
7f9df36cf000-7f9df36d0000 rw-p 00021000 08:11 819648                     /usr/lib/jni/libj3dcore-ogl.so
7f9df36d0000-7f9df36d1000 r-xp 00000000 08:11 450436                     /usr/lib/jvm/java-8-oracle/jre/lib/amd64/libjawt.so
7f9df36d1000-7f9df38d0000 ---p 00001000 08:11 450436                     /usr/lib/jvm/java-8-oracle/jre/lib/amd64/libjawt.so
7f9df38d0000-7f9df38d1000 rw-p 00000000 08:11 450436                     /usr/lib/jvm/java-8-oracle/jre/lib/amd64/libjawt.so
7f9df38d1000-7f9df38e7000 r-xp 00000000 08:11 450442                     /usr/lib/jvm/java-8-oracle/jre/lib/amd64/libnet.so
7f9df38e7000-7f9df3ae7000 ---p 00016000 08:11 450442                     /usr/lib/jvm/java-8-oracle/jre/lib/amd64/libnet.so
7f9df3ae7000-7f9df3ae8000 rw-p 00016000 08:11 450442                     /usr/lib/jvm/java-8-oracle/jre/lib/amd64/libnet.so
7f9df3ae8000-7f9df3af9000 r-xp 00000000 08:11 450445                     /usr/lib/jvm/java-8-oracle/jre/lib/amd64/libnio.so
7f9df3af9000-7f9df3cf8000 ---p 00011000 08:11 450445                     /usr/lib/jvm/java-8-oracle/jre/lib/amd64/libnio.so
7f9df3cf8000-7f9df3cf9000 rw-p 00010000 08:11 450445                     /usr/lib/jvm/java-8-oracle/jre/lib/amd64/libnio.so
7f9df3cf9000-7f9df3cfc000 ---p 00000000 00:00 0 
7f9df3cfc000-7f9df3dfa000 rw-p 00000000 00:00 0 
7f9df3dfa000-7f9df3dff000 r-xp 00000000 08:11 269267                     /usr/lib/x86_64-linux-gnu/libXfixes.so.3.1.0
7f9df3dff000-7f9df3ffe000 ---p 00005000 08:11 269267                     /usr/lib/x86_64-linux-gnu/libXfixes.so.3.1.0
7f9df3ffe000-7f9df3fff000 r--p 00004000 08:11 269267                     /usr/lib/x86_64-linux-gnu/libXfixes.so.3.1.0
7f9df3fff000-7f9df4000000 rw-p 00005000 08:11 269267                     /usr/lib/x86_64-linux-gnu/libXfixes.so.3.1.0
7f9df4000000-7f9df4021000 rw-p 00000000 00:00 0 
7f9df4021000-7f9df8000000 ---p 00000000 00:00 0 
7f9df8000000-7f9df8021000 rw-p 00000000 00:00 0 
7f9df8021000-7f9dfc000000 ---p 00000000 00:00 0 
7f9dfc000000-7f9dfccc1000 rw-p 00000000 00:00 0 
7f9dfccc1000-7f9e00000000 ---p 00000000 00:00 0 
7f9e00000000-7f9e010f3000 rw-p 00000000 00:00 0 
7f9e010f3000-7f9e04000000 ---p 00000000 00:00 0 
7f9e04000000-7f9e04021000 rw-p 00000000 00:00 0 
7f9e04021000-7f9e08000000 ---p 00000000 00:00 0 
7f9e08000000-7f9e08ccb000 rw-p 00000000 00:00 0 
7f9e08ccb000-7f9e0c000000 ---p 00000000 00:00 0 
7f9e0c000000-7f9e0c021000 rw-p 00000000 00:00 0 
7f9e0c021000-7f9e10000000 ---p 00000000 00:00 0 
7f9e10000000-7f9e10021000 rw-p 00000000 00:00 0 
7f9e10021000-7f9e14000000 ---p 00000000 00:00 0 
7f9e14000000-7f9e14292000 rw-p 00000000 00:00 0 
7f9e14292000-7f9e18000000 ---p 00000000 00:00 0 
7f9e18089000-7f9e18092000 r-xp 00000000 08:11 268836                     /usr/lib/x86_64-linux-gnu/libXcursor.so.1.0.2
7f9e18092000-7f9e18291000 ---p 00009000 08:11 268836                     /usr/lib/x86_64-linux-gnu/libXcursor.so.1.0.2
7f9e18291000-7f9e18292000 r--p 00008000 08:11 268836                     /usr/lib/x86_64-linux-gnu/libXcursor.so.1.0.2
7f9e18292000-7f9e18293000 rw-p 00009000 08:11 268836                     /usr/lib/x86_64-linux-gnu/libXcursor.so.1.0.2
7f9e18293000-7f9e18296000 ---p 00000000 00:00 0 
7f9e18296000-7f9e18394000 rw-p 00000000 00:00 0 
7f9e18394000-7f9e183aa000 r-xp 00000000 08:11 1179734                    /lib/x86_64-linux-gnu/libgcc_s.so.1
7f9e183aa000-7f9e185a9000 ---p 00016000 08:11 1179734                    /lib/x86_64-linux-gnu/libgcc_s.so.1
7f9e185a9000-7f9e185aa000 rw-p 00015000 08:11 1179734                    /lib/x86_64-linux-gnu/libgcc_s.so.1
7f9e185aa000-7f9e1860f000 r-xp 00000000 08:11 450421                     /usr/lib/jvm/java-8-oracle/jre/lib/amd64/libfontmanager.so
7f9e1860f000-7f9e1880e000 ---p 00065000 08:11 450421                     /usr/lib/jvm/java-8-oracle/jre/lib/amd64/libfontmanager.so
7f9e1880e000-7f9e18813000 rw-p 00064000 08:11 450421                     /usr/lib/jvm/java-8-oracle/jre/lib/amd64/libfontmanager.so
7f9e18813000-7f9e18823000 rw-p 00000000 00:00 0 
7f9e18823000-7f9e18828000 r-xp 00000000 08:11 268964                     /usr/lib/x86_64-linux-gnu/libXdmcp.so.6.0.0
7f9e18828000-7f9e18a27000 ---p 00005000 08:11 268964                     /usr/lib/x86_64-linux-gnu/libXdmcp.so.6.0.0
7f9e18a27000-7f9e18a28000 r--p 00004000 08:11 268964                     /usr/lib/x86_64-linux-gnu/libXdmcp.so.6.0.0
7f9e18a28000-7f9e18a29000 rw-p 00005000 08:11 268964                     /usr/lib/x86_64-linux-gnu/libXdmcp.so.6.0.0
7f9e18a29000-7f9e18a2b000 r-xp 00000000 08:11 268962                     /usr/lib/x86_64-linux-gnu/libXau.so.6.0.0
7f9e18a2b000-7f9e18c2b000 ---p 00002000 08:11 268962                     /usr/lib/x86_64-linux-gnu/libXau.so.6.0.0
7f9e18c2b000-7f9e18c2c000 r--p 00002000 08:11 268962                     /usr/lib/x86_64-linux-gnu/libXau.so.6.0.0
7f9e18c2c000-7f9e18c2d000 rw-p 00003000 08:11 268962                     /usr/lib/x86_64-linux-gnu/libXau.so.6.0.0
7f9e18c2d000-7f9e18c4e000 r-xp 00000000 08:11 268966                     /usr/lib/x86_64-linux-gnu/libxcb.so.1.1.0
7f9e18c4e000-7f9e18e4d000 ---p 00021000 08:11 268966                     /usr/lib/x86_64-linux-gnu/libxcb.so.1.1.0
7f9e18e4d000-7f9e18e4e000 r--p 00020000 08:11 268966                     /usr/lib/x86_64-linux-gnu/libxcb.so.1.1.0
7f9e18e4e000-7f9e18e4f000 rw-p 00021000 08:11 268966                     /usr/lib/x86_64-linux-gnu/libxcb.so.1.1.0
7f9e18e4f000-7f9e18e5e000 r-xp 00000000 08:11 269273                     /usr/lib/x86_64-linux-gnu/libXi.so.6.1.0
7f9e18e5e000-7f9e1905d000 ---p 0000f000 08:11 269273                     /usr/lib/x86_64-linux-gnu/libXi.so.6.1.0
7f9e1905d000-7f9e1905e000 r--p 0000e000 08:11 269273                     /usr/lib/x86_64-linux-gnu/libXi.so.6.1.0
7f9e1905e000-7f9e1905f000 rw-p 0000f000 08:11 269273                     /usr/lib/x86_64-linux-gnu/libXi.so.6.1.0
7f9e1905f000-7f9e19064000 r-xp 00000000 08:11 270164                     /usr/lib/x86_64-linux-gnu/libXtst.so.6.1.0
7f9e19064000-7f9e19263000 ---p 00005000 08:11 270164                     /usr/lib/x86_64-linux-gnu/libXtst.so.6.1.0
7f9e19263000-7f9e19264000 r--p 00004000 08:11 270164                     /usr/lib/x86_64-linux-gnu/libXtst.so.6.1.0
7f9e19264000-7f9e19265000 rw-p 00005000 08:11 270164                     /usr/lib/x86_64-linux-gnu/libXtst.so.6.1.0
7f9e19265000-7f9e1926e000 r-xp 00000000 08:11 269086                     /usr/lib/x86_64-linux-gnu/libXrender.so.1.3.0
7f9e1926e000-7f9e1946d000 ---p 00009000 08:11 269086                     /usr/lib/x86_64-linux-gnu/libXrender.so.1.3.0
7f9e1946d000-7f9e1946e000 r--p 00008000 08:11 269086                     /usr/lib/x86_64-linux-gnu/libXrender.so.1.3.0
7f9e1946e000-7f9e1946f000 rw-p 00009000 08:11 269086                     /usr/lib/x86_64-linux-gnu/libXrender.so.1.3.0
7f9e1946f000-7f9e195a4000 r-xp 00000000 08:11 268969                     /usr/lib/x86_64-linux-gnu/libX11.so.6.3.0
7f9e195a4000-7f9e197a4000 ---p 00135000 08:11 268969                     /usr/lib/x86_64-linux-gnu/libX11.so.6.3.0
7f9e197a4000-7f9e197a5000 r--p 00135000 08:11 268969                     /usr/lib/x86_64-linux-gnu/libX11.so.6.3.0
7f9e197a5000-7f9e197a9000 rw-p 00136000 08:11 268969                     /usr/lib/x86_64-linux-gnu/libX11.so.6.3.0
7f9e197a9000-7f9e197ba000 r-xp 00000000 08:11 268971                     /usr/lib/x86_64-linux-gnu/libXext.so.6.4.0
7f9e197ba000-7f9e199b9000 ---p 00011000 08:11 268971                     /usr/lib/x86_64-linux-gnu/libXext.so.6.4.0
7f9e199b9000-7f9e199ba000 r--p 00010000 08:11 268971                     /usr/lib/x86_64-linux-gnu/libXext.so.6.4.0
7f9e199ba000-7f9e199bb000 rw-p 00011000 08:11 268971                     /usr/lib/x86_64-linux-gnu/libXext.so.6.4.0
7f9e199c1000-7f9e199cb000 r--s 00116000 08:11 450335                     /usr/lib/jvm/java-8-oracle/jre/lib/ext/localedata.jar
7f9e199cb000-7f9e199e7000 r--s 00393000 08:11 450328                     /usr/lib/jvm/java-8-oracle/jre/lib/ext/cldrdata.jar
7f9e199e7000-7f9e19a3b000 r-xp 00000000 08:11 450449                     /usr/lib/jvm/java-8-oracle/jre/lib/amd64/libawt_xawt.so
7f9e19a3b000-7f9e19c3b000 ---p 00054000 08:11 450449                     /usr/lib/jvm/java-8-oracle/jre/lib/amd64/libawt_xawt.so
7f9e19c3b000-7f9e19c3f000 rw-p 00054000 08:11 450449                     /usr/lib/jvm/java-8-oracle/jre/lib/amd64/libawt_xawt.so
7f9e19c3f000-7f9e19c40000 rw-p 00000000 00:00 0 
7f9e19c40000-7f9e19ce2000 r-xp 00000000 08:11 450434                     /usr/lib/jvm/java-8-oracle/jre/lib/amd64/libawt.so
7f9e19ce2000-7f9e19ee2000 ---p 000a2000 08:11 450434                     /usr/lib/jvm/java-8-oracle/jre/lib/amd64/libawt.so
7f9e19ee2000-7f9e19eee000 rw-p 000a2000 08:11 450434                     /usr/lib/jvm/java-8-oracle/jre/lib/amd64/libawt.so
7f9e19eee000-7f9e19f12000 rw-p 00000000 00:00 0 
7f9e19f12000-7f9e19f13000 ---p 00000000 00:00 0 
7f9e19f13000-7f9e1a013000 rw-p 00000000 00:00 0 
7f9e1a013000-7f9e1a016000 ---p 00000000 00:00 0 
7f9e1a016000-7f9e1a114000 rw-p 00000000 00:00 0 
7f9e1a114000-7f9e1a117000 ---p 00000000 00:00 0 
7f9e1a117000-7f9e1a215000 rw-p 00000000 00:00 0 
7f9e1a215000-7f9e1a218000 ---p 00000000 00:00 0 
7f9e1a218000-7f9e1a316000 rw-p 00000000 00:00 0 
7f9e1a316000-7f9e1a319000 ---p 00000000 00:00 0 
7f9e1a319000-7f9e1a417000 rw-p 00000000 00:00 0 
7f9e1a417000-7f9e1a41a000 ---p 00000000 00:00 0 
7f9e1a41a000-7f9e1a518000 rw-p 00000000 00:00 0 
7f9e1a518000-7f9e1a7f0000 r--p 00000000 08:11 262845                     /usr/lib/locale/locale-archive
7f9e1a7f0000-7f9e1a7f3000 ---p 00000000 00:00 0 
7f9e1a7f3000-7f9e1a8f1000 rw-p 00000000 00:00 0 
7f9e1a8f1000-7f9e1a8f4000 ---p 00000000 00:00 0 
7f9e1a8f4000-7f9e1a9f2000 rw-p 00000000 00:00 0 
7f9e1a9f2000-7f9e1a9f3000 ---p 00000000 00:00 0 
7f9e1a9f3000-7f9e1c000000 rw-p 00000000 00:00 0 
7f9e1c000000-7f9e1c021000 rw-p 00000000 00:00 0 
7f9e1c021000-7f9e20000000 ---p 00000000 00:00 0 
7f9e20000000-7f9e20021000 rw-p 00000000 00:00 0 
7f9e20021000-7f9e24000000 ---p 00000000 00:00 0 
7f9e24000000-7f9e24021000 rw-p 00000000 00:00 0 
7f9e24021000-7f9e28000000 ---p 00000000 00:00 0 
7f9e28001000-7f9e28006000 r--s 002f9000 08:11 450224                     /usr/lib/jvm/java-8-oracle/jre/lib/charsets.jar
7f9e28006000-7f9e28011000 r--s 0029e000 08:11 428352                     /usr/share/java/j3dcore-1.5.2+dfsg.jar
7f9e28011000-7f9e28016000 r--s 00019000 08:11 416765                     /usr/share/java/aspectjrt-1.8.8.jar
7f9e28016000-7f9e2801c000 r--s 0004f000 08:11 409625                     /usr/local/share/java/mail.jar
7f9e2801c000-7f9e2801e000 r--s 0000c000 08:11 409627                     /usr/local/share/java/activation.jar
7f9e2801e000-7f9e2802c000 r--s 0018b000 08:11 428353                     /usr/share/java/j3dutils-1.5.2+dfsg.jar
7f9e2802c000-7f9e2c000000 rw-p 00000000 00:00 0 
7f9e2c000000-7f9e2c021000 rw-p 00000000 00:00 0 
7f9e2c021000-7f9e30000000 ---p 00000000 00:00 0 
7f9e30000000-7f9e30001000 r--p 00000000 08:11 43937                      /usr/share/locale-langpack/en_GB/LC_MESSAGES/libc.mo
7f9e30001000-7f9e3000b000 r--s 000e8000 08:11 417416                     /usr/share/java/mysql-connector-java-5.1.38.jar
7f9e3000b000-7f9e3000e000 r--s 00150000 08:11 409645                     /usr/local/share/java/j3daudio.jar
7f9e3000e000-7f9e301e8000 r--s 03d68000 08:11 450226                     /usr/lib/jvm/java-8-oracle/jre/lib/rt.jar
7f9e301e8000-7f9e30692000 rw-p 00000000 00:00 0 
7f9e30692000-7f9e30693000 ---p 00000000 00:00 0 
7f9e30693000-7f9e30793000 rw-p 00000000 00:00 0 
7f9e30793000-7f9e30794000 ---p 00000000 00:00 0 
7f9e30794000-7f9e30894000 rw-p 00000000 00:00 0 
7f9e30894000-7f9e30895000 ---p 00000000 00:00 0 
7f9e30895000-7f9e30b40000 rw-p 00000000 00:00 0 
7f9e30b40000-7f9e30c26000 ---p 00000000 00:00 0 
7f9e30c26000-7f9e30dd1000 rw-p 00000000 00:00 0 
7f9e30dd1000-7f9e30eb6000 ---p 00000000 00:00 0 
7f9e30eb6000-7f9e30fff000 rw-p 00000000 00:00 0 
7f9e30fff000-7f9e31000000 rw-p 00000000 00:00 0 
7f9e31000000-7f9e316d0000 rwxp 00000000 00:00 0 
7f9e316d0000-7f9e40000000 ---p 00000000 00:00 0 
7f9e40000000-7f9e405e7000 rw-p 00000000 00:00 0 
7f9e405e7000-7f9e44000000 ---p 00000000 00:00 0 
7f9e44000000-7f9e44002000 r--s 0004b000 08:11 428344                     /usr/share/java/vecmath-1.5.2.jar
7f9e44002000-7f9e44051000 rw-p 00000000 00:00 0 
7f9e44051000-7f9e44052000 ---p 00000000 00:00 0 
7f9e44052000-7f9e4416e000 rw-p 00000000 00:00 0 
7f9e4416e000-7f9e44512000 ---p 00000000 00:00 0 
7f9e44512000-7f9e4452d000 r-xp 00000000 08:11 450438                     /usr/lib/jvm/java-8-oracle/jre/lib/amd64/libzip.so
7f9e4452d000-7f9e4472d000 ---p 0001b000 08:11 450438                     /usr/lib/jvm/java-8-oracle/jre/lib/amd64/libzip.so
7f9e4472d000-7f9e4472e000 rw-p 0001b000 08:11 450438                     /usr/lib/jvm/java-8-oracle/jre/lib/amd64/libzip.so
7f9e4472e000-7f9e44759000 r-xp 00000000 08:11 450431                     /usr/lib/jvm/java-8-oracle/jre/lib/amd64/libjava.so
7f9e44759000-7f9e44958000 ---p 0002b000 08:11 450431                     /usr/lib/jvm/java-8-oracle/jre/lib/amd64/libjava.so
7f9e44958000-7f9e4495a000 rw-p 0002a000 08:11 450431                     /usr/lib/jvm/java-8-oracle/jre/lib/amd64/libjava.so
7f9e4495a000-7f9e44967000 r-xp 00000000 08:11 450437                     /usr/lib/jvm/java-8-oracle/jre/lib/amd64/libverify.so
7f9e44967000-7f9e44b67000 ---p 0000d000 08:11 450437                     /usr/lib/jvm/java-8-oracle/jre/lib/amd64/libverify.so
7f9e44b67000-7f9e44b69000 rw-p 0000d000 08:11 450437                     /usr/lib/jvm/java-8-oracle/jre/lib/amd64/libverify.so
7f9e44b69000-7f9e44b70000 r-xp 00000000 08:11 1179805                    /lib/x86_64-linux-gnu/librt-2.23.so
7f9e44b70000-7f9e44d6f000 ---p 00007000 08:11 1179805                    /lib/x86_64-linux-gnu/librt-2.23.so
7f9e44d6f000-7f9e44d70000 r--p 00006000 08:11 1179805                    /lib/x86_64-linux-gnu/librt-2.23.so
7f9e44d70000-7f9e44d71000 rw-p 00007000 08:11 1179805                    /lib/x86_64-linux-gnu/librt-2.23.so
7f9e44d71000-7f9e44e79000 r-xp 00000000 08:11 1179763                    /lib/x86_64-linux-gnu/libm-2.23.so
7f9e44e79000-7f9e45078000 ---p 00108000 08:11 1179763                    /lib/x86_64-linux-gnu/libm-2.23.so
7f9e45078000-7f9e45079000 r--p 00107000 08:11 1179763                    /lib/x86_64-linux-gnu/libm-2.23.so
7f9e45079000-7f9e4507a000 rw-p 00108000 08:11 1179763                    /lib/x86_64-linux-gnu/libm-2.23.so
7f9e4507a000-7f9e45d53000 r-xp 00000000 08:11 450458                     /usr/lib/jvm/java-8-oracle/jre/lib/amd64/server/libjvm.so
7f9e45d53000-7f9e45f52000 ---p 00cd9000 08:11 450458                     /usr/lib/jvm/java-8-oracle/jre/lib/amd64/server/libjvm.so
7f9e45f52000-7f9e4602c000 rw-p 00cd8000 08:11 450458                     /usr/lib/jvm/java-8-oracle/jre/lib/amd64/server/libjvm.so
7f9e4602c000-7f9e46077000 rw-p 00000000 00:00 0 
7f9e46077000-7f9e46237000 r-xp 00000000 08:11 1179771                    /lib/x86_64-linux-gnu/libc-2.23.so
7f9e46237000-7f9e46437000 ---p 001c0000 08:11 1179771                    /lib/x86_64-linux-gnu/libc-2.23.so
7f9e46437000-7f9e4643b000 r--p 001c0000 08:11 1179771                    /lib/x86_64-linux-gnu/libc-2.23.so
7f9e4643b000-7f9e4643d000 rw-p 001c4000 08:11 1179771                    /lib/x86_64-linux-gnu/libc-2.23.so
7f9e4643d000-7f9e46441000 rw-p 00000000 00:00 0 
7f9e46441000-7f9e46444000 r-xp 00000000 08:11 1179773                    /lib/x86_64-linux-gnu/libdl-2.23.so
7f9e46444000-7f9e46643000 ---p 00003000 08:11 1179773                    /lib/x86_64-linux-gnu/libdl-2.23.so
7f9e46643000-7f9e46644000 r--p 00002000 08:11 1179773                    /lib/x86_64-linux-gnu/libdl-2.23.so
7f9e46644000-7f9e46645000 rw-p 00003000 08:11 1179773                    /lib/x86_64-linux-gnu/libdl-2.23.so
7f9e46645000-7f9e4665b000 r-xp 00000000 08:11 450138                     /usr/lib/jvm/java-8-oracle/lib/amd64/jli/libjli.so
7f9e4665b000-7f9e4685a000 ---p 00016000 08:11 450138                     /usr/lib/jvm/java-8-oracle/lib/amd64/jli/libjli.so
7f9e4685a000-7f9e4685b000 rw-p 00015000 08:11 450138                     /usr/lib/jvm/java-8-oracle/lib/amd64/jli/libjli.so
7f9e4685b000-7f9e46873000 r-xp 00000000 08:11 1179770                    /lib/x86_64-linux-gnu/libpthread-2.23.so
7f9e46873000-7f9e46a72000 ---p 00018000 08:11 1179770                    /lib/x86_64-linux-gnu/libpthread-2.23.so
7f9e46a72000-7f9e46a73000 r--p 00017000 08:11 1179770                    /lib/x86_64-linux-gnu/libpthread-2.23.so
7f9e46a73000-7f9e46a74000 rw-p 00018000 08:11 1179770                    /lib/x86_64-linux-gnu/libpthread-2.23.so
7f9e46a74000-7f9e46a78000 rw-p 00000000 00:00 0 
7f9e46a78000-7f9e46a9e000 r-xp 00000000 08:11 1179767                    /lib/x86_64-linux-gnu/ld-2.23.so
7f9e46a9e000-7f9e46b2f000 rw-p 00000000 00:00 0 
7f9e46b2f000-7f9e46b6b000 r--s 00000000 08:11 1337281                    /var/cache/nscd/passwd
7f9e46b6b000-7f9e46b6e000 ---p 00000000 00:00 0 
7f9e46b6e000-7f9e46c71000 rw-p 00000000 00:00 0 
7f9e46c71000-7f9e46c72000 r--s 00003000 08:11 409632                     /usr/local/share/java/galapagos.jar
7f9e46c72000-7f9e46c93000 rw-p 00000000 00:00 0 
7f9e46c93000-7f9e46c9b000 rw-s 00000000 00:28 4339                       /tmp/hsperfdata_oo115/8504
7f9e46c9b000-7f9e46c9c000 rw-p 00000000 00:00 0 
7f9e46c9c000-7f9e46c9d000 ---p 00000000 00:00 0 
7f9e46c9d000-7f9e46c9e000 r--p 00025000 08:11 1179767                    /lib/x86_64-linux-gnu/ld-2.23.so
7f9e46c9e000-7f9e46c9f000 rw-p 00026000 08:11 1179767                    /lib/x86_64-linux-gnu/ld-2.23.so
7f9e46c9f000-7f9e46ca0000 rw-p 00000000 00:00 0 
7ffc8fc44000-7ffc8fc65000 rw-p 00000000 00:00 0                          [stack]
7ffc8fca7000-7ffc8fcaa000 r--p 00000000 00:00 0                          [vvar]
7ffc8fcaa000-7ffc8fcac000 r-xp 00000000 00:00 0                          [vdso]
ffffffffff600000-ffffffffff601000 r-xp 00000000 00:00 0                  [vsyscall]

VM Arguments:
jvm_args: -Dfile.encoding=UTF-8 
java_command: ChristmassTree
java_class_path (initial): /var/autofs/home/s_home/oo115/workspace/Java3D/bin
Launcher Type: SUN_STANDARD

Environment Variables:
PATH=/usr/local/sbin:/usr/local/bin:/usr/sbin:/usr/bin:/sbin:/bin:/usr/games:/usr/local/games:/snap/bin
SHELL=/bin/bash
DISPLAY=:0

Signal Handlers:
SIGSEGV: [libjvm.so+0xad0890], sa_mask[0]=11111111011111111101111111111110, sa_flags=SA_RESTART|SA_SIGINFO
SIGBUS: [libjvm.so+0xad0890], sa_mask[0]=11111111011111111101111111111110, sa_flags=SA_RESTART|SA_SIGINFO
SIGFPE: [libjvm.so+0x928640], sa_mask[0]=11111111011111111101111111111110, sa_flags=SA_RESTART|SA_SIGINFO
SIGPIPE: [libjvm.so+0x928640], sa_mask[0]=11111111011111111101111111111110, sa_flags=SA_RESTART|SA_SIGINFO
SIGXFSZ: [libjvm.so+0x928640], sa_mask[0]=11111111011111111101111111111110, sa_flags=SA_RESTART|SA_SIGINFO
SIGILL: [libjvm.so+0x928640], sa_mask[0]=11111111011111111101111111111110, sa_flags=SA_RESTART|SA_SIGINFO
SIGUSR1: SIG_DFL, sa_mask[0]=00000000000000000000000000000000, sa_flags=none
SIGUSR2: [libjvm.so+0x929ea0], sa_mask[0]=00100000000000000000000000000000, sa_flags=SA_RESTART|SA_SIGINFO
SIGHUP: [libjvm.so+0x92b2a0], sa_mask[0]=11111111011111111101111111111110, sa_flags=SA_RESTART|SA_SIGINFO
SIGINT: [libjvm.so+0x92b2a0], sa_mask[0]=11111111011111111101111111111110, sa_flags=SA_RESTART|SA_SIGINFO
SIGTERM: [libjvm.so+0x92b2a0], sa_mask[0]=11111111011111111101111111111110, sa_flags=SA_RESTART|SA_SIGINFO
SIGQUIT: [libjvm.so+0x92b2a0], sa_mask[0]=11111111011111111101111111111110, sa_flags=SA_RESTART|SA_SIGINFO


---------------  S Y S T E M  ---------------

OS:DISTRIB_ID=Ubuntu
DISTRIB_RELEASE=16.04
DISTRIB_CODENAME=xenial
DISTRIB_DESCRIPTION="Ubuntu 16.04.4 LTS"

uname:Linux 4.4.0-119-generic #143-Ubuntu SMP Mon Apr 2 16:08:24 UTC 2018 x86_64
libc:glibc 2.23 NPTL 2.23 
rlimit: STACK 8192k, CORE 0k, NPROC 31328, NOFILE 4096, AS infinity
load average:8.07 6.23 4.06

/proc/meminfo:
MemTotal:        8063012 kB
MemFree:          110172 kB
MemAvailable:      14248 kB
Buffers:             960 kB
Cached:           158380 kB
SwapCached:        23220 kB
Active:          6532976 kB
Inactive:        1195024 kB
Active(anon):    6515176 kB
Inactive(anon):  1177444 kB
Active(file):      17800 kB
Inactive(file):    17580 kB
Unevictable:         120 kB
Mlocked:             120 kB
SwapTotal:       8703996 kB
SwapFree:          56676 kB
Dirty:                 0 kB
Writeback:         15968 kB
AnonPages:       7546520 kB
Mapped:            49572 kB
Shmem:            123572 kB
Slab:              88368 kB
SReclaimable:      42704 kB
SUnreclaim:        45664 kB
KernelStack:       14016 kB
PageTables:        65564 kB
NFS_Unstable:          0 kB
Bounce:                0 kB
WritebackTmp:          0 kB
CommitLimit:    12735500 kB
Committed_AS:   20289356 kB
VmallocTotal:   34359738367 kB
VmallocUsed:           0 kB
VmallocChunk:          0 kB
HardwareCorrupted:     0 kB
AnonHugePages:         0 kB
CmaTotal:              0 kB
CmaFree:               0 kB
HugePages_Total:       0
HugePages_Free:        0
HugePages_Rsvd:        0
HugePages_Surp:        0
Hugepagesize:       2048 kB
DirectMap4k:      238264 kB
DirectMap2M:     8038400 kB
DirectMap1G:     1048576 kB


CPU:total 4 (initial active 4) (4 cores per cpu, 1 threads per core) family 6 model 60 stepping 3, cmov, cx8, fxsr, mmx, sse, sse2, sse3, ssse3, sse4.1, sse4.2, popcnt, avx, avx2, aes, clmul, erms, lzcnt, tsc, tscinvbit, bmi1, bmi2

/proc/cpuinfo:
processor	: 0
vendor_id	: GenuineIntel
cpu family	: 6
model		: 60
model name	: Intel(R) Core(TM) i5-4690S CPU @ 3.20GHz
stepping	: 3
microcode	: 0x24
cpu MHz		: 3499.875
cache size	: 6144 KB
physical id	: 0
siblings	: 4
core id		: 0
cpu cores	: 4
apicid		: 0
initial apicid	: 0
fpu		: yes
fpu_exception	: yes
cpuid level	: 13
wp		: yes
flags		: fpu vme de pse tsc msr pae mce cx8 apic sep mtrr pge mca cmov pat pse36 clflush dts acpi mmx fxsr sse sse2 ss ht tm pbe syscall nx pdpe1gb rdtscp lm constant_tsc arch_perfmon pebs bts rep_good nopl xtopology nonstop_tsc aperfmperf eagerfpu pni pclmulqdq dtes64 monitor ds_cpl vmx smx est tm2 ssse3 sdbg fma cx16 xtpr pdcm pcid sse4_1 sse4_2 x2apic movbe popcnt tsc_deadline_timer aes xsave avx f16c rdrand lahf_lm abm epb invpcid_single spec_ctrl retpoline kaiser tpr_shadow vnmi flexpriority ept vpid fsgsbase tsc_adjust bmi1 avx2 smep bmi2 erms invpcid xsaveopt dtherm ida arat pln pts
bugs		: cpu_meltdown spectre_v1 spectre_v2
bogomips	: 6385.57
clflush size	: 64
cache_alignment	: 64
address sizes	: 39 bits physical, 48 bits virtual
power management:

processor	: 1
vendor_id	: GenuineIntel
cpu family	: 6
model		: 60
model name	: Intel(R) Core(TM) i5-4690S CPU @ 3.20GHz
stepping	: 3
microcode	: 0x24
cpu MHz		: 3505.375
cache size	: 6144 KB
physical id	: 0
siblings	: 4
core id		: 1
cpu cores	: 4
apicid		: 2
initial apicid	: 2
fpu		: yes
fpu_exception	: yes
cpuid level	: 13
wp		: yes
flags		: fpu vme de pse tsc msr pae mce cx8 apic sep mtrr pge mca cmov pat pse36 clflush dts acpi mmx fxsr sse sse2 ss ht tm pbe syscall nx pdpe1gb rdtscp lm constant_tsc arch_perfmon pebs bts rep_good nopl xtopology nonstop_tsc aperfmperf eagerfpu pni pclmulqdq dtes64 monitor ds_cpl vmx smx est tm2 ssse3 sdbg fma cx16 xtpr pdcm pcid sse4_1 sse4_2 x2apic movbe popcnt tsc_deadline_timer aes xsave avx f16c rdrand lahf_lm abm epb invpcid_single spec_ctrl retpoline kaiser tpr_shadow vnmi flexpriority ept vpid fsgsbase tsc_adjust bmi1 avx2 smep bmi2 erms invpcid xsaveopt dtherm ida arat pln pts
bugs		: cpu_meltdown spectre_v1 spectre_v2
bogomips	: 6385.57
clflush size	: 64
cache_alignment	: 64
address sizes	: 39 bits physical, 48 bits virtual
power management:

processor	: 2
vendor_id	: GenuineIntel
cpu family	: 6
model		: 60
model name	: Intel(R) Core(TM) i5-4690S CPU @ 3.20GHz
stepping	: 3
microcode	: 0x24
cpu MHz		: 3500.000
cache size	: 6144 KB
physical id	: 0
siblings	: 4
core id		: 2
cpu cores	: 4
apicid		: 4
initial apicid	: 4
fpu		: yes
fpu_exception	: yes
cpuid level	: 13
wp		: yes
flags		: fpu vme de pse tsc msr pae mce cx8 apic sep mtrr pge mca cmov pat pse36 clflush dts acpi mmx fxsr sse sse2 ss ht tm pbe syscall nx pdpe1gb rdtscp lm constant_tsc arch_perfmon pebs bts rep_good nopl xtopology nonstop_tsc aperfmperf eagerfpu pni pclmulqdq dtes64 monitor ds_cpl vmx smx est tm2 ssse3 sdbg fma cx16 xtpr pdcm pcid sse4_1 sse4_2 x2apic movbe popcnt tsc_deadline_timer aes xsave avx f16c rdrand lahf_lm abm epb invpcid_single spec_ctrl retpoline kaiser tpr_shadow vnmi flexpriority ept vpid fsgsbase tsc_adjust bmi1 avx2 smep bmi2 erms invpcid xsaveopt dtherm ida arat pln pts
bugs		: cpu_meltdown spectre_v1 spectre_v2
bogomips	: 6385.57
clflush size	: 64
cache_alignment	: 64
address sizes	: 39 bits physical, 48 bits virtual
power management:

processor	: 3
vendor_id	: GenuineIntel
cpu family	: 6
model		: 60
model name	: Intel(R) Core(TM) i5-4690S CPU @ 3.20GHz
stepping	: 3
microcode	: 0x24
cpu MHz		: 3508.500
cache size	: 6144 KB
physical id	: 0
siblings	: 4
core id		: 3
cpu cores	: 4
apicid		: 6
initial apicid	: 6
fpu		: yes
fpu_exception	: yes
cpuid level	: 13
wp		: yes
flags		: fpu vme de pse tsc msr pae mce cx8 apic sep mtrr pge mca cmov pat pse36 clflush dts acpi mmx fxsr sse sse2 ss ht tm pbe syscall nx pdpe1gb rdtscp lm constant_tsc arch_perfmon pebs bts rep_good nopl xtopology nonstop_tsc aperfmperf eagerfpu pni pclmulqdq dtes64 monitor ds_cpl vmx smx est tm2 ssse3 sdbg fma cx16 xtpr pdcm pcid sse4_1 sse4_2 x2apic movbe popcnt tsc_deadline_timer aes xsave avx f16c rdrand lahf_lm abm epb invpcid_single spec_ctrl retpoline kaiser tpr_shadow vnmi flexpriority ept vpid fsgsbase tsc_adjust bmi1 avx2 smep bmi2 erms invpcid xsaveopt dtherm ida arat pln pts
bugs		: cpu_meltdown spectre_v1 spectre_v2
bogomips	: 6385.57
clflush size	: 64
cache_alignment	: 64
address sizes	: 39 bits physical, 48 bits virtual
power management:



Memory: 4k page, physical 8063012k(110172k free), swap 8703996k(56676k free)

vm_info: Java HotSpot(TM) 64-Bit Server VM (25.171-b11) for linux-amd64 JRE (1.8.0_171-b11), built on Mar 28 2018 17:07:08 by "java_re" with gcc 4.3.0 20080428 (Red Hat 4.3.0-8)

time: Tue Apr 24 12:32:22 2018
elapsed time: 20 seconds (0d 0h 0m 20s)

