#
# There is insufficient memory for the Java Runtime Environment to continue.
# Native memory allocation (mmap) failed to map 73924608 bytes for committing reserved memory.
# Possible reasons:
#   The system is out of physical RAM or swap space
#   In 32 bit mode, the process size limit was hit
# Possible solutions:
#   Reduce memory load on the system
#   Increase physical memory or swap space
#   Check if swap backing store is full
#   Use 64 bit Java on a 64 bit OS
#   Decrease Java heap size (-Xmx/-Xms)
#   Decrease number of Java threads
#   Decrease Java thread stack sizes (-Xss)
#   Set larger code cache with -XX:ReservedCodeCacheSize=
# This output file may be truncated or incomplete.
#
#  Out of Memory Error (os_linux.cpp:2640), pid=18890, tid=0x00007f6498efe700
#
# JRE version: Java(TM) SE Runtime Environment (8.0_171-b11) (build 1.8.0_171-b11)
# Java VM: Java HotSpot(TM) 64-Bit Server VM (25.171-b11 mixed mode linux-amd64 compressed oops)
# Failed to write core dump. Core dumps have been disabled. To enable core dumping, try "ulimit -c unlimited" before starting Java again
#

---------------  T H R E A D  ---------------

Current thread (0x00007f64a8076000):  VMThread [stack: 0x00007f6498dfe000,0x00007f6498eff000] [id=18902]

Stack: [0x00007f6498dfe000,0x00007f6498eff000],  sp=0x00007f6498efd020,  free space=1020k
Native frames: (J=compiled Java code, j=interpreted, Vv=VM code, C=native code)
V  [libjvm.so+0xacfffa]  VMError::report_and_die()+0x2ba
V  [libjvm.so+0x5005cb]  report_vm_out_of_memory(char const*, int, unsigned long, VMErrorType, char const*)+0x8b
V  [libjvm.so+0x92dd93]  os::Linux::commit_memory_impl(char*, unsigned long, bool)+0x123
V  [libjvm.so+0x92dfb9]  os::pd_commit_memory(char*, unsigned long, unsigned long, bool)+0x29
V  [libjvm.so+0x92527a]  os::commit_memory(char*, unsigned long, unsigned long, bool)+0x2a
V  [libjvm.so+0x99b223]  PSVirtualSpace::expand_by(unsigned long)+0x53
V  [libjvm.so+0x99c628]  PSYoungGen::resize_generation(unsigned long, unsigned long)+0xf8
V  [libjvm.so+0x99b782]  PSYoungGen::resize(unsigned long, unsigned long)+0x22
V  [libjvm.so+0x998a5b]  PSScavenge::invoke_no_policy()+0xf3b
V  [libjvm.so+0x9991e1]  PSScavenge::invoke()+0x41
V  [libjvm.so+0x94fcb0]  ParallelScavengeHeap::failed_mem_allocate(unsigned long)+0x70
V  [libjvm.so+0xad1a77]  VM_ParallelGCFailedAllocation::doit()+0x97
V  [libjvm.so+0xad9595]  VM_Operation::evaluate()+0x55
V  [libjvm.so+0xad795a]  VMThread::evaluate_operation(VM_Operation*)+0xba
V  [libjvm.so+0xad7d1d]  VMThread::loop()+0x20d
V  [libjvm.so+0xad8150]  VMThread::run()+0x70
V  [libjvm.so+0x92e0f8]  java_start(Thread*)+0x108

VM_Operation (0x00007f64514e53b0): ParallelGCFailedAllocation, mode: safepoint, requested by thread 0x00007f643c007000


---------------  P R O C E S S  ---------------

Java Threads: ( => current thread )
  0x00007f643c017800 JavaThread "J3D-InputDeviceScheduler-1" [_thread_blocked, id=19000, stack(0x00007f6450cdf000,0x00007f6450de0000)]
  0x00007f643c012000 JavaThread "J3D-SoundSchedulerUpdateThread-1" [_thread_blocked, id=18998, stack(0x00007f6450de0000,0x00007f6450ee1000)]
  0x00007f643c010000 JavaThread "J3D-RenderStructureUpdateThread-1" [_thread_blocked, id=18997, stack(0x00007f6450ee1000,0x00007f6450fe2000)]
  0x00007f643c00e000 JavaThread "J3D-BehaviorScheduler-1" [_thread_blocked, id=18996, stack(0x00007f6450fe2000,0x00007f64510e3000)]
  0x00007f643c00c800 JavaThread "J3D-TransformStructureUpdateThread-1" [_thread_blocked, id=18995, stack(0x00007f64510e3000,0x00007f64511e4000)]
  0x00007f643c00a800 JavaThread "J3D-RenderingEnvironmentStructureUpdateThread-1" [_thread_blocked, id=18994, stack(0x00007f64511e4000,0x00007f64512e5000)]
  0x00007f643c008800 JavaThread "J3D-SoundStructureUpdateThread-1" [_thread_blocked, id=18993, stack(0x00007f64512e5000,0x00007f64513e6000)]
  0x00007f643c007000 JavaThread "J3D-GeometryStructureUpdateThread-1" [_thread_blocked, id=18992, stack(0x00007f64513e6000,0x00007f64514e7000)]
  0x00007f643c01b000 JavaThread "J3D-BehaviorStructureUpdateThread-1" [_thread_blocked, id=18991, stack(0x00007f64514e7000,0x00007f64515e8000)]
  0x00007f64a8008000 JavaThread "DestroyJavaVM" [_thread_blocked, id=18891, stack(0x00007f64b11c1000,0x00007f64b12c2000)]
  0x00007f64a8164800 JavaThread "AWT-EventQueue-0" [_thread_blocked, id=18931, stack(0x00007f64517e8000,0x00007f64518e9000)]
  0x00007f64a8162800 JavaThread "AWT-Shutdown" [_thread_blocked, id=18929, stack(0x00007f64518e9000,0x00007f64519ea000)]
  0x00007f643c005800 JavaThread "J3D-Renderer-1" [_thread_blocked, id=18917, stack(0x00007f64536ea000,0x00007f64537eb000)]
  0x00007f64a826e800 JavaThread "J3D-MasterControl-1" [_thread_blocked, id=18916, stack(0x00007f64537eb000,0x00007f64538ec000)]
  0x00007f64a826d000 JavaThread "J3D-NotificationThread" [_thread_blocked, id=18915, stack(0x00007f64538ec000,0x00007f64539ed000)]
  0x00007f64a826b000 JavaThread "J3D-TimerThread" [_thread_blocked, id=18914, stack(0x00007f64539ed000,0x00007f6453aee000)]
  0x00007f64a82c6800 JavaThread "J3D-RenderingAttributesStructureUpdateThread" [_thread_blocked, id=18913, stack(0x00007f6453aee000,0x00007f6453bef000)]
  0x00007f64a8226800 JavaThread "AWT-XAWT" daemon [_thread_blocked, id=18912, stack(0x00007f648a39b000,0x00007f648a49c000)]
  0x00007f64a81fe800 JavaThread "Java2D Disposer" daemon [_thread_blocked, id=18911, stack(0x00007f648a8ac000,0x00007f648a9ad000)]
  0x00007f64a80bf000 JavaThread "Service Thread" daemon [_thread_blocked, id=18909, stack(0x00007f649841f000,0x00007f6498520000)]
  0x00007f64a80bc000 JavaThread "C1 CompilerThread2" daemon [_thread_blocked, id=18908, stack(0x00007f6498520000,0x00007f6498621000)]
  0x00007f64a80ba800 JavaThread "C2 CompilerThread1" daemon [_thread_blocked, id=18907, stack(0x00007f6498621000,0x00007f6498722000)]
  0x00007f64a80b7800 JavaThread "C2 CompilerThread0" daemon [_thread_blocked, id=18906, stack(0x00007f6498722000,0x00007f6498823000)]
  0x00007f64a80b6000 JavaThread "Signal Dispatcher" daemon [_thread_blocked, id=18905, stack(0x00007f6498823000,0x00007f6498924000)]
  0x00007f64a8082800 JavaThread "Finalizer" daemon [_thread_blocked, id=18904, stack(0x00007f6498bfc000,0x00007f6498cfd000)]
  0x00007f64a807e000 JavaThread "Reference Handler" daemon [_thread_blocked, id=18903, stack(0x00007f6498cfd000,0x00007f6498dfe000)]

Other Threads:
=>0x00007f64a8076000 VMThread [stack: 0x00007f6498dfe000,0x00007f6498eff000] [id=18902]
  0x00007f64a80c4000 WatcherThread [stack: 0x00007f649831e000,0x00007f649841f000] [id=18910]

VM state:at safepoint (normal execution)

VM Mutex/Monitor currently owned by a thread:  ([mutex/lock_event])
[0x00007f64a8006a60] Threads_lock - owner thread: 0x00007f64a8076000
[0x00007f64a8006f60] Heap_lock - owner thread: 0x00007f643c007000

Heap:
 PSYoungGen      total 356352K, used 133470K [0x00000000d6f80000, 0x00000000f7100000, 0x0000000100000000)
  eden space 194048K, 0% used [0x00000000d6f80000,0x00000000d6f80000,0x00000000e2d00000)
  from space 162304K, 82% used [0x00000000e2d00000,0x00000000eaf57a30,0x00000000ecb80000)
  to   space 151552K, 0% used [0x00000000ecb80000,0x00000000ecb80000,0x00000000f5f80000)
 ParOldGen       total 412672K, used 285960K [0x0000000084e00000, 0x000000009e100000, 0x00000000d6f80000)
  object space 412672K, 69% used [0x0000000084e00000,0x0000000096542360,0x000000009e100000)
 Metaspace       used 13751K, capacity 13944K, committed 14208K, reserved 1062912K
  class space    used 1484K, capacity 1580K, committed 1664K, reserved 1048576K

Card table byte_map: [0x00007f64ae3ce000,0x00007f64ae7a8000] byte_map_base: 0x00007f64adfa7000

Marking Bits: (ParMarkBitMap*) 0x00007f64b06a0280
 Begin Bits: [0x00007f6490270000, 0x00007f6492138000)
 End Bits:   [0x00007f6492138000, 0x00007f6494000000)

Polling page: 0x00007f64b12f2000

CodeCache: size=245760Kb used=6670Kb max_used=6670Kb free=239089Kb
 bounds [0x00007f6499000000, 0x00007f6499690000, 0x00007f64a8000000]
 total_blobs=1711 nmethods=1050 adapters=575
 compilation: enabled

Compilation events (10 events):
Event: 52.981 Thread 0x00007f64a80bc000 nmethod 1063 0x00007f649967c690 code [0x00007f649967c800, 0x00007f649967c9a8]
Event: 53.391 Thread 0x00007f64a80bc000 1065  s    3       javax.media.j3d.UnorderList::contains (69 bytes)
Event: 54.204 Thread 0x00007f64a80bc000 nmethod 1065 0x00007f649967b810 code [0x00007f649967b9c0, 0x00007f649967c068]
Event: 54.291 Thread 0x00007f64a80bc000 1067       3       java.security.AccessControlContext::combine (205 bytes)
Event: 54.615 Thread 0x00007f64a80ba800 1074  s!   4       javax.media.j3d.MasterControl::runMonitor (1532 bytes)
Event: 54.694 Thread 0x00007f64a80bc000 nmethod 1067 0x00007f6499684790 code [0x00007f6499684980, 0x00007f6499685478]
Event: 54.767 Thread 0x00007f64a80bc000 1071  s!   2       javax.media.j3d.J3dThread::runMonitor (199 bytes)
Event: 55.150 Thread 0x00007f64a80b7800 1076       4       javax.media.j3d.NodeRetained::getCurrentLocalToVworld (16 bytes)
Event: 55.194 Thread 0x00007f64a80bc000 nmethod 1071 0x00007f6499685890 code [0x00007f6499685a60, 0x00007f64996860c8]
Event: 55.262 Thread 0x00007f64a80bc000 1075       2       javax.media.j3d.BoundingBox::transform (357 bytes)

GC Heap History (10 events):
Event: 2.280 GC heap after
Heap after GC invocations=9 (full 2):
 PSYoungGen      total 157184K, used 10717K [0x00000000d6f80000, 0x00000000ec780000, 0x0000000100000000)
  eden space 106496K, 0% used [0x00000000d6f80000,0x00000000d6f80000,0x00000000dd780000)
  from space 50688K, 21% used [0x00000000dd780000,0x00000000de1f7680,0x00000000e0900000)
  to   space 86528K, 0% used [0x00000000e7300000,0x00000000e7300000,0x00000000ec780000)
 ParOldGen       total 260096K, used 145900K [0x0000000084e00000, 0x0000000094c00000, 0x00000000d6f80000)
  object space 260096K, 56% used [0x0000000084e00000,0x000000008dc7b340,0x0000000094c00000)
 Metaspace       used 11358K, capacity 11628K, committed 11904K, reserved 1060864K
  class space    used 1205K, capacity 1320K, committed 1408K, reserved 1048576K
}
Event: 2.335 GC heap before
{Heap before GC invocations=10 (full 2):
 PSYoungGen      total 157184K, used 117213K [0x00000000d6f80000, 0x00000000ec780000, 0x0000000100000000)
  eden space 106496K, 100% used [0x00000000d6f80000,0x00000000dd780000,0x00000000dd780000)
  from space 50688K, 21% used [0x00000000dd780000,0x00000000de1f7680,0x00000000e0900000)
  to   space 86528K, 0% used [0x00000000e7300000,0x00000000e7300000,0x00000000ec780000)
 ParOldGen       total 260096K, used 145900K [0x0000000084e00000, 0x0000000094c00000, 0x00000000d6f80000)
  object space 260096K, 56% used [0x0000000084e00000,0x000000008dc7b340,0x0000000094c00000)
 Metaspace       used 11358K, capacity 11628K, committed 11904K, reserved 1060864K
  class space    used 1205K, capacity 1320K, committed 1408K, reserved 1048576K
Event: 2.440 GC heap after
Heap after GC invocations=10 (full 2):
 PSYoungGen      total 245248K, used 86528K [0x00000000d6f80000, 0x00000000ed680000, 0x0000000100000000)
  eden space 158720K, 0% used [0x00000000d6f80000,0x00000000d6f80000,0x00000000e0a80000)
  from space 86528K, 100% used [0x00000000e7300000,0x00000000ec780000,0x00000000ec780000)
  to   space 104448K, 0% used [0x00000000e0a80000,0x00000000e0a80000,0x00000000e7080000)
 ParOldGen       total 260096K, used 146196K [0x0000000084e00000, 0x0000000094c00000, 0x00000000d6f80000)
  object space 260096K, 56% used [0x0000000084e00000,0x000000008dcc5340,0x0000000094c00000)
 Metaspace       used 11358K, capacity 11628K, committed 11904K, reserved 1060864K
  class space    used 1205K, capacity 1320K, committed 1408K, reserved 1048576K
}
Event: 3.212 GC heap before
{Heap before GC invocations=11 (full 2):
 PSYoungGen      total 245248K, used 245248K [0x00000000d6f80000, 0x00000000ed680000, 0x0000000100000000)
  eden space 158720K, 100% used [0x00000000d6f80000,0x00000000e0a80000,0x00000000e0a80000)
  from space 86528K, 100% used [0x00000000e7300000,0x00000000ec780000,0x00000000ec780000)
  to   space 104448K, 0% used [0x00000000e0a80000,0x00000000e0a80000,0x00000000e7080000)
 ParOldGen       total 260096K, used 146196K [0x0000000084e00000, 0x0000000094c00000, 0x00000000d6f80000)
  object space 260096K, 56% used [0x0000000084e00000,0x000000008dcc5340,0x0000000094c00000)
 Metaspace       used 12249K, capacity 12460K, committed 12672K, reserved 1060864K
  class space    used 1297K, capacity 1384K, committed 1408K, reserved 1048576K
Event: 3.392 GC heap after
Heap after GC invocations=11 (full 2):
 PSYoungGen      total 263168K, used 104436K [0x00000000d6f80000, 0x00000000f5f80000, 0x0000000100000000)
  eden space 158720K, 0% used [0x00000000d6f80000,0x00000000d6f80000,0x00000000e0a80000)
  from space 104448K, 99% used [0x00000000e0a80000,0x00000000e707d178,0x00000000e7080000)
  to   space 151552K, 0% used [0x00000000ecb80000,0x00000000ecb80000,0x00000000f5f80000)
 ParOldGen       total 260096K, used 213268K [0x0000000084e00000, 0x0000000094c00000, 0x00000000d6f80000)
  object space 260096K, 81% used [0x0000000084e00000,0x0000000091e45388,0x0000000094c00000)
 Metaspace       used 12249K, capacity 12460K, committed 12672K, reserved 1060864K
  class space    used 1297K, capacity 1384K, committed 1408K, reserved 1048576K
}
Event: 3.392 GC heap before
{Heap before GC invocations=12 (full 3):
 PSYoungGen      total 263168K, used 104436K [0x00000000d6f80000, 0x00000000f5f80000, 0x0000000100000000)
  eden space 158720K, 0% used [0x00000000d6f80000,0x00000000d6f80000,0x00000000e0a80000)
  from space 104448K, 99% used [0x00000000e0a80000,0x00000000e707d178,0x00000000e7080000)
  to   space 151552K, 0% used [0x00000000ecb80000,0x00000000ecb80000,0x00000000f5f80000)
 ParOldGen       total 260096K, used 213268K [0x0000000084e00000, 0x0000000094c00000, 0x00000000d6f80000)
  object space 260096K, 81% used [0x0000000084e00000,0x0000000091e45388,0x0000000094c00000)
 Metaspace       used 12249K, capacity 12460K, committed 12672K, reserved 1060864K
  class space    used 1297K, capacity 1384K, committed 1408K, reserved 1048576K
Event: 3.983 GC heap after
Heap after GC invocations=12 (full 3):
 PSYoungGen      total 263168K, used 37303K [0x00000000d6f80000, 0x00000000f5f80000, 0x0000000100000000)
  eden space 158720K, 0% used [0x00000000d6f80000,0x00000000d6f80000,0x00000000e0a80000)
  from space 104448K, 35% used [0x00000000e0a80000,0x00000000e2eede10,0x00000000e7080000)
  to   space 151552K, 0% used [0x00000000ecb80000,0x00000000ecb80000,0x00000000f5f80000)
 ParOldGen       total 412672K, used 259688K [0x0000000084e00000, 0x000000009e100000, 0x00000000d6f80000)
  object space 412672K, 62% used [0x0000000084e00000,0x0000000094b9a360,0x000000009e100000)
 Metaspace       used 12249K, capacity 12460K, committed 12672K, reserved 1060864K
  class space    used 1297K, capacity 1384K, committed 1408K, reserved 1048576K
}
Event: 4.149 GC heap before
{Heap before GC invocations=13 (full 3):
 PSYoungGen      total 263168K, used 196023K [0x00000000d6f80000, 0x00000000f5f80000, 0x0000000100000000)
  eden space 158720K, 100% used [0x00000000d6f80000,0x00000000e0a80000,0x00000000e0a80000)
  from space 104448K, 35% used [0x00000000e0a80000,0x00000000e2eede10,0x00000000e7080000)
  to   space 151552K, 0% used [0x00000000ecb80000,0x00000000ecb80000,0x00000000f5f80000)
 ParOldGen       total 412672K, used 259688K [0x0000000084e00000, 0x000000009e100000, 0x00000000d6f80000)
  object space 412672K, 62% used [0x0000000084e00000,0x0000000094b9a360,0x000000009e100000)
 Metaspace       used 12249K, capacity 12460K, committed 12672K, reserved 1060864K
  class space    used 1297K, capacity 1384K, committed 1408K, reserved 1048576K
Event: 4.364 GC heap after
Heap after GC invocations=13 (full 3):
 PSYoungGen      total 345600K, used 107539K [0x00000000d6f80000, 0x00000000f7100000, 0x0000000100000000)
  eden space 194048K, 0% used [0x00000000d6f80000,0x00000000d6f80000,0x00000000e2d00000)
  from space 151552K, 70% used [0x00000000ecb80000,0x00000000f3484c60,0x00000000f5f80000)
  to   space 162304K, 0% used [0x00000000e2d00000,0x00000000e2d00000,0x00000000ecb80000)
 ParOldGen       total 412672K, used 285960K [0x0000000084e00000, 0x000000009e100000, 0x00000000d6f80000)
  object space 412672K, 69% used [0x0000000084e00000,0x0000000096542360,0x000000009e100000)
 Metaspace       used 12249K, capacity 12460K, committed 12672K, reserved 1060864K
  class space    used 1297K, capacity 1384K, committed 1408K, reserved 1048576K
}
Event: 56.016 GC heap before
{Heap before GC invocations=14 (full 3):
 PSYoungGen      total 345600K, used 301472K [0x00000000d6f80000, 0x00000000f7100000, 0x0000000100000000)
  eden space 194048K, 99% used [0x00000000d6f80000,0x00000000e2ce3758,0x00000000e2d00000)
  from space 151552K, 70% used [0x00000000ecb80000,0x00000000f3484c60,0x00000000f5f80000)
  to   space 162304K, 0% used [0x00000000e2d00000,0x00000000e2d00000,0x00000000ecb80000)
 ParOldGen       total 412672K, used 285960K [0x0000000084e00000, 0x000000009e100000, 0x00000000d6f80000)
  object space 412672K, 69% used [0x0000000084e00000,0x0000000096542360,0x000000009e100000)
 Metaspace       used 13751K, capacity 13944K, committed 14208K, reserved 1062912K
  class space    used 1484K, capacity 1580K, committed 1664K, reserved 1048576K

Deoptimization events (10 events):
Event: 4.458 Thread 0x00007f64a8008000 Uncommon trap: reason=bimorphic action=maybe_recompile pc=0x00007f64992ad248 method=javax.media.j3d.GroupRetained.doAddChild(Ljavax/media/j3d/Node;[Ljavax/media/j3d/J3dMessage;I)V @ 1
Event: 4.460 Thread 0x00007f64a8008000 Uncommon trap: reason=predicate action=maybe_recompile pc=0x00007f64995fc214 method=javax.media.j3d.GroupRetained.doSetLive(Ljavax/media/j3d/SetLiveState;)V @ 130
Event: 5.255 Thread 0x00007f64a8008000 Uncommon trap: reason=unstable_if action=reinterpret pc=0x00007f649952f858 method=java.util.HashMap$HashIterator.<init>(Ljava/util/HashMap;)V @ 38
Event: 5.519 Thread 0x00007f64a8008000 Uncommon trap: reason=class_check action=maybe_recompile pc=0x00007f64996422c8 method=java.util.HashMap.putVal(ILjava/lang/Object;Ljava/lang/Object;ZZ)Ljava/lang/Object; @ 253
Event: 5.534 Thread 0x00007f64a8008000 Uncommon trap: reason=unstable_if action=reinterpret pc=0x00007f6499642354 method=java.util.HashMap.putVal(ILjava/lang/Object;Ljava/lang/Object;ZZ)Ljava/lang/Object; @ 81
Event: 5.538 Thread 0x00007f64a8008000 Uncommon trap: reason=class_check action=maybe_recompile pc=0x00007f6499539118 method=java.util.HashMap.putVal(ILjava/lang/Object;Ljava/lang/Object;ZZ)Ljava/lang/Object; @ 253
Event: 5.538 Thread 0x00007f64a8008000 Uncommon trap: reason=class_check action=maybe_recompile pc=0x00007f6499539118 method=java.util.HashMap.putVal(ILjava/lang/Object;Ljava/lang/Object;ZZ)Ljava/lang/Object; @ 253
Event: 5.538 Thread 0x00007f64a8008000 Uncommon trap: reason=class_check action=maybe_recompile pc=0x00007f6499539118 method=java.util.HashMap.putVal(ILjava/lang/Object;Ljava/lang/Object;ZZ)Ljava/lang/Object; @ 253
Event: 34.425 Thread 0x00007f64a8164800 Uncommon trap: reason=unstable_if action=reinterpret pc=0x00007f649952fc08 method=java.util.HashMap.clear()V @ 16
Event: 54.900 Thread 0x00007f643c00c800 Uncommon trap: reason=unstable_if action=reinterpret pc=0x00007f64996070ec method=javax.media.j3d.BoundingBox.transform(Ljavax/media/j3d/Bounds;Ljavax/media/j3d/Transform3D;)V @ 142

Classes redefined (0 events):
No events

Internal exceptions (10 events):
Event: 0.220 Thread 0x00007f64a8008000 Exception <a 'java/security/PrivilegedActionException'> (0x00000000d71abe50) thrown at [/HUDSON/workspace/8-2-build-linux-amd64/jdk8u171/10807/hotspot/src/share/vm/prims/jvm.cpp, line 1435]
Event: 0.221 Thread 0x00007f64a8008000 Exception <a 'java/security/PrivilegedActionException'> (0x00000000d71ae2b8) thrown at [/HUDSON/workspace/8-2-build-linux-amd64/jdk8u171/10807/hotspot/src/share/vm/prims/jvm.cpp, line 1435]
Event: 0.221 Thread 0x00007f64a8008000 Exception <a 'java/security/PrivilegedActionException'> (0x00000000d71ae4c8) thrown at [/HUDSON/workspace/8-2-build-linux-amd64/jdk8u171/10807/hotspot/src/share/vm/prims/jvm.cpp, line 1435]
Event: 0.277 Thread 0x00007f64a8008000 Exception <a 'java/lang/NoSuchFieldError': method resolution failed> (0x00000000d72827a8) thrown at [/HUDSON/workspace/8-2-build-linux-amd64/jdk8u171/10807/hotspot/src/share/vm/prims/methodHandles.cpp, line 1167]
Event: 0.293 Thread 0x00007f64a8008000 Exception <a 'java/lang/NoSuchFieldError': method resolution failed> (0x00000000d728ff78) thrown at [/HUDSON/workspace/8-2-build-linux-amd64/jdk8u171/10807/hotspot/src/share/vm/prims/methodHandles.cpp, line 1167]
Event: 0.316 Thread 0x00007f64a8008000 Exception <a 'java/io/FileNotFoundException'> (0x00000000d730f4f0) thrown at [/HUDSON/workspace/8-2-build-linux-amd64/jdk8u171/10807/hotspot/src/share/vm/prims/jni.cpp, line 709]
Event: 0.316 Thread 0x00007f64a8008000 Exception <a 'java/io/FileNotFoundException'> (0x00000000d730fea8) thrown at [/HUDSON/workspace/8-2-build-linux-amd64/jdk8u171/10807/hotspot/src/share/vm/prims/jni.cpp, line 709]
Event: 1.215 Thread 0x00007f64a8008000 Implicit null exception at 0x00007f649923a210 to 0x00007f649923a66d
Event: 5.246 Thread 0x00007f64a8008000 Implicit null exception at 0x00007f649952f680 to 0x00007f649952f841
Event: 34.386 Thread 0x00007f64a8164800 Implicit null exception at 0x00007f649952fb56 to 0x00007f649952fbf5

Events (10 events):
Event: 55.572 Executing VM operation: RevokeBias done
Event: 55.572 Executing VM operation: RevokeBias
Event: 55.628 Executing VM operation: RevokeBias done
Event: 55.634 Executing VM operation: RevokeBias
Event: 55.706 Executing VM operation: RevokeBias done
Event: 55.785 Executing VM operation: RevokeBias
Event: 55.830 Executing VM operation: RevokeBias done
Event: 55.833 Executing VM operation: RevokeBias
Event: 55.833 Executing VM operation: RevokeBias done
Event: 55.929 Executing VM operation: RevokeBias


Dynamic libraries:
00400000-00401000 r-xp 00000000 08:11 394946                             /usr/lib/jvm/java-8-oracle/bin/java
00600000-00601000 rw-p 00000000 08:11 394946                             /usr/lib/jvm/java-8-oracle/bin/java
0151f000-01540000 rw-p 00000000 00:00 0                                  [heap]
84e00000-9e100000 rw-p 00000000 00:00 0 
9e100000-d6f80000 ---p 00000000 00:00 0 
d6f80000-f7100000 rw-p 00000000 00:00 0 
fb780000-100000000 ---p 00000000 00:00 0 
100000000-1001a0000 rw-p 00000000 00:00 0 
1001a0000-140000000 ---p 00000000 00:00 0 
7f6414000000-7f6414021000 rw-p 00000000 00:00 0 
7f6414021000-7f6418000000 ---p 00000000 00:00 0 
7f6418000000-7f6418021000 rw-p 00000000 00:00 0 
7f6418021000-7f641c000000 ---p 00000000 00:00 0 
7f641c000000-7f641c021000 rw-p 00000000 00:00 0 
7f641c021000-7f6420000000 ---p 00000000 00:00 0 
7f6420000000-7f6420021000 rw-p 00000000 00:00 0 
7f6420021000-7f6424000000 ---p 00000000 00:00 0 
7f6424000000-7f6424021000 rw-p 00000000 00:00 0 
7f6424021000-7f6428000000 ---p 00000000 00:00 0 
7f6428000000-7f6428021000 rw-p 00000000 00:00 0 
7f6428021000-7f642c000000 ---p 00000000 00:00 0 
7f642c000000-7f642c021000 rw-p 00000000 00:00 0 
7f642c021000-7f6430000000 ---p 00000000 00:00 0 
7f6430000000-7f6430021000 rw-p 00000000 00:00 0 
7f6430021000-7f6434000000 ---p 00000000 00:00 0 
7f6434000000-7f6434021000 rw-p 00000000 00:00 0 
7f6434021000-7f6438000000 ---p 00000000 00:00 0 
7f6438000000-7f64382ac000 rw-p 00000000 00:00 0 
7f64382ac000-7f643c000000 ---p 00000000 00:00 0 
7f643c000000-7f643c239000 rw-p 00000000 00:00 0 
7f643c239000-7f6440000000 ---p 00000000 00:00 0 
7f6440000000-7f6440166000 rw-p 00000000 00:00 0 
7f6440166000-7f6444000000 ---p 00000000 00:00 0 
7f6444000000-7f6444021000 rw-p 00000000 00:00 0 
7f6444021000-7f6448000000 ---p 00000000 00:00 0 
7f6448000000-7f6448021000 rw-p 00000000 00:00 0 
7f6448021000-7f644c000000 ---p 00000000 00:00 0 
7f644c000000-7f644c021000 rw-p 00000000 00:00 0 
7f644c021000-7f6450000000 ---p 00000000 00:00 0 
7f6450cdf000-7f6450ce2000 ---p 00000000 00:00 0 
7f6450ce2000-7f6450de0000 rw-p 00000000 00:00 0 
7f6450de0000-7f6450de3000 ---p 00000000 00:00 0 
7f6450de3000-7f6450ee1000 rw-p 00000000 00:00 0 
7f6450ee1000-7f6450ee4000 ---p 00000000 00:00 0 
7f6450ee4000-7f6450fe2000 rw-p 00000000 00:00 0 
7f6450fe2000-7f6450fe5000 ---p 00000000 00:00 0 
7f6450fe5000-7f64510e3000 rw-p 00000000 00:00 0 
7f64510e3000-7f64510e6000 ---p 00000000 00:00 0 
7f64510e6000-7f64511e4000 rw-p 00000000 00:00 0 
7f64511e4000-7f64511e7000 ---p 00000000 00:00 0 
7f64511e7000-7f64512e5000 rw-p 00000000 00:00 0 
7f64512e5000-7f64512e8000 ---p 00000000 00:00 0 
7f64512e8000-7f64513e6000 rw-p 00000000 00:00 0 
7f64513e6000-7f64513e9000 ---p 00000000 00:00 0 
7f64513e9000-7f64514e7000 rw-p 00000000 00:00 0 
7f64514e7000-7f64514ea000 ---p 00000000 00:00 0 
7f64514ea000-7f6451628000 rw-p 00000000 00:00 0 
7f6451628000-7f64517e8000 ---p 00000000 00:00 0 
7f64517e8000-7f64517eb000 ---p 00000000 00:00 0 
7f64517eb000-7f64518e9000 rw-p 00000000 00:00 0 
7f64518e9000-7f64518ec000 ---p 00000000 00:00 0 
7f64518ec000-7f6451bea000 rw-p 00000000 00:00 0 
7f6451bea000-7f6451c25000 r-xp 00000000 08:11 450392                     /usr/lib/jvm/java-8-oracle/jre/lib/amd64/libjpeg.so
7f6451c25000-7f6451e24000 ---p 0003b000 08:11 450392                     /usr/lib/jvm/java-8-oracle/jre/lib/amd64/libjpeg.so
7f6451e24000-7f6451e25000 rw-p 0003a000 08:11 450392                     /usr/lib/jvm/java-8-oracle/jre/lib/amd64/libjpeg.so
7f6451e25000-7f6451e2d000 r-xp 00000000 08:11 269235                     /usr/lib/x86_64-linux-gnu/libpciaccess.so.0.11.1
7f6451e2d000-7f645202d000 ---p 00008000 08:11 269235                     /usr/lib/x86_64-linux-gnu/libpciaccess.so.0.11.1
7f645202d000-7f645202e000 r--p 00008000 08:11 269235                     /usr/lib/x86_64-linux-gnu/libpciaccess.so.0.11.1
7f645202e000-7f645202f000 rw-p 00009000 08:11 269235                     /usr/lib/x86_64-linux-gnu/libpciaccess.so.0.11.1
7f645202f000-7f64521a1000 r-xp 00000000 08:11 262907                     /usr/lib/x86_64-linux-gnu/libstdc++.so.6.0.21
7f64521a1000-7f64523a1000 ---p 00172000 08:11 262907                     /usr/lib/x86_64-linux-gnu/libstdc++.so.6.0.21
7f64523a1000-7f64523ab000 r--p 00172000 08:11 262907                     /usr/lib/x86_64-linux-gnu/libstdc++.so.6.0.21
7f64523ab000-7f64523ad000 rw-p 0017c000 08:11 262907                     /usr/lib/x86_64-linux-gnu/libstdc++.so.6.0.21
7f64523ad000-7f64523b1000 rw-p 00000000 00:00 0 
7f64523b1000-7f64523bc000 r-xp 00000000 08:11 263888                     /usr/lib/x86_64-linux-gnu/libdrm_radeon.so.1.0.1
7f64523bc000-7f64525bb000 ---p 0000b000 08:11 263888                     /usr/lib/x86_64-linux-gnu/libdrm_radeon.so.1.0.1
7f64525bb000-7f64525bc000 r--p 0000a000 08:11 263888                     /usr/lib/x86_64-linux-gnu/libdrm_radeon.so.1.0.1
7f64525bc000-7f64525bd000 rw-p 0000b000 08:11 263888                     /usr/lib/x86_64-linux-gnu/libdrm_radeon.so.1.0.1
7f64525bd000-7f64525c4000 r-xp 00000000 08:11 266757                     /usr/lib/x86_64-linux-gnu/libdrm_nouveau.so.2.0.0
7f64525c4000-7f64527c3000 ---p 00007000 08:11 266757                     /usr/lib/x86_64-linux-gnu/libdrm_nouveau.so.2.0.0
7f64527c3000-7f64527c4000 r--p 00006000 08:11 266757                     /usr/lib/x86_64-linux-gnu/libdrm_nouveau.so.2.0.0
7f64527c4000-7f64527c5000 rw-p 00007000 08:11 266757                     /usr/lib/x86_64-linux-gnu/libdrm_nouveau.so.2.0.0
7f64527c5000-7f64527e7000 r-xp 00000000 08:11 263884                     /usr/lib/x86_64-linux-gnu/libdrm_intel.so.1.0.0
7f64527e7000-7f64529e7000 ---p 00022000 08:11 263884                     /usr/lib/x86_64-linux-gnu/libdrm_intel.so.1.0.0
7f64529e7000-7f64529e8000 r--p 00022000 08:11 263884                     /usr/lib/x86_64-linux-gnu/libdrm_intel.so.1.0.0
7f64529e8000-7f64529e9000 rw-p 00023000 08:11 263884                     /usr/lib/x86_64-linux-gnu/libdrm_intel.so.1.0.0
7f64529e9000-7f6452a02000 r-xp 00000000 08:11 1179739                    /lib/x86_64-linux-gnu/libz.so.1.2.8
7f6452a02000-7f6452c01000 ---p 00019000 08:11 1179739                    /lib/x86_64-linux-gnu/libz.so.1.2.8
7f6452c01000-7f6452c02000 r--p 00018000 08:11 1179739                    /lib/x86_64-linux-gnu/libz.so.1.2.8
7f6452c02000-7f6452c03000 rw-p 00019000 08:11 1179739                    /lib/x86_64-linux-gnu/libz.so.1.2.8
7f6452c03000-7f645342a000 r-xp 00000000 08:11 266291                     /usr/lib/x86_64-linux-gnu/dri/i965_dri.so
7f645342a000-7f645362a000 ---p 00827000 08:11 266291                     /usr/lib/x86_64-linux-gnu/dri/i965_dri.so
7f645362a000-7f645367a000 r--p 00827000 08:11 266291                     /usr/lib/x86_64-linux-gnu/dri/i965_dri.so
7f645367a000-7f6453683000 rw-p 00877000 08:11 266291                     /usr/lib/x86_64-linux-gnu/dri/i965_dri.so
7f6453683000-7f64536ea000 rw-p 00000000 00:00 0 
7f64536ea000-7f64536ed000 ---p 00000000 00:00 0 
7f64536ed000-7f64537eb000 rw-p 00000000 00:00 0 
7f64537eb000-7f64537ee000 ---p 00000000 00:00 0 
7f64537ee000-7f64538ec000 rw-p 00000000 00:00 0 
7f64538ec000-7f64538ef000 ---p 00000000 00:00 0 
7f64538ef000-7f64539ed000 rw-p 00000000 00:00 0 
7f64539ed000-7f64539f0000 ---p 00000000 00:00 0 
7f64539f0000-7f6453aee000 rw-p 00000000 00:00 0 
7f6453aee000-7f6453af1000 ---p 00000000 00:00 0 
7f6453af1000-7f6453def000 rw-p 00000000 00:00 0 
7f6453def000-7f6453dff000 r-xp 00000000 08:11 266800                     /usr/lib/x86_64-linux-gnu/libdrm.so.2.4.0
7f6453dff000-7f6453ffe000 ---p 00010000 08:11 266800                     /usr/lib/x86_64-linux-gnu/libdrm.so.2.4.0
7f6453ffe000-7f6453fff000 r--p 0000f000 08:11 266800                     /usr/lib/x86_64-linux-gnu/libdrm.so.2.4.0
7f6453fff000-7f6454000000 rw-p 00010000 08:11 266800                     /usr/lib/x86_64-linux-gnu/libdrm.so.2.4.0
7f6454000000-7f6454021000 rw-p 00000000 00:00 0 
7f6454021000-7f6458000000 ---p 00000000 00:00 0 
7f6458000000-7f6458021000 rw-p 00000000 00:00 0 
7f6458021000-7f645c000000 ---p 00000000 00:00 0 
7f645c000000-7f645c021000 rw-p 00000000 00:00 0 
7f645c021000-7f6460000000 ---p 00000000 00:00 0 
7f6460000000-7f6460021000 rw-p 00000000 00:00 0 
7f6460021000-7f6464000000 ---p 00000000 00:00 0 
7f6464000000-7f6464ad0000 rw-p 00000000 00:00 0 
7f6464ad0000-7f6468000000 ---p 00000000 00:00 0 
7f6468000000-7f646938c000 rw-p 00000000 00:00 0 
7f646938c000-7f646c000000 ---p 00000000 00:00 0 
7f646c000000-7f646c021000 rw-p 00000000 00:00 0 
7f646c021000-7f6470000000 ---p 00000000 00:00 0 
7f6470000000-7f6470ec7000 rw-p 00000000 00:00 0 
7f6470ec7000-7f6474000000 ---p 00000000 00:00 0 
7f6474000000-7f6474021000 rw-p 00000000 00:00 0 
7f6474021000-7f6478000000 ---p 00000000 00:00 0 
7f6478000000-7f6478021000 rw-p 00000000 00:00 0 
7f6478021000-7f647c000000 ---p 00000000 00:00 0 
7f647c000000-7f647c021000 rw-p 00000000 00:00 0 
7f647c021000-7f6480000000 ---p 00000000 00:00 0 
7f6480000000-7f6480298000 rw-p 00000000 00:00 0 
7f6480298000-7f6484000000 ---p 00000000 00:00 0 
7f6484000000-7f6484021000 rw-p 00000000 00:00 0 
7f6484021000-7f6488000000 ---p 00000000 00:00 0 
7f6488032000-7f6488037000 r-xp 00000000 08:11 269950                     /usr/lib/x86_64-linux-gnu/libXxf86vm.so.1.0.0
7f6488037000-7f6488236000 ---p 00005000 08:11 269950                     /usr/lib/x86_64-linux-gnu/libXxf86vm.so.1.0.0
7f6488236000-7f6488237000 r--p 00004000 08:11 269950                     /usr/lib/x86_64-linux-gnu/libXxf86vm.so.1.0.0
7f6488237000-7f6488238000 rw-p 00005000 08:11 269950                     /usr/lib/x86_64-linux-gnu/libXxf86vm.so.1.0.0
7f6488238000-7f648823c000 r-xp 00000000 08:11 269221                     /usr/lib/x86_64-linux-gnu/libxcb-dri2.so.0.0.0
7f648823c000-7f648843b000 ---p 00004000 08:11 269221                     /usr/lib/x86_64-linux-gnu/libxcb-dri2.so.0.0.0
7f648843b000-7f648843c000 r--p 00003000 08:11 269221                     /usr/lib/x86_64-linux-gnu/libxcb-dri2.so.0.0.0
7f648843c000-7f648843d000 rw-p 00004000 08:11 269221                     /usr/lib/x86_64-linux-gnu/libxcb-dri2.so.0.0.0
7f648843d000-7f6488454000 r-xp 00000000 08:11 269948                     /usr/lib/x86_64-linux-gnu/libxcb-glx.so.0.0.0
7f6488454000-7f6488653000 ---p 00017000 08:11 269948                     /usr/lib/x86_64-linux-gnu/libxcb-glx.so.0.0.0
7f6488653000-7f6488655000 r--p 00016000 08:11 269948                     /usr/lib/x86_64-linux-gnu/libxcb-glx.so.0.0.0
7f6488655000-7f6488656000 rw-p 00018000 08:11 269948                     /usr/lib/x86_64-linux-gnu/libxcb-glx.so.0.0.0
7f6488656000-7f6488657000 r-xp 00000000 08:11 269219                     /usr/lib/x86_64-linux-gnu/libX11-xcb.so.1.0.0
7f6488657000-7f6488856000 ---p 00001000 08:11 269219                     /usr/lib/x86_64-linux-gnu/libX11-xcb.so.1.0.0
7f6488856000-7f6488857000 r--p 00000000 08:11 269219                     /usr/lib/x86_64-linux-gnu/libX11-xcb.so.1.0.0
7f6488857000-7f6488858000 rw-p 00001000 08:11 269219                     /usr/lib/x86_64-linux-gnu/libX11-xcb.so.1.0.0
7f6488858000-7f648885a000 r-xp 00000000 08:11 269271                     /usr/lib/x86_64-linux-gnu/libXdamage.so.1.1.0
7f648885a000-7f6488a59000 ---p 00002000 08:11 269271                     /usr/lib/x86_64-linux-gnu/libXdamage.so.1.1.0
7f6488a59000-7f6488a5a000 r--p 00001000 08:11 269271                     /usr/lib/x86_64-linux-gnu/libXdamage.so.1.1.0
7f6488a5a000-7f6488a5b000 rw-p 00002000 08:11 269271                     /usr/lib/x86_64-linux-gnu/libXdamage.so.1.1.0
7f6488a5b000-7f6488a86000 r-xp 00000000 08:11 263466                     /usr/lib/x86_64-linux-gnu/libglapi.so.0.0.0
7f6488a86000-7f6488c85000 ---p 0002b000 08:11 263466                     /usr/lib/x86_64-linux-gnu/libglapi.so.0.0.0
7f6488c85000-7f6488c89000 r--p 0002a000 08:11 263466                     /usr/lib/x86_64-linux-gnu/libglapi.so.0.0.0
7f6488c89000-7f6488c8a000 rw-p 0002e000 08:11 263466                     /usr/lib/x86_64-linux-gnu/libglapi.so.0.0.0
7f6488c8a000-7f6488c8b000 rw-p 00000000 00:00 0 
7f6488c8b000-7f6488c8c000 r-xp 00000000 08:11 269231                     /usr/lib/x86_64-linux-gnu/libxshmfence.so.1.0.0
7f6488c8c000-7f6488e8c000 ---p 00001000 08:11 269231                     /usr/lib/x86_64-linux-gnu/libxshmfence.so.1.0.0
7f6488e8c000-7f6488e8d000 r--p 00001000 08:11 269231                     /usr/lib/x86_64-linux-gnu/libxshmfence.so.1.0.0
7f6488e8d000-7f6488e8e000 rw-p 00002000 08:11 269231                     /usr/lib/x86_64-linux-gnu/libxshmfence.so.1.0.0
7f6488e8e000-7f6488e93000 r-xp 00000000 08:11 269227                     /usr/lib/x86_64-linux-gnu/libxcb-sync.so.1.0.0
7f6488e93000-7f6489093000 ---p 00005000 08:11 269227                     /usr/lib/x86_64-linux-gnu/libxcb-sync.so.1.0.0
7f6489093000-7f6489094000 r--p 00005000 08:11 269227                     /usr/lib/x86_64-linux-gnu/libxcb-sync.so.1.0.0
7f6489094000-7f6489095000 rw-p 00006000 08:11 269227                     /usr/lib/x86_64-linux-gnu/libxcb-sync.so.1.0.0
7f6489095000-7f6489097000 r-xp 00000000 08:11 269225                     /usr/lib/x86_64-linux-gnu/libxcb-present.so.0.0.0
7f6489097000-7f6489296000 ---p 00002000 08:11 269225                     /usr/lib/x86_64-linux-gnu/libxcb-present.so.0.0.0
7f6489296000-7f6489297000 r--p 00001000 08:11 269225                     /usr/lib/x86_64-linux-gnu/libxcb-present.so.0.0.0
7f6489297000-7f6489298000 rw-p 00002000 08:11 269225                     /usr/lib/x86_64-linux-gnu/libxcb-present.so.0.0.0
7f6489298000-7f648929a000 r-xp 00000000 08:11 269223                     /usr/lib/x86_64-linux-gnu/libxcb-dri3.so.0.0.0
7f648929a000-7f6489499000 ---p 00002000 08:11 269223                     /usr/lib/x86_64-linux-gnu/libxcb-dri3.so.0.0.0
7f6489499000-7f648949a000 r--p 00001000 08:11 269223                     /usr/lib/x86_64-linux-gnu/libxcb-dri3.so.0.0.0
7f648949a000-7f648949b000 rw-p 00002000 08:11 269223                     /usr/lib/x86_64-linux-gnu/libxcb-dri3.so.0.0.0
7f648949b000-7f64894c1000 r-xp 00000000 08:11 1179928                    /lib/x86_64-linux-gnu/libexpat.so.1.6.0
7f64894c1000-7f64896c1000 ---p 00026000 08:11 1179928                    /lib/x86_64-linux-gnu/libexpat.so.1.6.0
7f64896c1000-7f64896c3000 r--p 00026000 08:11 1179928                    /lib/x86_64-linux-gnu/libexpat.so.1.6.0
7f64896c3000-7f64896c4000 rw-p 00028000 08:11 1179928                    /lib/x86_64-linux-gnu/libexpat.so.1.6.0
7f64896c4000-7f64896da000 r-xp 00000000 08:11 1179766                    /lib/x86_64-linux-gnu/libnsl-2.23.so
7f64896da000-7f64898d9000 ---p 00016000 08:11 1179766                    /lib/x86_64-linux-gnu/libnsl-2.23.so
7f64898d9000-7f64898da000 r--p 00015000 08:11 1179766                    /lib/x86_64-linux-gnu/libnsl-2.23.so
7f64898da000-7f64898db000 rw-p 00016000 08:11 1179766                    /lib/x86_64-linux-gnu/libnsl-2.23.so
7f64898db000-7f64898dd000 rw-p 00000000 00:00 0 
7f64898dd000-7f648994b000 r-xp 00000000 08:11 393906                     /usr/lib/x86_64-linux-gnu/mesa/libGL.so.1.2.0
7f648994b000-7f6489b4b000 ---p 0006e000 08:11 393906                     /usr/lib/x86_64-linux-gnu/mesa/libGL.so.1.2.0
7f6489b4b000-7f6489b4e000 r--p 0006e000 08:11 393906                     /usr/lib/x86_64-linux-gnu/mesa/libGL.so.1.2.0
7f6489b4e000-7f6489b4f000 rw-p 00071000 08:11 393906                     /usr/lib/x86_64-linux-gnu/mesa/libGL.so.1.2.0
7f6489b4f000-7f6489b50000 rw-p 00000000 00:00 0 
7f6489b50000-7f6489b71000 r-xp 00000000 08:11 819648                     /usr/lib/jni/libj3dcore-ogl.so
7f6489b71000-7f6489d71000 ---p 00021000 08:11 819648                     /usr/lib/jni/libj3dcore-ogl.so
7f6489d71000-7f6489d72000 rw-p 00021000 08:11 819648                     /usr/lib/jni/libj3dcore-ogl.so
7f6489d72000-7f6489d73000 r-xp 00000000 08:11 450436                     /usr/lib/jvm/java-8-oracle/jre/lib/amd64/libjawt.so
7f6489d73000-7f6489f72000 ---p 00001000 08:11 450436                     /usr/lib/jvm/java-8-oracle/jre/lib/amd64/libjawt.so
7f6489f72000-7f6489f73000 rw-p 00000000 08:11 450436                     /usr/lib/jvm/java-8-oracle/jre/lib/amd64/libjawt.so
7f6489f73000-7f6489f89000 r-xp 00000000 08:11 450442                     /usr/lib/jvm/java-8-oracle/jre/lib/amd64/libnet.so
7f6489f89000-7f648a189000 ---p 00016000 08:11 450442                     /usr/lib/jvm/java-8-oracle/jre/lib/amd64/libnet.so
7f648a189000-7f648a18a000 rw-p 00016000 08:11 450442                     /usr/lib/jvm/java-8-oracle/jre/lib/amd64/libnet.so
7f648a18a000-7f648a19b000 r-xp 00000000 08:11 450445                     /usr/lib/jvm/java-8-oracle/jre/lib/amd64/libnio.so
7f648a19b000-7f648a39a000 ---p 00011000 08:11 450445                     /usr/lib/jvm/java-8-oracle/jre/lib/amd64/libnio.so
7f648a39a000-7f648a39b000 rw-p 00010000 08:11 450445                     /usr/lib/jvm/java-8-oracle/jre/lib/amd64/libnio.so
7f648a39b000-7f648a39e000 ---p 00000000 00:00 0 
7f648a39e000-7f648a49c000 rw-p 00000000 00:00 0 
7f648a49c000-7f648a4a1000 r-xp 00000000 08:11 269267                     /usr/lib/x86_64-linux-gnu/libXfixes.so.3.1.0
7f648a4a1000-7f648a6a0000 ---p 00005000 08:11 269267                     /usr/lib/x86_64-linux-gnu/libXfixes.so.3.1.0
7f648a6a0000-7f648a6a1000 r--p 00004000 08:11 269267                     /usr/lib/x86_64-linux-gnu/libXfixes.so.3.1.0
7f648a6a1000-7f648a6a2000 rw-p 00005000 08:11 269267                     /usr/lib/x86_64-linux-gnu/libXfixes.so.3.1.0
7f648a6a2000-7f648a6ab000 r-xp 00000000 08:11 268836                     /usr/lib/x86_64-linux-gnu/libXcursor.so.1.0.2
7f648a6ab000-7f648a8aa000 ---p 00009000 08:11 268836                     /usr/lib/x86_64-linux-gnu/libXcursor.so.1.0.2
7f648a8aa000-7f648a8ab000 r--p 00008000 08:11 268836                     /usr/lib/x86_64-linux-gnu/libXcursor.so.1.0.2
7f648a8ab000-7f648a8ac000 rw-p 00009000 08:11 268836                     /usr/lib/x86_64-linux-gnu/libXcursor.so.1.0.2
7f648a8ac000-7f648a8af000 ---p 00000000 00:00 0 
7f648a8af000-7f648a9ad000 rw-p 00000000 00:00 0 
7f648a9ad000-7f648a9c3000 r-xp 00000000 08:11 1179734                    /lib/x86_64-linux-gnu/libgcc_s.so.1
7f648a9c3000-7f648abc2000 ---p 00016000 08:11 1179734                    /lib/x86_64-linux-gnu/libgcc_s.so.1
7f648abc2000-7f648abc3000 rw-p 00015000 08:11 1179734                    /lib/x86_64-linux-gnu/libgcc_s.so.1
7f648abc3000-7f648ac28000 r-xp 00000000 08:11 450421                     /usr/lib/jvm/java-8-oracle/jre/lib/amd64/libfontmanager.so
7f648ac28000-7f648ae27000 ---p 00065000 08:11 450421                     /usr/lib/jvm/java-8-oracle/jre/lib/amd64/libfontmanager.so
7f648ae27000-7f648ae2c000 rw-p 00064000 08:11 450421                     /usr/lib/jvm/java-8-oracle/jre/lib/amd64/libfontmanager.so
7f648ae2c000-7f648ae3c000 rw-p 00000000 00:00 0 
7f648ae3c000-7f648ae41000 r-xp 00000000 08:11 268964                     /usr/lib/x86_64-linux-gnu/libXdmcp.so.6.0.0
7f648ae41000-7f648b040000 ---p 00005000 08:11 268964                     /usr/lib/x86_64-linux-gnu/libXdmcp.so.6.0.0
7f648b040000-7f648b041000 r--p 00004000 08:11 268964                     /usr/lib/x86_64-linux-gnu/libXdmcp.so.6.0.0
7f648b041000-7f648b042000 rw-p 00005000 08:11 268964                     /usr/lib/x86_64-linux-gnu/libXdmcp.so.6.0.0
7f648b042000-7f648b044000 r-xp 00000000 08:11 268962                     /usr/lib/x86_64-linux-gnu/libXau.so.6.0.0
7f648b044000-7f648b244000 ---p 00002000 08:11 268962                     /usr/lib/x86_64-linux-gnu/libXau.so.6.0.0
7f648b244000-7f648b245000 r--p 00002000 08:11 268962                     /usr/lib/x86_64-linux-gnu/libXau.so.6.0.0
7f648b245000-7f648b246000 rw-p 00003000 08:11 268962                     /usr/lib/x86_64-linux-gnu/libXau.so.6.0.0
7f648b246000-7f648b267000 r-xp 00000000 08:11 268966                     /usr/lib/x86_64-linux-gnu/libxcb.so.1.1.0
7f648b267000-7f648b466000 ---p 00021000 08:11 268966                     /usr/lib/x86_64-linux-gnu/libxcb.so.1.1.0
7f648b466000-7f648b467000 r--p 00020000 08:11 268966                     /usr/lib/x86_64-linux-gnu/libxcb.so.1.1.0
7f648b467000-7f648b468000 rw-p 00021000 08:11 268966                     /usr/lib/x86_64-linux-gnu/libxcb.so.1.1.0
7f648b468000-7f648b477000 r-xp 00000000 08:11 269273                     /usr/lib/x86_64-linux-gnu/libXi.so.6.1.0
7f648b477000-7f648b676000 ---p 0000f000 08:11 269273                     /usr/lib/x86_64-linux-gnu/libXi.so.6.1.0
7f648b676000-7f648b677000 r--p 0000e000 08:11 269273                     /usr/lib/x86_64-linux-gnu/libXi.so.6.1.0
7f648b677000-7f648b678000 rw-p 0000f000 08:11 269273                     /usr/lib/x86_64-linux-gnu/libXi.so.6.1.0
7f648b678000-7f648b67d000 r-xp 00000000 08:11 270164                     /usr/lib/x86_64-linux-gnu/libXtst.so.6.1.0
7f648b67d000-7f648b87c000 ---p 00005000 08:11 270164                     /usr/lib/x86_64-linux-gnu/libXtst.so.6.1.0
7f648b87c000-7f648b87d000 r--p 00004000 08:11 270164                     /usr/lib/x86_64-linux-gnu/libXtst.so.6.1.0
7f648b87d000-7f648b87e000 rw-p 00005000 08:11 270164                     /usr/lib/x86_64-linux-gnu/libXtst.so.6.1.0
7f648b87e000-7f648b887000 r-xp 00000000 08:11 269086                     /usr/lib/x86_64-linux-gnu/libXrender.so.1.3.0
7f648b887000-7f648ba86000 ---p 00009000 08:11 269086                     /usr/lib/x86_64-linux-gnu/libXrender.so.1.3.0
7f648ba86000-7f648ba87000 r--p 00008000 08:11 269086                     /usr/lib/x86_64-linux-gnu/libXrender.so.1.3.0
7f648ba87000-7f648ba88000 rw-p 00009000 08:11 269086                     /usr/lib/x86_64-linux-gnu/libXrender.so.1.3.0
7f648ba88000-7f648bbbd000 r-xp 00000000 08:11 268969                     /usr/lib/x86_64-linux-gnu/libX11.so.6.3.0
7f648bbbd000-7f648bdbd000 ---p 00135000 08:11 268969                     /usr/lib/x86_64-linux-gnu/libX11.so.6.3.0
7f648bdbd000-7f648bdbe000 r--p 00135000 08:11 268969                     /usr/lib/x86_64-linux-gnu/libX11.so.6.3.0
7f648bdbe000-7f648bdc2000 rw-p 00136000 08:11 268969                     /usr/lib/x86_64-linux-gnu/libX11.so.6.3.0
7f648bdc2000-7f648bdd3000 r-xp 00000000 08:11 268971                     /usr/lib/x86_64-linux-gnu/libXext.so.6.4.0
7f648bdd3000-7f648bfd2000 ---p 00011000 08:11 268971                     /usr/lib/x86_64-linux-gnu/libXext.so.6.4.0
7f648bfd2000-7f648bfd3000 r--p 00010000 08:11 268971                     /usr/lib/x86_64-linux-gnu/libXext.so.6.4.0
7f648bfd3000-7f648bfd4000 rw-p 00011000 08:11 268971                     /usr/lib/x86_64-linux-gnu/libXext.so.6.4.0
7f648c000000-7f648c021000 rw-p 00000000 00:00 0 
7f648c021000-7f6490000000 ---p 00000000 00:00 0 
7f6490017000-7f649006b000 r-xp 00000000 08:11 450449                     /usr/lib/jvm/java-8-oracle/jre/lib/amd64/libawt_xawt.so
7f649006b000-7f649026b000 ---p 00054000 08:11 450449                     /usr/lib/jvm/java-8-oracle/jre/lib/amd64/libawt_xawt.so
7f649026b000-7f649026f000 rw-p 00054000 08:11 450449                     /usr/lib/jvm/java-8-oracle/jre/lib/amd64/libawt_xawt.so
7f649026f000-7f6494000000 rw-p 00000000 00:00 0 
7f6494000000-7f6494021000 rw-p 00000000 00:00 0 
7f6494021000-7f6498000000 ---p 00000000 00:00 0 
7f6498001000-7f649800b000 r--s 00116000 08:11 450335                     /usr/lib/jvm/java-8-oracle/jre/lib/ext/localedata.jar
7f649800b000-7f6498027000 r--s 00393000 08:11 450328                     /usr/lib/jvm/java-8-oracle/jre/lib/ext/cldrdata.jar
7f6498027000-7f64980c9000 r-xp 00000000 08:11 450434                     /usr/lib/jvm/java-8-oracle/jre/lib/amd64/libawt.so
7f64980c9000-7f64982c9000 ---p 000a2000 08:11 450434                     /usr/lib/jvm/java-8-oracle/jre/lib/amd64/libawt.so
7f64982c9000-7f64982d5000 rw-p 000a2000 08:11 450434                     /usr/lib/jvm/java-8-oracle/jre/lib/amd64/libawt.so
7f64982d5000-7f64982f9000 rw-p 00000000 00:00 0 
7f64982f9000-7f64982fe000 r--s 002f9000 08:11 450224                     /usr/lib/jvm/java-8-oracle/jre/lib/charsets.jar
7f64982fe000-7f6498309000 r--s 0029e000 08:11 428352                     /usr/share/java/j3dcore-1.5.2+dfsg.jar
7f6498309000-7f649830e000 r--s 00019000 08:11 416765                     /usr/share/java/aspectjrt-1.8.8.jar
7f649830e000-7f6498314000 r--s 0004f000 08:11 409625                     /usr/local/share/java/mail.jar
7f6498314000-7f649831e000 r--s 000e8000 08:11 417416                     /usr/share/java/mysql-connector-java-5.1.38.jar
7f649831e000-7f649831f000 ---p 00000000 00:00 0 
7f649831f000-7f649841f000 rw-p 00000000 00:00 0 
7f649841f000-7f6498422000 ---p 00000000 00:00 0 
7f6498422000-7f6498520000 rw-p 00000000 00:00 0 
7f6498520000-7f6498523000 ---p 00000000 00:00 0 
7f6498523000-7f6498621000 rw-p 00000000 00:00 0 
7f6498621000-7f6498624000 ---p 00000000 00:00 0 
7f6498624000-7f6498722000 rw-p 00000000 00:00 0 
7f6498722000-7f6498725000 ---p 00000000 00:00 0 
7f6498725000-7f6498823000 rw-p 00000000 00:00 0 
7f6498823000-7f6498826000 ---p 00000000 00:00 0 
7f6498826000-7f6498924000 rw-p 00000000 00:00 0 
7f6498924000-7f6498bfc000 r--p 00000000 08:11 262845                     /usr/lib/locale/locale-archive
7f6498bfc000-7f6498bff000 ---p 00000000 00:00 0 
7f6498bff000-7f6498cfd000 rw-p 00000000 00:00 0 
7f6498cfd000-7f6498d00000 ---p 00000000 00:00 0 
7f6498d00000-7f6498dfe000 rw-p 00000000 00:00 0 
7f6498dfe000-7f6498dff000 ---p 00000000 00:00 0 
7f6498dff000-7f6499000000 rw-p 00000000 00:00 0 
7f6499000000-7f6499690000 rwxp 00000000 00:00 0 
7f6499690000-7f64a8000000 ---p 00000000 00:00 0 
7f64a8000000-7f64a85fd000 rw-p 00000000 00:00 0 
7f64a85fd000-7f64ac000000 ---p 00000000 00:00 0 
7f64ac000000-7f64ac001000 r--p 00000000 08:11 43937                      /usr/share/locale-langpack/en_GB/LC_MESSAGES/libc.mo
7f64ac001000-7f64ac003000 r--s 0000c000 08:11 409627                     /usr/local/share/java/activation.jar
7f64ac003000-7f64ac011000 r--s 0018b000 08:11 428353                     /usr/share/java/j3dutils-1.5.2+dfsg.jar
7f64ac011000-7f64ac014000 r--s 00150000 08:11 409645                     /usr/local/share/java/j3daudio.jar
7f64ac014000-7f64ac016000 r--s 0004b000 08:11 428344                     /usr/share/java/vecmath-1.5.2.jar
7f64ac016000-7f64aceb5000 rw-p 00000000 00:00 0 
7f64aceb5000-7f64ad08f000 r--s 03d68000 08:11 450226                     /usr/lib/jvm/java-8-oracle/jre/lib/rt.jar
7f64ad08f000-7f64add39000 rw-p 00000000 00:00 0 
7f64add39000-7f64add3a000 ---p 00000000 00:00 0 
7f64add3a000-7f64ade3a000 rw-p 00000000 00:00 0 
7f64ade3a000-7f64ade3b000 ---p 00000000 00:00 0 
7f64ade3b000-7f64adf3b000 rw-p 00000000 00:00 0 
7f64adf3b000-7f64adf3c000 ---p 00000000 00:00 0 
7f64adf3c000-7f64ae03c000 rw-p 00000000 00:00 0 
7f64ae03c000-7f64ae03d000 ---p 00000000 00:00 0 
7f64ae03d000-7f64ae207000 rw-p 00000000 00:00 0 
7f64ae207000-7f64ae3ce000 ---p 00000000 00:00 0 
7f64ae3ce000-7f64ae498000 rw-p 00000000 00:00 0 
7f64ae498000-7f64ae65e000 ---p 00000000 00:00 0 
7f64ae65e000-7f64ae760000 rw-p 00000000 00:00 0 
7f64ae760000-7f64ae7a7000 ---p 00000000 00:00 0 
7f64ae7a7000-7f64ae7c3000 rw-p 00000000 00:00 0 
7f64ae7c3000-7f64aeb68000 ---p 00000000 00:00 0 
7f64aeb68000-7f64aeb83000 r-xp 00000000 08:11 450438                     /usr/lib/jvm/java-8-oracle/jre/lib/amd64/libzip.so
7f64aeb83000-7f64aed83000 ---p 0001b000 08:11 450438                     /usr/lib/jvm/java-8-oracle/jre/lib/amd64/libzip.so
7f64aed83000-7f64aed84000 rw-p 0001b000 08:11 450438                     /usr/lib/jvm/java-8-oracle/jre/lib/amd64/libzip.so
7f64aed84000-7f64aedaf000 r-xp 00000000 08:11 450431                     /usr/lib/jvm/java-8-oracle/jre/lib/amd64/libjava.so
7f64aedaf000-7f64aefae000 ---p 0002b000 08:11 450431                     /usr/lib/jvm/java-8-oracle/jre/lib/amd64/libjava.so
7f64aefae000-7f64aefb0000 rw-p 0002a000 08:11 450431                     /usr/lib/jvm/java-8-oracle/jre/lib/amd64/libjava.so
7f64aefb0000-7f64aefbd000 r-xp 00000000 08:11 450437                     /usr/lib/jvm/java-8-oracle/jre/lib/amd64/libverify.so
7f64aefbd000-7f64af1bd000 ---p 0000d000 08:11 450437                     /usr/lib/jvm/java-8-oracle/jre/lib/amd64/libverify.so
7f64af1bd000-7f64af1bf000 rw-p 0000d000 08:11 450437                     /usr/lib/jvm/java-8-oracle/jre/lib/amd64/libverify.so
7f64af1bf000-7f64af1c6000 r-xp 00000000 08:11 1179805                    /lib/x86_64-linux-gnu/librt-2.23.so
7f64af1c6000-7f64af3c5000 ---p 00007000 08:11 1179805                    /lib/x86_64-linux-gnu/librt-2.23.so
7f64af3c5000-7f64af3c6000 r--p 00006000 08:11 1179805                    /lib/x86_64-linux-gnu/librt-2.23.so
7f64af3c6000-7f64af3c7000 rw-p 00007000 08:11 1179805                    /lib/x86_64-linux-gnu/librt-2.23.so
7f64af3c7000-7f64af4cf000 r-xp 00000000 08:11 1179763                    /lib/x86_64-linux-gnu/libm-2.23.so
7f64af4cf000-7f64af6ce000 ---p 00108000 08:11 1179763                    /lib/x86_64-linux-gnu/libm-2.23.so
7f64af6ce000-7f64af6cf000 r--p 00107000 08:11 1179763                    /lib/x86_64-linux-gnu/libm-2.23.so
7f64af6cf000-7f64af6d0000 rw-p 00108000 08:11 1179763                    /lib/x86_64-linux-gnu/libm-2.23.so
7f64af6d0000-7f64b03a9000 r-xp 00000000 08:11 450458                     /usr/lib/jvm/java-8-oracle/jre/lib/amd64/server/libjvm.so
7f64b03a9000-7f64b05a8000 ---p 00cd9000 08:11 450458                     /usr/lib/jvm/java-8-oracle/jre/lib/amd64/server/libjvm.so
7f64b05a8000-7f64b0682000 rw-p 00cd8000 08:11 450458                     /usr/lib/jvm/java-8-oracle/jre/lib/amd64/server/libjvm.so
7f64b0682000-7f64b06cd000 rw-p 00000000 00:00 0 
7f64b06cd000-7f64b088d000 r-xp 00000000 08:11 1179771                    /lib/x86_64-linux-gnu/libc-2.23.so
7f64b088d000-7f64b0a8d000 ---p 001c0000 08:11 1179771                    /lib/x86_64-linux-gnu/libc-2.23.so
7f64b0a8d000-7f64b0a91000 r--p 001c0000 08:11 1179771                    /lib/x86_64-linux-gnu/libc-2.23.so
7f64b0a91000-7f64b0a93000 rw-p 001c4000 08:11 1179771                    /lib/x86_64-linux-gnu/libc-2.23.so
7f64b0a93000-7f64b0a97000 rw-p 00000000 00:00 0 
7f64b0a97000-7f64b0a9a000 r-xp 00000000 08:11 1179773                    /lib/x86_64-linux-gnu/libdl-2.23.so
7f64b0a9a000-7f64b0c99000 ---p 00003000 08:11 1179773                    /lib/x86_64-linux-gnu/libdl-2.23.so
7f64b0c99000-7f64b0c9a000 r--p 00002000 08:11 1179773                    /lib/x86_64-linux-gnu/libdl-2.23.so
7f64b0c9a000-7f64b0c9b000 rw-p 00003000 08:11 1179773                    /lib/x86_64-linux-gnu/libdl-2.23.so
7f64b0c9b000-7f64b0cb1000 r-xp 00000000 08:11 450138                     /usr/lib/jvm/java-8-oracle/lib/amd64/jli/libjli.so
7f64b0cb1000-7f64b0eb0000 ---p 00016000 08:11 450138                     /usr/lib/jvm/java-8-oracle/lib/amd64/jli/libjli.so
7f64b0eb0000-7f64b0eb1000 rw-p 00015000 08:11 450138                     /usr/lib/jvm/java-8-oracle/lib/amd64/jli/libjli.so
7f64b0eb1000-7f64b0ec9000 r-xp 00000000 08:11 1179770                    /lib/x86_64-linux-gnu/libpthread-2.23.so
7f64b0ec9000-7f64b10c8000 ---p 00018000 08:11 1179770                    /lib/x86_64-linux-gnu/libpthread-2.23.so
7f64b10c8000-7f64b10c9000 r--p 00017000 08:11 1179770                    /lib/x86_64-linux-gnu/libpthread-2.23.so
7f64b10c9000-7f64b10ca000 rw-p 00018000 08:11 1179770                    /lib/x86_64-linux-gnu/libpthread-2.23.so
7f64b10ca000-7f64b10ce000 rw-p 00000000 00:00 0 
7f64b10ce000-7f64b10f4000 r-xp 00000000 08:11 1179767                    /lib/x86_64-linux-gnu/ld-2.23.so
7f64b10f4000-7f64b1185000 rw-p 00000000 00:00 0 
7f64b1185000-7f64b11c1000 r--s 00000000 08:11 1337281                    /var/cache/nscd/passwd
7f64b11c1000-7f64b11c4000 ---p 00000000 00:00 0 
7f64b11c4000-7f64b12c7000 rw-p 00000000 00:00 0 
7f64b12c7000-7f64b12c8000 r--s 00003000 08:11 409632                     /usr/local/share/java/galapagos.jar
7f64b12c8000-7f64b12e9000 rw-p 00000000 00:00 0 
7f64b12e9000-7f64b12f1000 rw-s 00000000 00:28 6834                       /tmp/hsperfdata_oo115/18890
7f64b12f1000-7f64b12f2000 rw-p 00000000 00:00 0 
7f64b12f2000-7f64b12f3000 ---p 00000000 00:00 0 
7f64b12f3000-7f64b12f4000 r--p 00025000 08:11 1179767                    /lib/x86_64-linux-gnu/ld-2.23.so
7f64b12f4000-7f64b12f5000 rw-p 00026000 08:11 1179767                    /lib/x86_64-linux-gnu/ld-2.23.so
7f64b12f5000-7f64b12f6000 rw-p 00000000 00:00 0 
7ffe3ca5d000-7ffe3ca7e000 rw-p 00000000 00:00 0                          [stack]
7ffe3cb72000-7ffe3cb75000 r--p 00000000 00:00 0                          [vvar]
7ffe3cb75000-7ffe3cb77000 r-xp 00000000 00:00 0                          [vdso]
ffffffffff600000-ffffffffff601000 r-xp 00000000 00:00 0                  [vsyscall]

VM Arguments:
jvm_args: -Dfile.encoding=UTF-8 
java_command: ChristmassTree
java_class_path (initial): /var/autofs/home/s_home/oo115/workspace/Java3D/bin
Launcher Type: SUN_STANDARD

Environment Variables:
PATH=/usr/local/sbin:/usr/local/bin:/usr/sbin:/usr/bin:/sbin:/bin:/usr/games:/usr/local/games:/snap/bin
SHELL=/bin/bash
DISPLAY=:0

Signal Handlers:
SIGSEGV: [libjvm.so+0xad0890], sa_mask[0]=11111111011111111101111111111110, sa_flags=SA_RESTART|SA_SIGINFO
SIGBUS: [libjvm.so+0xad0890], sa_mask[0]=11111111011111111101111111111110, sa_flags=SA_RESTART|SA_SIGINFO
SIGFPE: [libjvm.so+0x928640], sa_mask[0]=11111111011111111101111111111110, sa_flags=SA_RESTART|SA_SIGINFO
SIGPIPE: [libjvm.so+0x928640], sa_mask[0]=11111111011111111101111111111110, sa_flags=SA_RESTART|SA_SIGINFO
SIGXFSZ: [libjvm.so+0x928640], sa_mask[0]=11111111011111111101111111111110, sa_flags=SA_RESTART|SA_SIGINFO
SIGILL: [libjvm.so+0x928640], sa_mask[0]=11111111011111111101111111111110, sa_flags=SA_RESTART|SA_SIGINFO
SIGUSR1: SIG_DFL, sa_mask[0]=00000000000000000000000000000000, sa_flags=none
SIGUSR2: [libjvm.so+0x929ea0], sa_mask[0]=00100000000000000000000000000000, sa_flags=SA_RESTART|SA_SIGINFO
SIGHUP: [libjvm.so+0x92b2a0], sa_mask[0]=11111111011111111101111111111110, sa_flags=SA_RESTART|SA_SIGINFO
SIGINT: [libjvm.so+0x92b2a0], sa_mask[0]=11111111011111111101111111111110, sa_flags=SA_RESTART|SA_SIGINFO
SIGTERM: [libjvm.so+0x92b2a0], sa_mask[0]=11111111011111111101111111111110, sa_flags=SA_RESTART|SA_SIGINFO
SIGQUIT: [libjvm.so+0x92b2a0], sa_mask[0]=11111111011111111101111111111110, sa_flags=SA_RESTART|SA_SIGINFO


---------------  S Y S T E M  ---------------

OS:DISTRIB_ID=Ubuntu
DISTRIB_RELEASE=16.04
DISTRIB_CODENAME=xenial
DISTRIB_DESCRIPTION="Ubuntu 16.04.4 LTS"

uname:Linux 4.4.0-119-generic #143-Ubuntu SMP Mon Apr 2 16:08:24 UTC 2018 x86_64
libc:glibc 2.23 NPTL 2.23 
rlimit: STACK 8192k, CORE 0k, NPROC 31328, NOFILE 4096, AS infinity
load average:38.42 15.01 7.82

/proc/meminfo:
MemTotal:        8063012 kB
MemFree:          114776 kB
MemAvailable:       2892 kB
Buffers:             344 kB
Cached:           221124 kB
SwapCached:        15680 kB
Active:          6528532 kB
Inactive:        1191608 kB
Active(anon):    6526916 kB
Inactive(anon):  1189168 kB
Active(file):       1616 kB
Inactive(file):     2440 kB
Unevictable:         120 kB
Mlocked:             120 kB
SwapTotal:       8703996 kB
SwapFree:              0 kB
Dirty:                 0 kB
Writeback:             0 kB
AnonPages:       7486600 kB
Mapped:            55680 kB
Shmem:            216244 kB
Slab:              87044 kB
SReclaimable:      42112 kB
SUnreclaim:        44932 kB
KernelStack:       16464 kB
PageTables:        67720 kB
NFS_Unstable:          0 kB
Bounce:                0 kB
WritebackTmp:          0 kB
CommitLimit:    12735500 kB
Committed_AS:   21805832 kB
VmallocTotal:   34359738367 kB
VmallocUsed:           0 kB
VmallocChunk:          0 kB
HardwareCorrupted:     0 kB
AnonHugePages:         0 kB
CmaTotal:              0 kB
CmaFree:               0 kB
HugePages_Total:       0
HugePages_Free:        0
HugePages_Rsvd:        0
HugePages_Surp:        0
Hugepagesize:       2048 kB
DirectMap4k:      240312 kB
DirectMap2M:     8036352 kB
DirectMap1G:     1048576 kB


CPU:total 4 (initial active 4) (4 cores per cpu, 1 threads per core) family 6 model 60 stepping 3, cmov, cx8, fxsr, mmx, sse, sse2, sse3, ssse3, sse4.1, sse4.2, popcnt, avx, avx2, aes, clmul, erms, lzcnt, tsc, tscinvbit, bmi1, bmi2

/proc/cpuinfo:
processor	: 0
vendor_id	: GenuineIntel
cpu family	: 6
model		: 60
model name	: Intel(R) Core(TM) i5-4690S CPU @ 3.20GHz
stepping	: 3
microcode	: 0x24
cpu MHz		: 3068.250
cache size	: 6144 KB
physical id	: 0
siblings	: 4
core id		: 0
cpu cores	: 4
apicid		: 0
initial apicid	: 0
fpu		: yes
fpu_exception	: yes
cpuid level	: 13
wp		: yes
flags		: fpu vme de pse tsc msr pae mce cx8 apic sep mtrr pge mca cmov pat pse36 clflush dts acpi mmx fxsr sse sse2 ss ht tm pbe syscall nx pdpe1gb rdtscp lm constant_tsc arch_perfmon pebs bts rep_good nopl xtopology nonstop_tsc aperfmperf eagerfpu pni pclmulqdq dtes64 monitor ds_cpl vmx smx est tm2 ssse3 sdbg fma cx16 xtpr pdcm pcid sse4_1 sse4_2 x2apic movbe popcnt tsc_deadline_timer aes xsave avx f16c rdrand lahf_lm abm epb invpcid_single spec_ctrl retpoline kaiser tpr_shadow vnmi flexpriority ept vpid fsgsbase tsc_adjust bmi1 avx2 smep bmi2 erms invpcid xsaveopt dtherm ida arat pln pts
bugs		: cpu_meltdown spectre_v1 spectre_v2
bogomips	: 6385.57
clflush size	: 64
cache_alignment	: 64
address sizes	: 39 bits physical, 48 bits virtual
power management:

processor	: 1
vendor_id	: GenuineIntel
cpu family	: 6
model		: 60
model name	: Intel(R) Core(TM) i5-4690S CPU @ 3.20GHz
stepping	: 3
microcode	: 0x24
cpu MHz		: 3199.875
cache size	: 6144 KB
physical id	: 0
siblings	: 4
core id		: 1
cpu cores	: 4
apicid		: 2
initial apicid	: 2
fpu		: yes
fpu_exception	: yes
cpuid level	: 13
wp		: yes
flags		: fpu vme de pse tsc msr pae mce cx8 apic sep mtrr pge mca cmov pat pse36 clflush dts acpi mmx fxsr sse sse2 ss ht tm pbe syscall nx pdpe1gb rdtscp lm constant_tsc arch_perfmon pebs bts rep_good nopl xtopology nonstop_tsc aperfmperf eagerfpu pni pclmulqdq dtes64 monitor ds_cpl vmx smx est tm2 ssse3 sdbg fma cx16 xtpr pdcm pcid sse4_1 sse4_2 x2apic movbe popcnt tsc_deadline_timer aes xsave avx f16c rdrand lahf_lm abm epb invpcid_single spec_ctrl retpoline kaiser tpr_shadow vnmi flexpriority ept vpid fsgsbase tsc_adjust bmi1 avx2 smep bmi2 erms invpcid xsaveopt dtherm ida arat pln pts
bugs		: cpu_meltdown spectre_v1 spectre_v2
bogomips	: 6385.57
clflush size	: 64
cache_alignment	: 64
address sizes	: 39 bits physical, 48 bits virtual
power management:

processor	: 2
vendor_id	: GenuineIntel
cpu family	: 6
model		: 60
model name	: Intel(R) Core(TM) i5-4690S CPU @ 3.20GHz
stepping	: 3
microcode	: 0x24
cpu MHz		: 3200.000
cache size	: 6144 KB
physical id	: 0
siblings	: 4
core id		: 2
cpu cores	: 4
apicid		: 4
initial apicid	: 4
fpu		: yes
fpu_exception	: yes
cpuid level	: 13
wp		: yes
flags		: fpu vme de pse tsc msr pae mce cx8 apic sep mtrr pge mca cmov pat pse36 clflush dts acpi mmx fxsr sse sse2 ss ht tm pbe syscall nx pdpe1gb rdtscp lm constant_tsc arch_perfmon pebs bts rep_good nopl xtopology nonstop_tsc aperfmperf eagerfpu pni pclmulqdq dtes64 monitor ds_cpl vmx smx est tm2 ssse3 sdbg fma cx16 xtpr pdcm pcid sse4_1 sse4_2 x2apic movbe popcnt tsc_deadline_timer aes xsave avx f16c rdrand lahf_lm abm epb invpcid_single spec_ctrl retpoline kaiser tpr_shadow vnmi flexpriority ept vpid fsgsbase tsc_adjust bmi1 avx2 smep bmi2 erms invpcid xsaveopt dtherm ida arat pln pts
bugs		: cpu_meltdown spectre_v1 spectre_v2
bogomips	: 6385.57
clflush size	: 64
cache_alignment	: 64
address sizes	: 39 bits physical, 48 bits virtual
power management:

processor	: 3
vendor_id	: GenuineIntel
cpu family	: 6
model		: 60
model name	: Intel(R) Core(TM) i5-4690S CPU @ 3.20GHz
stepping	: 3
microcode	: 0x24
cpu MHz		: 3226.750
cache size	: 6144 KB
physical id	: 0
siblings	: 4
core id		: 3
cpu cores	: 4
apicid		: 6
initial apicid	: 6
fpu		: yes
fpu_exception	: yes
cpuid level	: 13
wp		: yes
flags		: fpu vme de pse tsc msr pae mce cx8 apic sep mtrr pge mca cmov pat pse36 clflush dts acpi mmx fxsr sse sse2 ss ht tm pbe syscall nx pdpe1gb rdtscp lm constant_tsc arch_perfmon pebs bts rep_good nopl xtopology nonstop_tsc aperfmperf eagerfpu pni pclmulqdq dtes64 monitor ds_cpl vmx smx est tm2 ssse3 sdbg fma cx16 xtpr pdcm pcid sse4_1 sse4_2 x2apic movbe popcnt tsc_deadline_timer aes xsave avx f16c rdrand lahf_lm abm epb invpcid_single spec_ctrl retpoline kaiser tpr_shadow vnmi flexpriority ept vpid fsgsbase tsc_adjust bmi1 avx2 smep bmi2 erms invpcid xsaveopt dtherm ida arat pln pts
bugs		: cpu_meltdown spectre_v1 spectre_v2
bogomips	: 6385.57
clflush size	: 64
cache_alignment	: 64
address sizes	: 39 bits physical, 48 bits virtual
power management:



Memory: 4k page, physical 8063012k(116616k free), swap 8703996k(0k free)

vm_info: Java HotSpot(TM) 64-Bit Server VM (25.171-b11) for linux-amd64 JRE (1.8.0_171-b11), built on Mar 28 2018 17:07:08 by "java_re" with gcc 4.3.0 20080428 (Red Hat 4.3.0-8)

time: Tue Apr 24 13:40:39 2018
elapsed time: 144 seconds (0d 0h 2m 24s)

