#
# There is insufficient memory for the Java Runtime Environment to continue.
# Native memory allocation (mmap) failed to map 108003328 bytes for committing reserved memory.
# Possible reasons:
#   The system is out of physical RAM or swap space
#   In 32 bit mode, the process size limit was hit
# Possible solutions:
#   Reduce memory load on the system
#   Increase physical memory or swap space
#   Check if swap backing store is full
#   Use 64 bit Java on a 64 bit OS
#   Decrease Java heap size (-Xmx/-Xms)
#   Decrease number of Java threads
#   Decrease Java thread stack sizes (-Xss)
#   Set larger code cache with -XX:ReservedCodeCacheSize=
# This output file may be truncated or incomplete.
#
#  Out of Memory Error (os_linux.cpp:2640), pid=16823, tid=0x00007fb8e2677700
#
# JRE version: Java(TM) SE Runtime Environment (8.0_171-b11) (build 1.8.0_171-b11)
# Java VM: Java HotSpot(TM) 64-Bit Server VM (25.171-b11 mixed mode linux-amd64 compressed oops)
# Failed to write core dump. Core dumps have been disabled. To enable core dumping, try "ulimit -c unlimited" before starting Java again
#

---------------  T H R E A D  ---------------

Current thread (0x00007fb8f8076000):  VMThread [stack: 0x00007fb8e2577000,0x00007fb8e2678000] [id=16833]

Stack: [0x00007fb8e2577000,0x00007fb8e2678000],  sp=0x00007fb8e26761a0,  free space=1020k
Native frames: (J=compiled Java code, j=interpreted, Vv=VM code, C=native code)
V  [libjvm.so+0xacfffa]  VMError::report_and_die()+0x2ba
V  [libjvm.so+0x5005cb]  report_vm_out_of_memory(char const*, int, unsigned long, VMErrorType, char const*)+0x8b
V  [libjvm.so+0x92dd93]  os::Linux::commit_memory_impl(char*, unsigned long, bool)+0x123
V  [libjvm.so+0x92dfb9]  os::pd_commit_memory(char*, unsigned long, unsigned long, bool)+0x29
V  [libjvm.so+0x92527a]  os::commit_memory(char*, unsigned long, unsigned long, bool)+0x2a
V  [libjvm.so+0x99b223]  PSVirtualSpace::expand_by(unsigned long)+0x53
V  [libjvm.so+0x99c628]  PSYoungGen::resize_generation(unsigned long, unsigned long)+0xf8
V  [libjvm.so+0x99b782]  PSYoungGen::resize(unsigned long, unsigned long)+0x22
V  [libjvm.so+0x998a5b]  PSScavenge::invoke_no_policy()+0xf3b
V  [libjvm.so+0x9991e1]  PSScavenge::invoke()+0x41
V  [libjvm.so+0x94fcb0]  ParallelScavengeHeap::failed_mem_allocate(unsigned long)+0x70
V  [libjvm.so+0xad1a77]  VM_ParallelGCFailedAllocation::doit()+0x97
V  [libjvm.so+0xad9595]  VM_Operation::evaluate()+0x55
V  [libjvm.so+0xad795a]  VMThread::evaluate_operation(VM_Operation*)+0xba
V  [libjvm.so+0xad7cde]  VMThread::loop()+0x1ce
V  [libjvm.so+0xad8150]  VMThread::run()+0x70
V  [libjvm.so+0x92e0f8]  java_start(Thread*)+0x108

VM_Operation (0x00007fb8fe7b2e70): ParallelGCFailedAllocation, mode: safepoint, requested by thread 0x00007fb8f8008000


---------------  P R O C E S S  ---------------

Java Threads: ( => current thread )
  0x00007fb88c005800 JavaThread "J3D-Renderer-1" [_thread_blocked, id=16848, stack(0x00007fb8a8b59000,0x00007fb8a8c5a000)]
  0x00007fb8f825f000 JavaThread "J3D-MasterControl-1" [_thread_blocked, id=16847, stack(0x00007fb8a8c5a000,0x00007fb8a8d5b000)]
  0x00007fb8f825e000 JavaThread "J3D-NotificationThread" [_thread_blocked, id=16846, stack(0x00007fb8a8d5b000,0x00007fb8a8e5c000)]
  0x00007fb8f825c000 JavaThread "J3D-TimerThread" [_thread_blocked, id=16845, stack(0x00007fb8a8e5c000,0x00007fb8a8f5d000)]
  0x00007fb8f82b3000 JavaThread "J3D-RenderingAttributesStructureUpdateThread" [_thread_blocked, id=16844, stack(0x00007fb8a8f5d000,0x00007fb8a905e000)]
  0x00007fb8f8216800 JavaThread "AWT-XAWT" daemon [_thread_blocked, id=16843, stack(0x00007fb8ab7d8000,0x00007fb8ab8d9000)]
  0x00007fb8f81ee800 JavaThread "Java2D Disposer" daemon [_thread_blocked, id=16842, stack(0x00007fb8abce9000,0x00007fb8abdea000)]
  0x00007fb8f80bf000 JavaThread "Service Thread" daemon [_thread_blocked, id=16840, stack(0x00007fb8e1b98000,0x00007fb8e1c99000)]
  0x00007fb8f80bc000 JavaThread "C1 CompilerThread2" daemon [_thread_blocked, id=16839, stack(0x00007fb8e1c99000,0x00007fb8e1d9a000)]
  0x00007fb8f80ba800 JavaThread "C2 CompilerThread1" daemon [_thread_blocked, id=16838, stack(0x00007fb8e1d9a000,0x00007fb8e1e9b000)]
  0x00007fb8f80b7800 JavaThread "C2 CompilerThread0" daemon [_thread_blocked, id=16837, stack(0x00007fb8e1e9b000,0x00007fb8e1f9c000)]
  0x00007fb8f80b6000 JavaThread "Signal Dispatcher" daemon [_thread_blocked, id=16836, stack(0x00007fb8e1f9c000,0x00007fb8e209d000)]
  0x00007fb8f8082800 JavaThread "Finalizer" daemon [_thread_blocked, id=16835, stack(0x00007fb8e2375000,0x00007fb8e2476000)]
  0x00007fb8f807e000 JavaThread "Reference Handler" daemon [_thread_blocked, id=16834, stack(0x00007fb8e2476000,0x00007fb8e2577000)]
  0x00007fb8f8008000 JavaThread "main" [_thread_blocked, id=16825, stack(0x00007fb8fe6b4000,0x00007fb8fe7b5000)]

Other Threads:
=>0x00007fb8f8076000 VMThread [stack: 0x00007fb8e2577000,0x00007fb8e2678000] [id=16833]
  0x00007fb8f80c4000 WatcherThread [stack: 0x00007fb8e1a97000,0x00007fb8e1b98000] [id=16841]

VM state:at safepoint (normal execution)

VM Mutex/Monitor currently owned by a thread:  ([mutex/lock_event])
[0x00007fb8f8006a60] Threads_lock - owner thread: 0x00007fb8f8076000
[0x00007fb8f8006f60] Heap_lock - owner thread: 0x00007fb8f8008000

Heap:
 PSYoungGen      total 337408K, used 160236K [0x00000000d6f80000, 0x00000000f9900000, 0x0000000100000000)
  eden space 177152K, 0% used [0x00000000d6f80000,0x00000000d6f80000,0x00000000e1c80000)
  from space 160256K, 99% used [0x00000000efc80000,0x00000000f98fb3c8,0x00000000f9900000)
  to   space 105984K, 0% used [0x00000000e1c80000,0x00000000e1c80000,0x00000000e8400000)
 ParOldGen       total 294400K, used 256327K [0x0000000084e00000, 0x0000000096d80000, 0x00000000d6f80000)
  object space 294400K, 87% used [0x0000000084e00000,0x0000000094851c28,0x0000000096d80000)
 Metaspace       used 12229K, capacity 12460K, committed 12672K, reserved 1060864K
  class space    used 1297K, capacity 1384K, committed 1408K, reserved 1048576K

Card table byte_map: [0x00007fb8e8866000,0x00007fb8e8c40000] byte_map_base: 0x00007fb8e843f000

Marking Bits: (ParMarkBitMap*) 0x00007fb8fdb93280
 Begin Bits: [0x00007fb8e4441000, 0x00007fb8e6309000)
 End Bits:   [0x00007fb8e6309000, 0x00007fb8e81d1000)

Polling page: 0x00007fb8fe7e5000

CodeCache: size=245760Kb used=6415Kb max_used=6428Kb free=239344Kb
 bounds [0x00007fb8e9000000, 0x00007fb8e9660000, 0x00007fb8f8000000]
 total_blobs=1566 nmethods=938 adapters=542
 compilation: enabled

Compilation events (10 events):
Event: 3.676 Thread 0x00007fb8f80ba800  922       4       javax.media.j3d.GroupRetained::setLive (10 bytes)
Event: 3.677 Thread 0x00007fb8f80ba800 nmethod 922 0x00007fb8e95ecbd0 code [0x00007fb8e95ecd20, 0x00007fb8e95ecdc8]
Event: 3.677 Thread 0x00007fb8f80ba800  913   !   4       javax.media.j3d.GeometryRetained::incrComputeGeoBounds (50 bytes)
Event: 3.678 Thread 0x00007fb8f80ba800 nmethod 913 0x00007fb8e9603c50 code [0x00007fb8e9603dc0, 0x00007fb8e9604168]
Event: 3.678 Thread 0x00007fb8f80ba800  904       4       javax.media.j3d.Shape3DRetained::isAlphaEditable (236 bytes)
Event: 3.680 Thread 0x00007fb8f80ba800 nmethod 904 0x00007fb8e9616050 code [0x00007fb8e96161e0, 0x00007fb8e9616518]
Event: 3.680 Thread 0x00007fb8f80ba800  941       4       javax.media.j3d.Shape3DRetained::getGeomAtom (21 bytes)
Event: 3.682 Thread 0x00007fb8f80ba800 nmethod 941 0x00007fb8e9620ed0 code [0x00007fb8e9621040, 0x00007fb8e96214f8]
Event: 3.689 Thread 0x00007fb8f80b7800 nmethod 929 0x00007fb8e9622750 code [0x00007fb8e96228c0, 0x00007fb8e9622fd8]
Event: 3.689 Thread 0x00007fb8f80b7800  942   !   4       javax.media.j3d.Shape3DRetained::doSetLive (1378 bytes)

GC Heap History (10 events):
Event: 1.657 GC heap after
Heap after GC invocations=5 (full 1):
 PSYoungGen      total 132096K, used 0K [0x00000000d6f80000, 0x00000000df580000, 0x0000000100000000)
  eden space 126976K, 0% used [0x00000000d6f80000,0x00000000d6f80000,0x00000000deb80000)
  from space 5120K, 0% used [0x00000000df080000,0x00000000df080000,0x00000000df580000)
  to   space 5120K, 0% used [0x00000000deb80000,0x00000000deb80000,0x00000000df080000)
 ParOldGen       total 155648K, used 67249K [0x0000000084e00000, 0x000000008e600000, 0x00000000d6f80000)
  object space 155648K, 43% used [0x0000000084e00000,0x0000000088fac6e8,0x000000008e600000)
 Metaspace       used 11252K, capacity 11500K, committed 11648K, reserved 1058816K
  class space    used 1201K, capacity 1320K, committed 1408K, reserved 1048576K
}
Event: 1.816 GC heap before
{Heap before GC invocations=6 (full 1):
 PSYoungGen      total 132096K, used 126976K [0x00000000d6f80000, 0x00000000df580000, 0x0000000100000000)
  eden space 126976K, 100% used [0x00000000d6f80000,0x00000000deb80000,0x00000000deb80000)
  from space 5120K, 0% used [0x00000000df080000,0x00000000df080000,0x00000000df580000)
  to   space 5120K, 0% used [0x00000000deb80000,0x00000000deb80000,0x00000000df080000)
 ParOldGen       total 155648K, used 67249K [0x0000000084e00000, 0x000000008e600000, 0x00000000d6f80000)
  object space 155648K, 43% used [0x0000000084e00000,0x0000000088fac6e8,0x000000008e600000)
 Metaspace       used 11313K, capacity 11500K, committed 11648K, reserved 1058816K
  class space    used 1201K, capacity 1320K, committed 1408K, reserved 1048576K
Event: 1.914 GC heap after
Heap after GC invocations=6 (full 1):
 PSYoungGen      total 132096K, used 5109K [0x00000000d6f80000, 0x00000000ee980000, 0x0000000100000000)
  eden space 126976K, 0% used [0x00000000d6f80000,0x00000000d6f80000,0x00000000deb80000)
  from space 5120K, 99% used [0x00000000deb80000,0x00000000df07d460,0x00000000df080000)
  to   space 87040K, 0% used [0x00000000e9480000,0x00000000e9480000,0x00000000ee980000)
 ParOldGen       total 155648K, used 146664K [0x0000000084e00000, 0x000000008e600000, 0x00000000d6f80000)
  object space 155648K, 94% used [0x0000000084e00000,0x000000008dd3a128,0x000000008e600000)
 Metaspace       used 11313K, capacity 11500K, committed 11648K, reserved 1058816K
  class space    used 1201K, capacity 1320K, committed 1408K, reserved 1048576K
}
Event: 1.914 GC heap before
{Heap before GC invocations=7 (full 2):
 PSYoungGen      total 132096K, used 5109K [0x00000000d6f80000, 0x00000000ee980000, 0x0000000100000000)
  eden space 126976K, 0% used [0x00000000d6f80000,0x00000000d6f80000,0x00000000deb80000)
  from space 5120K, 99% used [0x00000000deb80000,0x00000000df07d460,0x00000000df080000)
  to   space 87040K, 0% used [0x00000000e9480000,0x00000000e9480000,0x00000000ee980000)
 ParOldGen       total 155648K, used 146664K [0x0000000084e00000, 0x000000008e600000, 0x00000000d6f80000)
  object space 155648K, 94% used [0x0000000084e00000,0x000000008dd3a128,0x000000008e600000)
 Metaspace       used 11313K, capacity 11500K, committed 11648K, reserved 1058816K
  class space    used 1201K, capacity 1320K, committed 1408K, reserved 1048576K
Event: 2.167 GC heap after
Heap after GC invocations=7 (full 2):
 PSYoungGen      total 132096K, used 0K [0x00000000d6f80000, 0x00000000ee980000, 0x0000000100000000)
  eden space 126976K, 0% used [0x00000000d6f80000,0x00000000d6f80000,0x00000000deb80000)
  from space 5120K, 0% used [0x00000000deb80000,0x00000000deb80000,0x00000000df080000)
  to   space 87040K, 0% used [0x00000000e9480000,0x00000000e9480000,0x00000000ee980000)
 ParOldGen       total 294400K, used 143475K [0x0000000084e00000, 0x0000000096d80000, 0x00000000d6f80000)
  object space 294400K, 48% used [0x0000000084e00000,0x000000008da1cc00,0x0000000096d80000)
 Metaspace       used 11313K, capacity 11500K, committed 11648K, reserved 1058816K
  class space    used 1201K, capacity 1320K, committed 1408K, reserved 1048576K
}
Event: 2.328 GC heap before
{Heap before GC invocations=8 (full 2):
 PSYoungGen      total 132096K, used 126976K [0x00000000d6f80000, 0x00000000ee980000, 0x0000000100000000)
  eden space 126976K, 100% used [0x00000000d6f80000,0x00000000deb80000,0x00000000deb80000)
  from space 5120K, 0% used [0x00000000deb80000,0x00000000deb80000,0x00000000df080000)
  to   space 87040K, 0% used [0x00000000e9480000,0x00000000e9480000,0x00000000ee980000)
 ParOldGen       total 294400K, used 143475K [0x0000000084e00000, 0x0000000096d80000, 0x00000000d6f80000)
  object space 294400K, 48% used [0x0000000084e00000,0x000000008da1cc00,0x0000000096d80000)
 Metaspace       used 11345K, capacity 11564K, committed 11904K, reserved 1060864K
  class space    used 1205K, capacity 1320K, committed 1408K, reserved 1048576K
Event: 2.439 GC heap after
Heap after GC invocations=8 (full 2):
 PSYoungGen      total 264192K, used 80713K [0x00000000d6f80000, 0x00000000eeb80000, 0x0000000100000000)
  eden space 177152K, 0% used [0x00000000d6f80000,0x00000000d6f80000,0x00000000e1c80000)
  from space 87040K, 92% used [0x00000000e9480000,0x00000000ee3527a0,0x00000000ee980000)
  to   space 105984K, 0% used [0x00000000e1c80000,0x00000000e1c80000,0x00000000e8400000)
 ParOldGen       total 294400K, used 143475K [0x0000000084e00000, 0x0000000096d80000, 0x00000000d6f80000)
  object space 294400K, 48% used [0x0000000084e00000,0x000000008da1cc00,0x0000000096d80000)
 Metaspace       used 11345K, capacity 11564K, committed 11904K, reserved 1060864K
  class space    used 1205K, capacity 1320K, committed 1408K, reserved 1048576K
}
Event: 3.308 GC heap before
{Heap before GC invocations=9 (full 2):
 PSYoungGen      total 264192K, used 257865K [0x00000000d6f80000, 0x00000000eeb80000, 0x0000000100000000)
  eden space 177152K, 100% used [0x00000000d6f80000,0x00000000e1c80000,0x00000000e1c80000)
  from space 87040K, 92% used [0x00000000e9480000,0x00000000ee3527a0,0x00000000ee980000)
  to   space 105984K, 0% used [0x00000000e1c80000,0x00000000e1c80000,0x00000000e8400000)
 ParOldGen       total 294400K, used 143475K [0x0000000084e00000, 0x0000000096d80000, 0x00000000d6f80000)
  object space 294400K, 48% used [0x0000000084e00000,0x000000008da1cc00,0x0000000096d80000)
 Metaspace       used 12229K, capacity 12460K, committed 12672K, reserved 1060864K
  class space    used 1297K, capacity 1384K, committed 1408K, reserved 1048576K
Event: 3.490 GC heap after
Heap after GC invocations=9 (full 2):
 PSYoungGen      total 283136K, used 105963K [0x00000000d6f80000, 0x00000000f9900000, 0x0000000100000000)
  eden space 177152K, 0% used [0x00000000d6f80000,0x00000000d6f80000,0x00000000e1c80000)
  from space 105984K, 99% used [0x00000000e1c80000,0x00000000e83fac40,0x00000000e8400000)
  to   space 160256K, 0% used [0x00000000efc80000,0x00000000efc80000,0x00000000f9900000)
 ParOldGen       total 294400K, used 203855K [0x0000000084e00000, 0x0000000096d80000, 0x00000000d6f80000)
  object space 294400K, 69% used [0x0000000084e00000,0x0000000091513d08,0x0000000096d80000)
 Metaspace       used 12229K, capacity 12460K, committed 12672K, reserved 1060864K
  class space    used 1297K, capacity 1384K, committed 1408K, reserved 1048576K
}
Event: 3.723 GC heap before
{Heap before GC invocations=10 (full 2):
 PSYoungGen      total 283136K, used 283115K [0x00000000d6f80000, 0x00000000f9900000, 0x0000000100000000)
  eden space 177152K, 100% used [0x00000000d6f80000,0x00000000e1c80000,0x00000000e1c80000)
  from space 105984K, 99% used [0x00000000e1c80000,0x00000000e83fac40,0x00000000e8400000)
  to   space 160256K, 0% used [0x00000000efc80000,0x00000000efc80000,0x00000000f9900000)
 ParOldGen       total 294400K, used 203855K [0x0000000084e00000, 0x0000000096d80000, 0x00000000d6f80000)
  object space 294400K, 69% used [0x0000000084e00000,0x0000000091513d08,0x0000000096d80000)
 Metaspace       used 12229K, capacity 12460K, committed 12672K, reserved 1060864K
  class space    used 1297K, capacity 1384K, committed 1408K, reserved 1048576K

Deoptimization events (10 events):
Event: 2.947 Thread 0x00007fb8f8008000 Uncommon trap: reason=unstable_if action=reinterpret pc=0x00007fb8e9256d84 method=javax.media.j3d.BoundingBox.updateBoundsStates()V @ 151
Event: 3.081 Thread 0x00007fb8f8008000 Uncommon trap: reason=unstable_if action=reinterpret pc=0x00007fb8e95c5f88 method=javax.media.j3d.NodeRetained.doSetLive(Ljavax/media/j3d/SetLiveState;)V @ 88
Event: 3.594 Thread 0x00007fb8f8008000 Uncommon trap: reason=unstable_if action=reinterpret pc=0x00007fb8e95f3f24 method=java.lang.Long.getChars(JI[C)V @ 94
Event: 3.594 Thread 0x00007fb8f8008000 Uncommon trap: reason=unstable_if action=reinterpret pc=0x00007fb8e95e9670 method=java.lang.Long.getChars(JI[C)V @ 94
Event: 3.594 Thread 0x00007fb8f8008000 Uncommon trap: reason=unstable_if action=reinterpret pc=0x00007fb8e95e9ed8 method=java.lang.Long.getChars(JI[C)V @ 94
Event: 3.619 Thread 0x00007fb8f8008000 Uncommon trap: reason=unstable_if action=reinterpret pc=0x00007fb8e960a804 method=javax.media.j3d.GeometryArrayRetained.computeBoundingBox()V @ 4
Event: 3.620 Thread 0x00007fb8f8008000 Uncommon trap: reason=unstable_if action=reinterpret pc=0x00007fb8e95ea4f0 method=javax.media.j3d.GeometryArrayRetained.computeBoundingBox(I[F)V @ 12
Event: 3.620 Thread 0x00007fb8f8008000 Uncommon trap: reason=unstable_if action=reinterpret pc=0x00007fb8e96000d0 method=javax.media.j3d.GeometryRetained.incrComputeGeoBounds()V @ 22
Event: 3.620 Thread 0x00007fb8f8008000 Uncommon trap: reason=unstable_if action=reinterpret pc=0x00007fb8e95eeab0 method=javax.media.j3d.GeometryArrayRetained.computeBoundingBox()V @ 4
Event: 3.653 Thread 0x00007fb8f8008000 Uncommon trap: reason=unstable_if action=reinterpret pc=0x00007fb8e962a488 method=java.lang.Long.getChars(JI[C)V @ 94

Classes redefined (0 events):
No events

Internal exceptions (10 events):
Event: 0.279 Thread 0x00007fb8f8008000 Exception <a 'java/security/PrivilegedActionException'> (0x00000000d71abc18) thrown at [/HUDSON/workspace/8-2-build-linux-amd64/jdk8u171/10807/hotspot/src/share/vm/prims/jvm.cpp, line 1435]
Event: 0.279 Thread 0x00007fb8f8008000 Exception <a 'java/security/PrivilegedActionException'> (0x00000000d71abe28) thrown at [/HUDSON/workspace/8-2-build-linux-amd64/jdk8u171/10807/hotspot/src/share/vm/prims/jvm.cpp, line 1435]
Event: 0.280 Thread 0x00007fb8f8008000 Exception <a 'java/security/PrivilegedActionException'> (0x00000000d71ae290) thrown at [/HUDSON/workspace/8-2-build-linux-amd64/jdk8u171/10807/hotspot/src/share/vm/prims/jvm.cpp, line 1435]
Event: 0.280 Thread 0x00007fb8f8008000 Exception <a 'java/security/PrivilegedActionException'> (0x00000000d71ae4a0) thrown at [/HUDSON/workspace/8-2-build-linux-amd64/jdk8u171/10807/hotspot/src/share/vm/prims/jvm.cpp, line 1435]
Event: 0.338 Thread 0x00007fb8f8008000 Exception <a 'java/lang/NoSuchFieldError': method resolution failed> (0x00000000d7282780) thrown at [/HUDSON/workspace/8-2-build-linux-amd64/jdk8u171/10807/hotspot/src/share/vm/prims/methodHandles.cpp, line 1167]
Event: 0.339 Thread 0x00007fb8f8008000 Exception <a 'java/lang/NoSuchFieldError': method resolution failed> (0x00000000d728ff50) thrown at [/HUDSON/workspace/8-2-build-linux-amd64/jdk8u171/10807/hotspot/src/share/vm/prims/methodHandles.cpp, line 1167]
Event: 0.356 Thread 0x00007fb8f8008000 Exception <a 'java/io/FileNotFoundException'> (0x00000000d730f4c8) thrown at [/HUDSON/workspace/8-2-build-linux-amd64/jdk8u171/10807/hotspot/src/share/vm/prims/jni.cpp, line 709]
Event: 0.356 Thread 0x00007fb8f8008000 Exception <a 'java/io/FileNotFoundException'> (0x00000000d730fe80) thrown at [/HUDSON/workspace/8-2-build-linux-amd64/jdk8u171/10807/hotspot/src/share/vm/prims/jni.cpp, line 709]
Event: 1.245 Thread 0x00007fb8f8008000 Implicit null exception at 0x00007fb8e92188b0 to 0x00007fb8e9218d8d
Event: 2.178 Thread 0x00007fb8f8008000 Implicit null exception at 0x00007fb8e93c3c53 to 0x00007fb8e93c51f5

Events (10 events):
Event: 3.620 Thread 0x00007fb8f8008000 Uncommon trap: trap_request=0xffffff65 fr.pc=0x00007fb8e96000d0
Event: 3.620 Thread 0x00007fb8f8008000 DEOPT PACKING pc=0x00007fb8e96000d0 sp=0x00007fb8fe7b2a90
Event: 3.620 Thread 0x00007fb8f8008000 DEOPT UNPACKING pc=0x00007fb8e904573a sp=0x00007fb8fe7b29d8 mode 2
Event: 3.620 Thread 0x00007fb8f8008000 Uncommon trap: trap_request=0xffffff65 fr.pc=0x00007fb8e95eeab0
Event: 3.620 Thread 0x00007fb8f8008000 DEOPT PACKING pc=0x00007fb8e95eeab0 sp=0x00007fb8fe7b29a0
Event: 3.620 Thread 0x00007fb8f8008000 DEOPT UNPACKING pc=0x00007fb8e904573a sp=0x00007fb8fe7b2958 mode 2
Event: 3.653 Thread 0x00007fb8f8008000 Uncommon trap: trap_request=0xffffff65 fr.pc=0x00007fb8e962a488
Event: 3.653 Thread 0x00007fb8f8008000 DEOPT PACKING pc=0x00007fb8e962a488 sp=0x00007fb8fe7b2dc0
Event: 3.653 Thread 0x00007fb8f8008000 DEOPT UNPACKING pc=0x00007fb8e904573a sp=0x00007fb8fe7b2c40 mode 2
Event: 3.723 Executing VM operation: ParallelGCFailedAllocation


Dynamic libraries:
00400000-00401000 r-xp 00000000 08:11 394946                             /usr/lib/jvm/java-8-oracle/bin/java
00600000-00601000 rw-p 00000000 08:11 394946                             /usr/lib/jvm/java-8-oracle/bin/java
01e99000-01eba000 rw-p 00000000 00:00 0                                  [heap]
84e00000-96d80000 rw-p 00000000 00:00 0 
96d80000-d6f80000 ---p 00000000 00:00 0 
d6f80000-f9900000 rw-p 00000000 00:00 0 
100000000-100160000 rw-p 00000000 00:00 0 
100160000-140000000 ---p 00000000 00:00 0 
7fb88ade7000-7fb88aee7000 rw-p 00000000 00:00 0 
7fb88aee7000-7fb88afe7000 ---p 00000000 00:00 0 
7fb88afe7000-7fb88b022000 r-xp 00000000 08:11 450392                     /usr/lib/jvm/java-8-oracle/jre/lib/amd64/libjpeg.so
7fb88b022000-7fb88b221000 ---p 0003b000 08:11 450392                     /usr/lib/jvm/java-8-oracle/jre/lib/amd64/libjpeg.so
7fb88b221000-7fb88b222000 rw-p 0003a000 08:11 450392                     /usr/lib/jvm/java-8-oracle/jre/lib/amd64/libjpeg.so
7fb88b222000-7fb88b22a000 r-xp 00000000 08:11 269235                     /usr/lib/x86_64-linux-gnu/libpciaccess.so.0.11.1
7fb88b22a000-7fb88b42a000 ---p 00008000 08:11 269235                     /usr/lib/x86_64-linux-gnu/libpciaccess.so.0.11.1
7fb88b42a000-7fb88b42b000 r--p 00008000 08:11 269235                     /usr/lib/x86_64-linux-gnu/libpciaccess.so.0.11.1
7fb88b42b000-7fb88b42c000 rw-p 00009000 08:11 269235                     /usr/lib/x86_64-linux-gnu/libpciaccess.so.0.11.1
7fb88b42c000-7fb88b59e000 r-xp 00000000 08:11 262907                     /usr/lib/x86_64-linux-gnu/libstdc++.so.6.0.21
7fb88b59e000-7fb88b79e000 ---p 00172000 08:11 262907                     /usr/lib/x86_64-linux-gnu/libstdc++.so.6.0.21
7fb88b79e000-7fb88b7a8000 r--p 00172000 08:11 262907                     /usr/lib/x86_64-linux-gnu/libstdc++.so.6.0.21
7fb88b7a8000-7fb88b7aa000 rw-p 0017c000 08:11 262907                     /usr/lib/x86_64-linux-gnu/libstdc++.so.6.0.21
7fb88b7aa000-7fb88b7ae000 rw-p 00000000 00:00 0 
7fb88b7ae000-7fb88b7b9000 r-xp 00000000 08:11 263888                     /usr/lib/x86_64-linux-gnu/libdrm_radeon.so.1.0.1
7fb88b7b9000-7fb88b9b8000 ---p 0000b000 08:11 263888                     /usr/lib/x86_64-linux-gnu/libdrm_radeon.so.1.0.1
7fb88b9b8000-7fb88b9b9000 r--p 0000a000 08:11 263888                     /usr/lib/x86_64-linux-gnu/libdrm_radeon.so.1.0.1
7fb88b9b9000-7fb88b9ba000 rw-p 0000b000 08:11 263888                     /usr/lib/x86_64-linux-gnu/libdrm_radeon.so.1.0.1
7fb88b9ba000-7fb88b9c1000 r-xp 00000000 08:11 266757                     /usr/lib/x86_64-linux-gnu/libdrm_nouveau.so.2.0.0
7fb88b9c1000-7fb88bbc0000 ---p 00007000 08:11 266757                     /usr/lib/x86_64-linux-gnu/libdrm_nouveau.so.2.0.0
7fb88bbc0000-7fb88bbc1000 r--p 00006000 08:11 266757                     /usr/lib/x86_64-linux-gnu/libdrm_nouveau.so.2.0.0
7fb88bbc1000-7fb88bbc2000 rw-p 00007000 08:11 266757                     /usr/lib/x86_64-linux-gnu/libdrm_nouveau.so.2.0.0
7fb88bbc2000-7fb88bbe4000 r-xp 00000000 08:11 263884                     /usr/lib/x86_64-linux-gnu/libdrm_intel.so.1.0.0
7fb88bbe4000-7fb88bde4000 ---p 00022000 08:11 263884                     /usr/lib/x86_64-linux-gnu/libdrm_intel.so.1.0.0
7fb88bde4000-7fb88bde5000 r--p 00022000 08:11 263884                     /usr/lib/x86_64-linux-gnu/libdrm_intel.so.1.0.0
7fb88bde5000-7fb88bde6000 rw-p 00023000 08:11 263884                     /usr/lib/x86_64-linux-gnu/libdrm_intel.so.1.0.0
7fb88bde6000-7fb88bdff000 r-xp 00000000 08:11 1179739                    /lib/x86_64-linux-gnu/libz.so.1.2.8
7fb88bdff000-7fb88bffe000 ---p 00019000 08:11 1179739                    /lib/x86_64-linux-gnu/libz.so.1.2.8
7fb88bffe000-7fb88bfff000 r--p 00018000 08:11 1179739                    /lib/x86_64-linux-gnu/libz.so.1.2.8
7fb88bfff000-7fb88c000000 rw-p 00019000 08:11 1179739                    /lib/x86_64-linux-gnu/libz.so.1.2.8
7fb88c000000-7fb88c239000 rw-p 00000000 00:00 0 
7fb88c239000-7fb890000000 ---p 00000000 00:00 0 
7fb890000000-7fb89015e000 rw-p 00000000 00:00 0 
7fb89015e000-7fb894000000 ---p 00000000 00:00 0 
7fb894000000-7fb894021000 rw-p 00000000 00:00 0 
7fb894021000-7fb898000000 ---p 00000000 00:00 0 
7fb898000000-7fb898021000 rw-p 00000000 00:00 0 
7fb898021000-7fb89c000000 ---p 00000000 00:00 0 
7fb89c000000-7fb89c021000 rw-p 00000000 00:00 0 
7fb89c021000-7fb8a0000000 ---p 00000000 00:00 0 
7fb8a0000000-7fb8a0021000 rw-p 00000000 00:00 0 
7fb8a0021000-7fb8a4000000 ---p 00000000 00:00 0 
7fb8a4000000-7fb8a4021000 rw-p 00000000 00:00 0 
7fb8a4021000-7fb8a8000000 ---p 00000000 00:00 0 
7fb8a8072000-7fb8a8899000 r-xp 00000000 08:11 266291                     /usr/lib/x86_64-linux-gnu/dri/i965_dri.so
7fb8a8899000-7fb8a8a99000 ---p 00827000 08:11 266291                     /usr/lib/x86_64-linux-gnu/dri/i965_dri.so
7fb8a8a99000-7fb8a8ae9000 r--p 00827000 08:11 266291                     /usr/lib/x86_64-linux-gnu/dri/i965_dri.so
7fb8a8ae9000-7fb8a8af2000 rw-p 00877000 08:11 266291                     /usr/lib/x86_64-linux-gnu/dri/i965_dri.so
7fb8a8af2000-7fb8a8b59000 rw-p 00000000 00:00 0 
7fb8a8b59000-7fb8a8b5c000 ---p 00000000 00:00 0 
7fb8a8b5c000-7fb8a8c5a000 rw-p 00000000 00:00 0 
7fb8a8c5a000-7fb8a8c5d000 ---p 00000000 00:00 0 
7fb8a8c5d000-7fb8a8d5b000 rw-p 00000000 00:00 0 
7fb8a8d5b000-7fb8a8d5e000 ---p 00000000 00:00 0 
7fb8a8d5e000-7fb8a8e5c000 rw-p 00000000 00:00 0 
7fb8a8e5c000-7fb8a8e5f000 ---p 00000000 00:00 0 
7fb8a8e5f000-7fb8a8f5d000 rw-p 00000000 00:00 0 
7fb8a8f5d000-7fb8a8f60000 ---p 00000000 00:00 0 
7fb8a8f60000-7fb8a925e000 rw-p 00000000 00:00 0 
7fb8a925e000-7fb8a926e000 r-xp 00000000 08:11 266800                     /usr/lib/x86_64-linux-gnu/libdrm.so.2.4.0
7fb8a926e000-7fb8a946d000 ---p 00010000 08:11 266800                     /usr/lib/x86_64-linux-gnu/libdrm.so.2.4.0
7fb8a946d000-7fb8a946e000 r--p 0000f000 08:11 266800                     /usr/lib/x86_64-linux-gnu/libdrm.so.2.4.0
7fb8a946e000-7fb8a946f000 rw-p 00010000 08:11 266800                     /usr/lib/x86_64-linux-gnu/libdrm.so.2.4.0
7fb8a946f000-7fb8a9474000 r-xp 00000000 08:11 269950                     /usr/lib/x86_64-linux-gnu/libXxf86vm.so.1.0.0
7fb8a9474000-7fb8a9673000 ---p 00005000 08:11 269950                     /usr/lib/x86_64-linux-gnu/libXxf86vm.so.1.0.0
7fb8a9673000-7fb8a9674000 r--p 00004000 08:11 269950                     /usr/lib/x86_64-linux-gnu/libXxf86vm.so.1.0.0
7fb8a9674000-7fb8a9675000 rw-p 00005000 08:11 269950                     /usr/lib/x86_64-linux-gnu/libXxf86vm.so.1.0.0
7fb8a9675000-7fb8a9679000 r-xp 00000000 08:11 269221                     /usr/lib/x86_64-linux-gnu/libxcb-dri2.so.0.0.0
7fb8a9679000-7fb8a9878000 ---p 00004000 08:11 269221                     /usr/lib/x86_64-linux-gnu/libxcb-dri2.so.0.0.0
7fb8a9878000-7fb8a9879000 r--p 00003000 08:11 269221                     /usr/lib/x86_64-linux-gnu/libxcb-dri2.so.0.0.0
7fb8a9879000-7fb8a987a000 rw-p 00004000 08:11 269221                     /usr/lib/x86_64-linux-gnu/libxcb-dri2.so.0.0.0
7fb8a987a000-7fb8a9891000 r-xp 00000000 08:11 269948                     /usr/lib/x86_64-linux-gnu/libxcb-glx.so.0.0.0
7fb8a9891000-7fb8a9a90000 ---p 00017000 08:11 269948                     /usr/lib/x86_64-linux-gnu/libxcb-glx.so.0.0.0
7fb8a9a90000-7fb8a9a92000 r--p 00016000 08:11 269948                     /usr/lib/x86_64-linux-gnu/libxcb-glx.so.0.0.0
7fb8a9a92000-7fb8a9a93000 rw-p 00018000 08:11 269948                     /usr/lib/x86_64-linux-gnu/libxcb-glx.so.0.0.0
7fb8a9a93000-7fb8a9a94000 r-xp 00000000 08:11 269219                     /usr/lib/x86_64-linux-gnu/libX11-xcb.so.1.0.0
7fb8a9a94000-7fb8a9c93000 ---p 00001000 08:11 269219                     /usr/lib/x86_64-linux-gnu/libX11-xcb.so.1.0.0
7fb8a9c93000-7fb8a9c94000 r--p 00000000 08:11 269219                     /usr/lib/x86_64-linux-gnu/libX11-xcb.so.1.0.0
7fb8a9c94000-7fb8a9c95000 rw-p 00001000 08:11 269219                     /usr/lib/x86_64-linux-gnu/libX11-xcb.so.1.0.0
7fb8a9c95000-7fb8a9c97000 r-xp 00000000 08:11 269271                     /usr/lib/x86_64-linux-gnu/libXdamage.so.1.1.0
7fb8a9c97000-7fb8a9e96000 ---p 00002000 08:11 269271                     /usr/lib/x86_64-linux-gnu/libXdamage.so.1.1.0
7fb8a9e96000-7fb8a9e97000 r--p 00001000 08:11 269271                     /usr/lib/x86_64-linux-gnu/libXdamage.so.1.1.0
7fb8a9e97000-7fb8a9e98000 rw-p 00002000 08:11 269271                     /usr/lib/x86_64-linux-gnu/libXdamage.so.1.1.0
7fb8a9e98000-7fb8a9ec3000 r-xp 00000000 08:11 263466                     /usr/lib/x86_64-linux-gnu/libglapi.so.0.0.0
7fb8a9ec3000-7fb8aa0c2000 ---p 0002b000 08:11 263466                     /usr/lib/x86_64-linux-gnu/libglapi.so.0.0.0
7fb8aa0c2000-7fb8aa0c6000 r--p 0002a000 08:11 263466                     /usr/lib/x86_64-linux-gnu/libglapi.so.0.0.0
7fb8aa0c6000-7fb8aa0c7000 rw-p 0002e000 08:11 263466                     /usr/lib/x86_64-linux-gnu/libglapi.so.0.0.0
7fb8aa0c7000-7fb8aa0c8000 rw-p 00000000 00:00 0 
7fb8aa0c8000-7fb8aa0c9000 r-xp 00000000 08:11 269231                     /usr/lib/x86_64-linux-gnu/libxshmfence.so.1.0.0
7fb8aa0c9000-7fb8aa2c9000 ---p 00001000 08:11 269231                     /usr/lib/x86_64-linux-gnu/libxshmfence.so.1.0.0
7fb8aa2c9000-7fb8aa2ca000 r--p 00001000 08:11 269231                     /usr/lib/x86_64-linux-gnu/libxshmfence.so.1.0.0
7fb8aa2ca000-7fb8aa2cb000 rw-p 00002000 08:11 269231                     /usr/lib/x86_64-linux-gnu/libxshmfence.so.1.0.0
7fb8aa2cb000-7fb8aa2d0000 r-xp 00000000 08:11 269227                     /usr/lib/x86_64-linux-gnu/libxcb-sync.so.1.0.0
7fb8aa2d0000-7fb8aa4d0000 ---p 00005000 08:11 269227                     /usr/lib/x86_64-linux-gnu/libxcb-sync.so.1.0.0
7fb8aa4d0000-7fb8aa4d1000 r--p 00005000 08:11 269227                     /usr/lib/x86_64-linux-gnu/libxcb-sync.so.1.0.0
7fb8aa4d1000-7fb8aa4d2000 rw-p 00006000 08:11 269227                     /usr/lib/x86_64-linux-gnu/libxcb-sync.so.1.0.0
7fb8aa4d2000-7fb8aa4d4000 r-xp 00000000 08:11 269225                     /usr/lib/x86_64-linux-gnu/libxcb-present.so.0.0.0
7fb8aa4d4000-7fb8aa6d3000 ---p 00002000 08:11 269225                     /usr/lib/x86_64-linux-gnu/libxcb-present.so.0.0.0
7fb8aa6d3000-7fb8aa6d4000 r--p 00001000 08:11 269225                     /usr/lib/x86_64-linux-gnu/libxcb-present.so.0.0.0
7fb8aa6d4000-7fb8aa6d5000 rw-p 00002000 08:11 269225                     /usr/lib/x86_64-linux-gnu/libxcb-present.so.0.0.0
7fb8aa6d5000-7fb8aa6d7000 r-xp 00000000 08:11 269223                     /usr/lib/x86_64-linux-gnu/libxcb-dri3.so.0.0.0
7fb8aa6d7000-7fb8aa8d6000 ---p 00002000 08:11 269223                     /usr/lib/x86_64-linux-gnu/libxcb-dri3.so.0.0.0
7fb8aa8d6000-7fb8aa8d7000 r--p 00001000 08:11 269223                     /usr/lib/x86_64-linux-gnu/libxcb-dri3.so.0.0.0
7fb8aa8d7000-7fb8aa8d8000 rw-p 00002000 08:11 269223                     /usr/lib/x86_64-linux-gnu/libxcb-dri3.so.0.0.0
7fb8aa8d8000-7fb8aa8fe000 r-xp 00000000 08:11 1179928                    /lib/x86_64-linux-gnu/libexpat.so.1.6.0
7fb8aa8fe000-7fb8aaafe000 ---p 00026000 08:11 1179928                    /lib/x86_64-linux-gnu/libexpat.so.1.6.0
7fb8aaafe000-7fb8aab00000 r--p 00026000 08:11 1179928                    /lib/x86_64-linux-gnu/libexpat.so.1.6.0
7fb8aab00000-7fb8aab01000 rw-p 00028000 08:11 1179928                    /lib/x86_64-linux-gnu/libexpat.so.1.6.0
7fb8aab01000-7fb8aab17000 r-xp 00000000 08:11 1179766                    /lib/x86_64-linux-gnu/libnsl-2.23.so
7fb8aab17000-7fb8aad16000 ---p 00016000 08:11 1179766                    /lib/x86_64-linux-gnu/libnsl-2.23.so
7fb8aad16000-7fb8aad17000 r--p 00015000 08:11 1179766                    /lib/x86_64-linux-gnu/libnsl-2.23.so
7fb8aad17000-7fb8aad18000 rw-p 00016000 08:11 1179766                    /lib/x86_64-linux-gnu/libnsl-2.23.so
7fb8aad18000-7fb8aad1a000 rw-p 00000000 00:00 0 
7fb8aad1a000-7fb8aad88000 r-xp 00000000 08:11 393906                     /usr/lib/x86_64-linux-gnu/mesa/libGL.so.1.2.0
7fb8aad88000-7fb8aaf88000 ---p 0006e000 08:11 393906                     /usr/lib/x86_64-linux-gnu/mesa/libGL.so.1.2.0
7fb8aaf88000-7fb8aaf8b000 r--p 0006e000 08:11 393906                     /usr/lib/x86_64-linux-gnu/mesa/libGL.so.1.2.0
7fb8aaf8b000-7fb8aaf8c000 rw-p 00071000 08:11 393906                     /usr/lib/x86_64-linux-gnu/mesa/libGL.so.1.2.0
7fb8aaf8c000-7fb8aaf8d000 rw-p 00000000 00:00 0 
7fb8aaf8d000-7fb8aafae000 r-xp 00000000 08:11 819648                     /usr/lib/jni/libj3dcore-ogl.so
7fb8aafae000-7fb8ab1ae000 ---p 00021000 08:11 819648                     /usr/lib/jni/libj3dcore-ogl.so
7fb8ab1ae000-7fb8ab1af000 rw-p 00021000 08:11 819648                     /usr/lib/jni/libj3dcore-ogl.so
7fb8ab1af000-7fb8ab1b0000 r-xp 00000000 08:11 450436                     /usr/lib/jvm/java-8-oracle/jre/lib/amd64/libjawt.so
7fb8ab1b0000-7fb8ab3af000 ---p 00001000 08:11 450436                     /usr/lib/jvm/java-8-oracle/jre/lib/amd64/libjawt.so
7fb8ab3af000-7fb8ab3b0000 rw-p 00000000 08:11 450436                     /usr/lib/jvm/java-8-oracle/jre/lib/amd64/libjawt.so
7fb8ab3b0000-7fb8ab3c6000 r-xp 00000000 08:11 450442                     /usr/lib/jvm/java-8-oracle/jre/lib/amd64/libnet.so
7fb8ab3c6000-7fb8ab5c6000 ---p 00016000 08:11 450442                     /usr/lib/jvm/java-8-oracle/jre/lib/amd64/libnet.so
7fb8ab5c6000-7fb8ab5c7000 rw-p 00016000 08:11 450442                     /usr/lib/jvm/java-8-oracle/jre/lib/amd64/libnet.so
7fb8ab5c7000-7fb8ab5d8000 r-xp 00000000 08:11 450445                     /usr/lib/jvm/java-8-oracle/jre/lib/amd64/libnio.so
7fb8ab5d8000-7fb8ab7d7000 ---p 00011000 08:11 450445                     /usr/lib/jvm/java-8-oracle/jre/lib/amd64/libnio.so
7fb8ab7d7000-7fb8ab7d8000 rw-p 00010000 08:11 450445                     /usr/lib/jvm/java-8-oracle/jre/lib/amd64/libnio.so
7fb8ab7d8000-7fb8ab7db000 ---p 00000000 00:00 0 
7fb8ab7db000-7fb8ab8d9000 rw-p 00000000 00:00 0 
7fb8ab8d9000-7fb8ab8de000 r-xp 00000000 08:11 269267                     /usr/lib/x86_64-linux-gnu/libXfixes.so.3.1.0
7fb8ab8de000-7fb8abadd000 ---p 00005000 08:11 269267                     /usr/lib/x86_64-linux-gnu/libXfixes.so.3.1.0
7fb8abadd000-7fb8abade000 r--p 00004000 08:11 269267                     /usr/lib/x86_64-linux-gnu/libXfixes.so.3.1.0
7fb8abade000-7fb8abadf000 rw-p 00005000 08:11 269267                     /usr/lib/x86_64-linux-gnu/libXfixes.so.3.1.0
7fb8abadf000-7fb8abae8000 r-xp 00000000 08:11 268836                     /usr/lib/x86_64-linux-gnu/libXcursor.so.1.0.2
7fb8abae8000-7fb8abce7000 ---p 00009000 08:11 268836                     /usr/lib/x86_64-linux-gnu/libXcursor.so.1.0.2
7fb8abce7000-7fb8abce8000 r--p 00008000 08:11 268836                     /usr/lib/x86_64-linux-gnu/libXcursor.so.1.0.2
7fb8abce8000-7fb8abce9000 rw-p 00009000 08:11 268836                     /usr/lib/x86_64-linux-gnu/libXcursor.so.1.0.2
7fb8abce9000-7fb8abcec000 ---p 00000000 00:00 0 
7fb8abcec000-7fb8abdea000 rw-p 00000000 00:00 0 
7fb8abdea000-7fb8abe00000 r-xp 00000000 08:11 1179734                    /lib/x86_64-linux-gnu/libgcc_s.so.1
7fb8abe00000-7fb8abfff000 ---p 00016000 08:11 1179734                    /lib/x86_64-linux-gnu/libgcc_s.so.1
7fb8abfff000-7fb8ac000000 rw-p 00015000 08:11 1179734                    /lib/x86_64-linux-gnu/libgcc_s.so.1
7fb8ac000000-7fb8ac021000 rw-p 00000000 00:00 0 
7fb8ac021000-7fb8b0000000 ---p 00000000 00:00 0 
7fb8b0000000-7fb8b0021000 rw-p 00000000 00:00 0 
7fb8b0021000-7fb8b4000000 ---p 00000000 00:00 0 
7fb8b4000000-7fb8b492d000 rw-p 00000000 00:00 0 
7fb8b492d000-7fb8b8000000 ---p 00000000 00:00 0 
7fb8b8000000-7fb8b8d4f000 rw-p 00000000 00:00 0 
7fb8b8d4f000-7fb8bc000000 ---p 00000000 00:00 0 
7fb8bc000000-7fb8bc021000 rw-p 00000000 00:00 0 
7fb8bc021000-7fb8c0000000 ---p 00000000 00:00 0 
7fb8c0000000-7fb8c0b21000 rw-p 00000000 00:00 0 
7fb8c0b21000-7fb8c4000000 ---p 00000000 00:00 0 
7fb8c4000000-7fb8c4021000 rw-p 00000000 00:00 0 
7fb8c4021000-7fb8c8000000 ---p 00000000 00:00 0 
7fb8c8000000-7fb8c8021000 rw-p 00000000 00:00 0 
7fb8c8021000-7fb8cc000000 ---p 00000000 00:00 0 
7fb8cc000000-7fb8cc021000 rw-p 00000000 00:00 0 
7fb8cc021000-7fb8d0000000 ---p 00000000 00:00 0 
7fb8d0000000-7fb8d0290000 rw-p 00000000 00:00 0 
7fb8d0290000-7fb8d4000000 ---p 00000000 00:00 0 
7fb8d4000000-7fb8d4021000 rw-p 00000000 00:00 0 
7fb8d4021000-7fb8d8000000 ---p 00000000 00:00 0 
7fb8d8000000-7fb8d8021000 rw-p 00000000 00:00 0 
7fb8d8021000-7fb8dc000000 ---p 00000000 00:00 0 
7fb8dc000000-7fb8dc021000 rw-p 00000000 00:00 0 
7fb8dc021000-7fb8e0000000 ---p 00000000 00:00 0 
7fb8e00f5000-7fb8e015a000 r-xp 00000000 08:11 450421                     /usr/lib/jvm/java-8-oracle/jre/lib/amd64/libfontmanager.so
7fb8e015a000-7fb8e0359000 ---p 00065000 08:11 450421                     /usr/lib/jvm/java-8-oracle/jre/lib/amd64/libfontmanager.so
7fb8e0359000-7fb8e035e000 rw-p 00064000 08:11 450421                     /usr/lib/jvm/java-8-oracle/jre/lib/amd64/libfontmanager.so
7fb8e035e000-7fb8e036e000 rw-p 00000000 00:00 0 
7fb8e036e000-7fb8e0373000 r-xp 00000000 08:11 268964                     /usr/lib/x86_64-linux-gnu/libXdmcp.so.6.0.0
7fb8e0373000-7fb8e0572000 ---p 00005000 08:11 268964                     /usr/lib/x86_64-linux-gnu/libXdmcp.so.6.0.0
7fb8e0572000-7fb8e0573000 r--p 00004000 08:11 268964                     /usr/lib/x86_64-linux-gnu/libXdmcp.so.6.0.0
7fb8e0573000-7fb8e0574000 rw-p 00005000 08:11 268964                     /usr/lib/x86_64-linux-gnu/libXdmcp.so.6.0.0
7fb8e0574000-7fb8e0576000 r-xp 00000000 08:11 268962                     /usr/lib/x86_64-linux-gnu/libXau.so.6.0.0
7fb8e0576000-7fb8e0776000 ---p 00002000 08:11 268962                     /usr/lib/x86_64-linux-gnu/libXau.so.6.0.0
7fb8e0776000-7fb8e0777000 r--p 00002000 08:11 268962                     /usr/lib/x86_64-linux-gnu/libXau.so.6.0.0
7fb8e0777000-7fb8e0778000 rw-p 00003000 08:11 268962                     /usr/lib/x86_64-linux-gnu/libXau.so.6.0.0
7fb8e0778000-7fb8e0799000 r-xp 00000000 08:11 268966                     /usr/lib/x86_64-linux-gnu/libxcb.so.1.1.0
7fb8e0799000-7fb8e0998000 ---p 00021000 08:11 268966                     /usr/lib/x86_64-linux-gnu/libxcb.so.1.1.0
7fb8e0998000-7fb8e0999000 r--p 00020000 08:11 268966                     /usr/lib/x86_64-linux-gnu/libxcb.so.1.1.0
7fb8e0999000-7fb8e099a000 rw-p 00021000 08:11 268966                     /usr/lib/x86_64-linux-gnu/libxcb.so.1.1.0
7fb8e099a000-7fb8e09a9000 r-xp 00000000 08:11 269273                     /usr/lib/x86_64-linux-gnu/libXi.so.6.1.0
7fb8e09a9000-7fb8e0ba8000 ---p 0000f000 08:11 269273                     /usr/lib/x86_64-linux-gnu/libXi.so.6.1.0
7fb8e0ba8000-7fb8e0ba9000 r--p 0000e000 08:11 269273                     /usr/lib/x86_64-linux-gnu/libXi.so.6.1.0
7fb8e0ba9000-7fb8e0baa000 rw-p 0000f000 08:11 269273                     /usr/lib/x86_64-linux-gnu/libXi.so.6.1.0
7fb8e0baa000-7fb8e0baf000 r-xp 00000000 08:11 270164                     /usr/lib/x86_64-linux-gnu/libXtst.so.6.1.0
7fb8e0baf000-7fb8e0dae000 ---p 00005000 08:11 270164                     /usr/lib/x86_64-linux-gnu/libXtst.so.6.1.0
7fb8e0dae000-7fb8e0daf000 r--p 00004000 08:11 270164                     /usr/lib/x86_64-linux-gnu/libXtst.so.6.1.0
7fb8e0daf000-7fb8e0db0000 rw-p 00005000 08:11 270164                     /usr/lib/x86_64-linux-gnu/libXtst.so.6.1.0
7fb8e0db0000-7fb8e0db9000 r-xp 00000000 08:11 269086                     /usr/lib/x86_64-linux-gnu/libXrender.so.1.3.0
7fb8e0db9000-7fb8e0fb8000 ---p 00009000 08:11 269086                     /usr/lib/x86_64-linux-gnu/libXrender.so.1.3.0
7fb8e0fb8000-7fb8e0fb9000 r--p 00008000 08:11 269086                     /usr/lib/x86_64-linux-gnu/libXrender.so.1.3.0
7fb8e0fb9000-7fb8e0fba000 rw-p 00009000 08:11 269086                     /usr/lib/x86_64-linux-gnu/libXrender.so.1.3.0
7fb8e0fba000-7fb8e10ef000 r-xp 00000000 08:11 268969                     /usr/lib/x86_64-linux-gnu/libX11.so.6.3.0
7fb8e10ef000-7fb8e12ef000 ---p 00135000 08:11 268969                     /usr/lib/x86_64-linux-gnu/libX11.so.6.3.0
7fb8e12ef000-7fb8e12f0000 r--p 00135000 08:11 268969                     /usr/lib/x86_64-linux-gnu/libX11.so.6.3.0
7fb8e12f0000-7fb8e12f4000 rw-p 00136000 08:11 268969                     /usr/lib/x86_64-linux-gnu/libX11.so.6.3.0
7fb8e12f4000-7fb8e1305000 r-xp 00000000 08:11 268971                     /usr/lib/x86_64-linux-gnu/libXext.so.6.4.0
7fb8e1305000-7fb8e1504000 ---p 00011000 08:11 268971                     /usr/lib/x86_64-linux-gnu/libXext.so.6.4.0
7fb8e1504000-7fb8e1505000 r--p 00010000 08:11 268971                     /usr/lib/x86_64-linux-gnu/libXext.so.6.4.0
7fb8e1505000-7fb8e1506000 rw-p 00011000 08:11 268971                     /usr/lib/x86_64-linux-gnu/libXext.so.6.4.0
7fb8e150b000-7fb8e1515000 r--s 00116000 08:11 450335                     /usr/lib/jvm/java-8-oracle/jre/lib/ext/localedata.jar
7fb8e1515000-7fb8e1531000 r--s 00393000 08:11 450328                     /usr/lib/jvm/java-8-oracle/jre/lib/ext/cldrdata.jar
7fb8e1531000-7fb8e1532000 r--p 00000000 08:11 43937                      /usr/share/locale-langpack/en_GB/LC_MESSAGES/libc.mo
7fb8e1532000-7fb8e1586000 r-xp 00000000 08:11 450449                     /usr/lib/jvm/java-8-oracle/jre/lib/amd64/libawt_xawt.so
7fb8e1586000-7fb8e1786000 ---p 00054000 08:11 450449                     /usr/lib/jvm/java-8-oracle/jre/lib/amd64/libawt_xawt.so
7fb8e1786000-7fb8e178a000 rw-p 00054000 08:11 450449                     /usr/lib/jvm/java-8-oracle/jre/lib/amd64/libawt_xawt.so
7fb8e178a000-7fb8e178b000 rw-p 00000000 00:00 0 
7fb8e178b000-7fb8e182d000 r-xp 00000000 08:11 450434                     /usr/lib/jvm/java-8-oracle/jre/lib/amd64/libawt.so
7fb8e182d000-7fb8e1a2d000 ---p 000a2000 08:11 450434                     /usr/lib/jvm/java-8-oracle/jre/lib/amd64/libawt.so
7fb8e1a2d000-7fb8e1a39000 rw-p 000a2000 08:11 450434                     /usr/lib/jvm/java-8-oracle/jre/lib/amd64/libawt.so
7fb8e1a39000-7fb8e1a5d000 rw-p 00000000 00:00 0 
7fb8e1a5d000-7fb8e1a62000 r--s 002f9000 08:11 450224                     /usr/lib/jvm/java-8-oracle/jre/lib/charsets.jar
7fb8e1a62000-7fb8e1a6d000 r--s 0029e000 08:11 428352                     /usr/share/java/j3dcore-1.5.2+dfsg.jar
7fb8e1a6d000-7fb8e1a72000 r--s 00019000 08:11 416765                     /usr/share/java/aspectjrt-1.8.8.jar
7fb8e1a72000-7fb8e1a78000 r--s 0004f000 08:11 409625                     /usr/local/share/java/mail.jar
7fb8e1a78000-7fb8e1a7a000 r--s 0000c000 08:11 409627                     /usr/local/share/java/activation.jar
7fb8e1a7a000-7fb8e1a84000 r--s 000e8000 08:11 417416                     /usr/share/java/mysql-connector-java-5.1.38.jar
7fb8e1a84000-7fb8e1a92000 r--s 0018b000 08:11 428353                     /usr/share/java/j3dutils-1.5.2+dfsg.jar
7fb8e1a92000-7fb8e1a95000 r--s 00150000 08:11 409645                     /usr/local/share/java/j3daudio.jar
7fb8e1a95000-7fb8e1a97000 r--s 0004b000 08:11 428344                     /usr/share/java/vecmath-1.5.2.jar
7fb8e1a97000-7fb8e1a98000 ---p 00000000 00:00 0 
7fb8e1a98000-7fb8e1b98000 rw-p 00000000 00:00 0 
7fb8e1b98000-7fb8e1b9b000 ---p 00000000 00:00 0 
7fb8e1b9b000-7fb8e1c99000 rw-p 00000000 00:00 0 
7fb8e1c99000-7fb8e1c9c000 ---p 00000000 00:00 0 
7fb8e1c9c000-7fb8e1d9a000 rw-p 00000000 00:00 0 
7fb8e1d9a000-7fb8e1d9d000 ---p 00000000 00:00 0 
7fb8e1d9d000-7fb8e1e9b000 rw-p 00000000 00:00 0 
7fb8e1e9b000-7fb8e1e9e000 ---p 00000000 00:00 0 
7fb8e1e9e000-7fb8e1f9c000 rw-p 00000000 00:00 0 
7fb8e1f9c000-7fb8e1f9f000 ---p 00000000 00:00 0 
7fb8e1f9f000-7fb8e209d000 rw-p 00000000 00:00 0 
7fb8e209d000-7fb8e2375000 r--p 00000000 08:11 262845                     /usr/lib/locale/locale-archive
7fb8e2375000-7fb8e2378000 ---p 00000000 00:00 0 
7fb8e2378000-7fb8e2476000 rw-p 00000000 00:00 0 
7fb8e2476000-7fb8e2479000 ---p 00000000 00:00 0 
7fb8e2479000-7fb8e2577000 rw-p 00000000 00:00 0 
7fb8e2577000-7fb8e2578000 ---p 00000000 00:00 0 
7fb8e2578000-7fb8e3618000 rw-p 00000000 00:00 0 
7fb8e3618000-7fb8e37f2000 r--s 03d68000 08:11 450226                     /usr/lib/jvm/java-8-oracle/jre/lib/rt.jar
7fb8e37f2000-7fb8e81d1000 rw-p 00000000 00:00 0 
7fb8e81d1000-7fb8e81d2000 ---p 00000000 00:00 0 
7fb8e81d2000-7fb8e82d2000 rw-p 00000000 00:00 0 
7fb8e82d2000-7fb8e82d3000 ---p 00000000 00:00 0 
7fb8e82d3000-7fb8e83d3000 rw-p 00000000 00:00 0 
7fb8e83d3000-7fb8e83d4000 ---p 00000000 00:00 0 
7fb8e83d4000-7fb8e84d4000 rw-p 00000000 00:00 0 
7fb8e84d4000-7fb8e84d5000 ---p 00000000 00:00 0 
7fb8e84d5000-7fb8e8665000 rw-p 00000000 00:00 0 
7fb8e8665000-7fb8e8866000 ---p 00000000 00:00 0 
7fb8e8866000-7fb8e88f6000 rw-p 00000000 00:00 0 
7fb8e88f6000-7fb8e8af6000 ---p 00000000 00:00 0 
7fb8e8af6000-7fb8e8c0c000 rw-p 00000000 00:00 0 
7fb8e8c0c000-7fb8e8c3f000 ---p 00000000 00:00 0 
7fb8e8c3f000-7fb8e8c5a000 rw-p 00000000 00:00 0 
7fb8e8c5a000-7fb8e9000000 ---p 00000000 00:00 0 
7fb8e9000000-7fb8e9660000 rwxp 00000000 00:00 0 
7fb8e9660000-7fb8f8000000 ---p 00000000 00:00 0 
7fb8f8000000-7fb8f85ed000 rw-p 00000000 00:00 0 
7fb8f85ed000-7fb8fc000000 ---p 00000000 00:00 0 
7fb8fc000000-7fb8fc05b000 rw-p 00000000 00:00 0 
7fb8fc05b000-7fb8fc076000 r-xp 00000000 08:11 450438                     /usr/lib/jvm/java-8-oracle/jre/lib/amd64/libzip.so
7fb8fc076000-7fb8fc276000 ---p 0001b000 08:11 450438                     /usr/lib/jvm/java-8-oracle/jre/lib/amd64/libzip.so
7fb8fc276000-7fb8fc277000 rw-p 0001b000 08:11 450438                     /usr/lib/jvm/java-8-oracle/jre/lib/amd64/libzip.so
7fb8fc277000-7fb8fc2a2000 r-xp 00000000 08:11 450431                     /usr/lib/jvm/java-8-oracle/jre/lib/amd64/libjava.so
7fb8fc2a2000-7fb8fc4a1000 ---p 0002b000 08:11 450431                     /usr/lib/jvm/java-8-oracle/jre/lib/amd64/libjava.so
7fb8fc4a1000-7fb8fc4a3000 rw-p 0002a000 08:11 450431                     /usr/lib/jvm/java-8-oracle/jre/lib/amd64/libjava.so
7fb8fc4a3000-7fb8fc4b0000 r-xp 00000000 08:11 450437                     /usr/lib/jvm/java-8-oracle/jre/lib/amd64/libverify.so
7fb8fc4b0000-7fb8fc6b0000 ---p 0000d000 08:11 450437                     /usr/lib/jvm/java-8-oracle/jre/lib/amd64/libverify.so
7fb8fc6b0000-7fb8fc6b2000 rw-p 0000d000 08:11 450437                     /usr/lib/jvm/java-8-oracle/jre/lib/amd64/libverify.so
7fb8fc6b2000-7fb8fc6b9000 r-xp 00000000 08:11 1179805                    /lib/x86_64-linux-gnu/librt-2.23.so
7fb8fc6b9000-7fb8fc8b8000 ---p 00007000 08:11 1179805                    /lib/x86_64-linux-gnu/librt-2.23.so
7fb8fc8b8000-7fb8fc8b9000 r--p 00006000 08:11 1179805                    /lib/x86_64-linux-gnu/librt-2.23.so
7fb8fc8b9000-7fb8fc8ba000 rw-p 00007000 08:11 1179805                    /lib/x86_64-linux-gnu/librt-2.23.so
7fb8fc8ba000-7fb8fc9c2000 r-xp 00000000 08:11 1179763                    /lib/x86_64-linux-gnu/libm-2.23.so
7fb8fc9c2000-7fb8fcbc1000 ---p 00108000 08:11 1179763                    /lib/x86_64-linux-gnu/libm-2.23.so
7fb8fcbc1000-7fb8fcbc2000 r--p 00107000 08:11 1179763                    /lib/x86_64-linux-gnu/libm-2.23.so
7fb8fcbc2000-7fb8fcbc3000 rw-p 00108000 08:11 1179763                    /lib/x86_64-linux-gnu/libm-2.23.so
7fb8fcbc3000-7fb8fd89c000 r-xp 00000000 08:11 450458                     /usr/lib/jvm/java-8-oracle/jre/lib/amd64/server/libjvm.so
7fb8fd89c000-7fb8fda9b000 ---p 00cd9000 08:11 450458                     /usr/lib/jvm/java-8-oracle/jre/lib/amd64/server/libjvm.so
7fb8fda9b000-7fb8fdb75000 rw-p 00cd8000 08:11 450458                     /usr/lib/jvm/java-8-oracle/jre/lib/amd64/server/libjvm.so
7fb8fdb75000-7fb8fdbc0000 rw-p 00000000 00:00 0 
7fb8fdbc0000-7fb8fdd80000 r-xp 00000000 08:11 1179771                    /lib/x86_64-linux-gnu/libc-2.23.so
7fb8fdd80000-7fb8fdf80000 ---p 001c0000 08:11 1179771                    /lib/x86_64-linux-gnu/libc-2.23.so
7fb8fdf80000-7fb8fdf84000 r--p 001c0000 08:11 1179771                    /lib/x86_64-linux-gnu/libc-2.23.so
7fb8fdf84000-7fb8fdf86000 rw-p 001c4000 08:11 1179771                    /lib/x86_64-linux-gnu/libc-2.23.so
7fb8fdf86000-7fb8fdf8a000 rw-p 00000000 00:00 0 
7fb8fdf8a000-7fb8fdf8d000 r-xp 00000000 08:11 1179773                    /lib/x86_64-linux-gnu/libdl-2.23.so
7fb8fdf8d000-7fb8fe18c000 ---p 00003000 08:11 1179773                    /lib/x86_64-linux-gnu/libdl-2.23.so
7fb8fe18c000-7fb8fe18d000 r--p 00002000 08:11 1179773                    /lib/x86_64-linux-gnu/libdl-2.23.so
7fb8fe18d000-7fb8fe18e000 rw-p 00003000 08:11 1179773                    /lib/x86_64-linux-gnu/libdl-2.23.so
7fb8fe18e000-7fb8fe1a4000 r-xp 00000000 08:11 450138                     /usr/lib/jvm/java-8-oracle/lib/amd64/jli/libjli.so
7fb8fe1a4000-7fb8fe3a3000 ---p 00016000 08:11 450138                     /usr/lib/jvm/java-8-oracle/lib/amd64/jli/libjli.so
7fb8fe3a3000-7fb8fe3a4000 rw-p 00015000 08:11 450138                     /usr/lib/jvm/java-8-oracle/lib/amd64/jli/libjli.so
7fb8fe3a4000-7fb8fe3bc000 r-xp 00000000 08:11 1179770                    /lib/x86_64-linux-gnu/libpthread-2.23.so
7fb8fe3bc000-7fb8fe5bb000 ---p 00018000 08:11 1179770                    /lib/x86_64-linux-gnu/libpthread-2.23.so
7fb8fe5bb000-7fb8fe5bc000 r--p 00017000 08:11 1179770                    /lib/x86_64-linux-gnu/libpthread-2.23.so
7fb8fe5bc000-7fb8fe5bd000 rw-p 00018000 08:11 1179770                    /lib/x86_64-linux-gnu/libpthread-2.23.so
7fb8fe5bd000-7fb8fe5c1000 rw-p 00000000 00:00 0 
7fb8fe5c1000-7fb8fe5e7000 r-xp 00000000 08:11 1179767                    /lib/x86_64-linux-gnu/ld-2.23.so
7fb8fe5e7000-7fb8fe678000 rw-p 00000000 00:00 0 
7fb8fe678000-7fb8fe6b4000 r--s 00000000 08:11 1337281                    /var/cache/nscd/passwd
7fb8fe6b4000-7fb8fe6b7000 ---p 00000000 00:00 0 
7fb8fe6b7000-7fb8fe7ba000 rw-p 00000000 00:00 0 
7fb8fe7ba000-7fb8fe7bb000 r--s 00003000 08:11 409632                     /usr/local/share/java/galapagos.jar
7fb8fe7bb000-7fb8fe7dc000 rw-p 00000000 00:00 0 
7fb8fe7dc000-7fb8fe7e4000 rw-s 00000000 00:28 6759                       /tmp/hsperfdata_oo115/16823
7fb8fe7e4000-7fb8fe7e5000 rw-p 00000000 00:00 0 
7fb8fe7e5000-7fb8fe7e6000 ---p 00000000 00:00 0 
7fb8fe7e6000-7fb8fe7e7000 r--p 00025000 08:11 1179767                    /lib/x86_64-linux-gnu/ld-2.23.so
7fb8fe7e7000-7fb8fe7e8000 rw-p 00026000 08:11 1179767                    /lib/x86_64-linux-gnu/ld-2.23.so
7fb8fe7e8000-7fb8fe7e9000 rw-p 00000000 00:00 0 
7ffe5f3b6000-7ffe5f3d7000 rw-p 00000000 00:00 0                          [stack]
7ffe5f3e8000-7ffe5f3eb000 r--p 00000000 00:00 0                          [vvar]
7ffe5f3eb000-7ffe5f3ed000 r-xp 00000000 00:00 0                          [vdso]
ffffffffff600000-ffffffffff601000 r-xp 00000000 00:00 0                  [vsyscall]

VM Arguments:
jvm_args: -Dfile.encoding=UTF-8 
java_command: ChristmassTree
java_class_path (initial): /var/autofs/home/s_home/oo115/workspace/Java3D/bin
Launcher Type: SUN_STANDARD

Environment Variables:
PATH=/usr/local/sbin:/usr/local/bin:/usr/sbin:/usr/bin:/sbin:/bin:/usr/games:/usr/local/games:/snap/bin
SHELL=/bin/bash
DISPLAY=:0

Signal Handlers:
SIGSEGV: [libjvm.so+0xad0890], sa_mask[0]=11111111011111111101111111111110, sa_flags=SA_RESTART|SA_SIGINFO
SIGBUS: [libjvm.so+0xad0890], sa_mask[0]=11111111011111111101111111111110, sa_flags=SA_RESTART|SA_SIGINFO
SIGFPE: [libjvm.so+0x928640], sa_mask[0]=11111111011111111101111111111110, sa_flags=SA_RESTART|SA_SIGINFO
SIGPIPE: [libjvm.so+0x928640], sa_mask[0]=11111111011111111101111111111110, sa_flags=SA_RESTART|SA_SIGINFO
SIGXFSZ: [libjvm.so+0x928640], sa_mask[0]=11111111011111111101111111111110, sa_flags=SA_RESTART|SA_SIGINFO
SIGILL: [libjvm.so+0x928640], sa_mask[0]=11111111011111111101111111111110, sa_flags=SA_RESTART|SA_SIGINFO
SIGUSR1: SIG_DFL, sa_mask[0]=00000000000000000000000000000000, sa_flags=none
SIGUSR2: [libjvm.so+0x929ea0], sa_mask[0]=00100000000000000000000000000000, sa_flags=SA_RESTART|SA_SIGINFO
SIGHUP: [libjvm.so+0x92b2a0], sa_mask[0]=11111111011111111101111111111110, sa_flags=SA_RESTART|SA_SIGINFO
SIGINT: [libjvm.so+0x92b2a0], sa_mask[0]=11111111011111111101111111111110, sa_flags=SA_RESTART|SA_SIGINFO
SIGTERM: [libjvm.so+0x92b2a0], sa_mask[0]=11111111011111111101111111111110, sa_flags=SA_RESTART|SA_SIGINFO
SIGQUIT: [libjvm.so+0x92b2a0], sa_mask[0]=11111111011111111101111111111110, sa_flags=SA_RESTART|SA_SIGINFO


---------------  S Y S T E M  ---------------

OS:DISTRIB_ID=Ubuntu
DISTRIB_RELEASE=16.04
DISTRIB_CODENAME=xenial
DISTRIB_DESCRIPTION="Ubuntu 16.04.4 LTS"

uname:Linux 4.4.0-119-generic #143-Ubuntu SMP Mon Apr 2 16:08:24 UTC 2018 x86_64
libc:glibc 2.23 NPTL 2.23 
rlimit: STACK 8192k, CORE 0k, NPROC 31328, NOFILE 4096, AS infinity
load average:4.17 5.69 4.78

/proc/meminfo:
MemTotal:        8063012 kB
MemFree:          120776 kB
MemAvailable:      12200 kB
Buffers:             436 kB
Cached:           201156 kB
SwapCached:        13584 kB
Active:          6468540 kB
Inactive:        1247500 kB
Active(anon):    6462852 kB
Inactive(anon):  1241992 kB
Active(file):       5688 kB
Inactive(file):     5508 kB
Unevictable:         120 kB
Mlocked:             120 kB
SwapTotal:       8703996 kB
SwapFree:              0 kB
Dirty:                76 kB
Writeback:             0 kB
AnonPages:       7502076 kB
Mapped:            44276 kB
Shmem:            189844 kB
Slab:              86272 kB
SReclaimable:      41584 kB
SUnreclaim:        44688 kB
KernelStack:       16160 kB
PageTables:        66808 kB
NFS_Unstable:          0 kB
Bounce:                0 kB
WritebackTmp:          0 kB
CommitLimit:    12735500 kB
Committed_AS:   21569400 kB
VmallocTotal:   34359738367 kB
VmallocUsed:           0 kB
VmallocChunk:          0 kB
HardwareCorrupted:     0 kB
AnonHugePages:         0 kB
CmaTotal:              0 kB
CmaFree:               0 kB
HugePages_Total:       0
HugePages_Free:        0
HugePages_Rsvd:        0
HugePages_Surp:        0
Hugepagesize:       2048 kB
DirectMap4k:      240312 kB
DirectMap2M:     8036352 kB
DirectMap1G:     1048576 kB


CPU:total 4 (initial active 4) (4 cores per cpu, 1 threads per core) family 6 model 60 stepping 3, cmov, cx8, fxsr, mmx, sse, sse2, sse3, ssse3, sse4.1, sse4.2, popcnt, avx, avx2, aes, clmul, erms, lzcnt, tsc, tscinvbit, bmi1, bmi2

/proc/cpuinfo:
processor	: 0
vendor_id	: GenuineIntel
cpu family	: 6
model		: 60
model name	: Intel(R) Core(TM) i5-4690S CPU @ 3.20GHz
stepping	: 3
microcode	: 0x24
cpu MHz		: 3404.500
cache size	: 6144 KB
physical id	: 0
siblings	: 4
core id		: 0
cpu cores	: 4
apicid		: 0
initial apicid	: 0
fpu		: yes
fpu_exception	: yes
cpuid level	: 13
wp		: yes
flags		: fpu vme de pse tsc msr pae mce cx8 apic sep mtrr pge mca cmov pat pse36 clflush dts acpi mmx fxsr sse sse2 ss ht tm pbe syscall nx pdpe1gb rdtscp lm constant_tsc arch_perfmon pebs bts rep_good nopl xtopology nonstop_tsc aperfmperf eagerfpu pni pclmulqdq dtes64 monitor ds_cpl vmx smx est tm2 ssse3 sdbg fma cx16 xtpr pdcm pcid sse4_1 sse4_2 x2apic movbe popcnt tsc_deadline_timer aes xsave avx f16c rdrand lahf_lm abm epb invpcid_single spec_ctrl retpoline kaiser tpr_shadow vnmi flexpriority ept vpid fsgsbase tsc_adjust bmi1 avx2 smep bmi2 erms invpcid xsaveopt dtherm ida arat pln pts
bugs		: cpu_meltdown spectre_v1 spectre_v2
bogomips	: 6385.57
clflush size	: 64
cache_alignment	: 64
address sizes	: 39 bits physical, 48 bits virtual
power management:

processor	: 1
vendor_id	: GenuineIntel
cpu family	: 6
model		: 60
model name	: Intel(R) Core(TM) i5-4690S CPU @ 3.20GHz
stepping	: 3
microcode	: 0x24
cpu MHz		: 3193.000
cache size	: 6144 KB
physical id	: 0
siblings	: 4
core id		: 1
cpu cores	: 4
apicid		: 2
initial apicid	: 2
fpu		: yes
fpu_exception	: yes
cpuid level	: 13
wp		: yes
flags		: fpu vme de pse tsc msr pae mce cx8 apic sep mtrr pge mca cmov pat pse36 clflush dts acpi mmx fxsr sse sse2 ss ht tm pbe syscall nx pdpe1gb rdtscp lm constant_tsc arch_perfmon pebs bts rep_good nopl xtopology nonstop_tsc aperfmperf eagerfpu pni pclmulqdq dtes64 monitor ds_cpl vmx smx est tm2 ssse3 sdbg fma cx16 xtpr pdcm pcid sse4_1 sse4_2 x2apic movbe popcnt tsc_deadline_timer aes xsave avx f16c rdrand lahf_lm abm epb invpcid_single spec_ctrl retpoline kaiser tpr_shadow vnmi flexpriority ept vpid fsgsbase tsc_adjust bmi1 avx2 smep bmi2 erms invpcid xsaveopt dtherm ida arat pln pts
bugs		: cpu_meltdown spectre_v1 spectre_v2
bogomips	: 6385.57
clflush size	: 64
cache_alignment	: 64
address sizes	: 39 bits physical, 48 bits virtual
power management:

processor	: 2
vendor_id	: GenuineIntel
cpu family	: 6
model		: 60
model name	: Intel(R) Core(TM) i5-4690S CPU @ 3.20GHz
stepping	: 3
microcode	: 0x24
cpu MHz		: 3276.875
cache size	: 6144 KB
physical id	: 0
siblings	: 4
core id		: 2
cpu cores	: 4
apicid		: 4
initial apicid	: 4
fpu		: yes
fpu_exception	: yes
cpuid level	: 13
wp		: yes
flags		: fpu vme de pse tsc msr pae mce cx8 apic sep mtrr pge mca cmov pat pse36 clflush dts acpi mmx fxsr sse sse2 ss ht tm pbe syscall nx pdpe1gb rdtscp lm constant_tsc arch_perfmon pebs bts rep_good nopl xtopology nonstop_tsc aperfmperf eagerfpu pni pclmulqdq dtes64 monitor ds_cpl vmx smx est tm2 ssse3 sdbg fma cx16 xtpr pdcm pcid sse4_1 sse4_2 x2apic movbe popcnt tsc_deadline_timer aes xsave avx f16c rdrand lahf_lm abm epb invpcid_single spec_ctrl retpoline kaiser tpr_shadow vnmi flexpriority ept vpid fsgsbase tsc_adjust bmi1 avx2 smep bmi2 erms invpcid xsaveopt dtherm ida arat pln pts
bugs		: cpu_meltdown spectre_v1 spectre_v2
bogomips	: 6385.57
clflush size	: 64
cache_alignment	: 64
address sizes	: 39 bits physical, 48 bits virtual
power management:

processor	: 3
vendor_id	: GenuineIntel
cpu family	: 6
model		: 60
model name	: Intel(R) Core(TM) i5-4690S CPU @ 3.20GHz
stepping	: 3
microcode	: 0x24
cpu MHz		: 3329.375
cache size	: 6144 KB
physical id	: 0
siblings	: 4
core id		: 3
cpu cores	: 4
apicid		: 6
initial apicid	: 6
fpu		: yes
fpu_exception	: yes
cpuid level	: 13
wp		: yes
flags		: fpu vme de pse tsc msr pae mce cx8 apic sep mtrr pge mca cmov pat pse36 clflush dts acpi mmx fxsr sse sse2 ss ht tm pbe syscall nx pdpe1gb rdtscp lm constant_tsc arch_perfmon pebs bts rep_good nopl xtopology nonstop_tsc aperfmperf eagerfpu pni pclmulqdq dtes64 monitor ds_cpl vmx smx est tm2 ssse3 sdbg fma cx16 xtpr pdcm pcid sse4_1 sse4_2 x2apic movbe popcnt tsc_deadline_timer aes xsave avx f16c rdrand lahf_lm abm epb invpcid_single spec_ctrl retpoline kaiser tpr_shadow vnmi flexpriority ept vpid fsgsbase tsc_adjust bmi1 avx2 smep bmi2 erms invpcid xsaveopt dtherm ida arat pln pts
bugs		: cpu_meltdown spectre_v1 spectre_v2
bogomips	: 6385.57
clflush size	: 64
cache_alignment	: 64
address sizes	: 39 bits physical, 48 bits virtual
power management:



Memory: 4k page, physical 8063012k(120452k free), swap 8703996k(0k free)

vm_info: Java HotSpot(TM) 64-Bit Server VM (25.171-b11) for linux-amd64 JRE (1.8.0_171-b11), built on Mar 28 2018 17:07:08 by "java_re" with gcc 4.3.0 20080428 (Red Hat 4.3.0-8)

time: Tue Apr 24 13:26:20 2018
elapsed time: 4 seconds (0d 0h 0m 4s)

